Logging results to C:\Users\Ron\OneDrive - Technion\material\semester_7\0440167_-_Project_A\bicycle_mobileye\runs\detect\train5
Starting training for 200 epochs...

      Epoch    GPU_mem   box_loss   cls_loss   dfl_loss  Instances       Size
      1/200         0G      2.225      5.517      2.399         34        640: 100%|██████████| 32/32 [04:45<00:00,  8.91s/it]
                 Class     Images  Instances      Box(P          R      mAP50  mAP50-95): 100%|██████████| 4/4 [00:16<00:00,  4.01s/it]
                   all        200        355    0.00507      0.856      0.266      0.175

      Epoch    GPU_mem   box_loss   cls_loss   dfl_loss  Instances       Size
      2/200         0G      2.645      4.654      2.702         36        640: 100%|██████████| 32/32 [04:15<00:00,  7.98s/it]
                 Class     Images  Instances      Box(P          R      mAP50  mAP50-95): 100%|██████████| 4/4 [00:14<00:00,  3.56s/it]
                   all        200        355    0.00462       0.78     0.0854     0.0291

      Epoch    GPU_mem   box_loss   cls_loss   dfl_loss  Instances       Size
      3/200         0G      2.789      4.326      2.844         22        640: 100%|██████████| 32/32 [04:01<00:00,  7.56s/it]
                 Class     Images  Instances      Box(P          R      mAP50  mAP50-95): 100%|██████████| 4/4 [00:13<00:00,  3.40s/it]
                   all        200        355      0.205      0.315      0.176     0.0679

      Epoch    GPU_mem   box_loss   cls_loss   dfl_loss  Instances       Size
      4/200         0G      2.885       3.92      2.907         39        640: 100%|██████████| 32/32 [03:59<00:00,  7.48s/it]
                 Class     Images  Instances      Box(P          R      mAP50  mAP50-95): 100%|██████████| 4/4 [00:14<00:00,  3.74s/it]
                   all        200        355      0.166     0.0648     0.0393     0.0205

      Epoch    GPU_mem   box_loss   cls_loss   dfl_loss  Instances       Size
      5/200         0G       2.93      3.599      2.905         54        640: 100%|██████████| 32/32 [04:02<00:00,  7.58s/it]
                 Class     Images  Instances      Box(P          R      mAP50  mAP50-95): 100%|██████████| 4/4 [00:13<00:00,  3.35s/it]
                   all        200        355      0.254      0.276      0.172     0.0616

      Epoch    GPU_mem   box_loss   cls_loss   dfl_loss  Instances       Size
      6/200         0G      2.817      3.427      2.836         40        640: 100%|██████████| 32/32 [03:58<00:00,  7.47s/it]
                 Class     Images  Instances      Box(P          R      mAP50  mAP50-95): 100%|██████████| 4/4 [00:13<00:00,  3.39s/it]
                   all        200        355      0.363      0.339      0.274      0.119

      Epoch    GPU_mem   box_loss   cls_loss   dfl_loss  Instances       Size
      7/200         0G      2.821      3.229      2.855         14        640: 100%|██████████| 32/32 [03:58<00:00,  7.45s/it]
                 Class     Images  Instances      Box(P          R      mAP50  mAP50-95): 100%|██████████| 4/4 [00:13<00:00,  3.33s/it]
                   all        200        355      0.331      0.496      0.347      0.165

      Epoch    GPU_mem   box_loss   cls_loss   dfl_loss  Instances       Size
      8/200         0G      2.769      3.041      2.806         19        640: 100%|██████████| 32/32 [04:08<00:00,  7.76s/it]
                 Class     Images  Instances      Box(P          R      mAP50  mAP50-95): 100%|██████████| 4/4 [00:13<00:00,  3.29s/it]
                   all        200        355      0.524      0.394      0.451      0.253

      Epoch    GPU_mem   box_loss   cls_loss   dfl_loss  Instances       Size
      9/200         0G       2.71      2.916      2.768         42        640: 100%|██████████| 32/32 [03:57<00:00,  7.41s/it]
                 Class     Images  Instances      Box(P          R      mAP50  mAP50-95): 100%|██████████| 4/4 [00:13<00:00,  3.27s/it]
                   all        200        355      0.504      0.341      0.387      0.204

      Epoch    GPU_mem   box_loss   cls_loss   dfl_loss  Instances       Size
     10/200         0G      2.703      2.812      2.756         27        640: 100%|██████████| 32/32 [03:59<00:00,  7.47s/it]
                 Class     Images  Instances      Box(P          R      mAP50  mAP50-95): 100%|██████████| 4/4 [00:13<00:00,  3.34s/it]
                   all        200        355      0.586      0.589      0.607      0.371

      Epoch    GPU_mem   box_loss   cls_loss   dfl_loss  Instances       Size
     11/200         0G      2.594      2.701      2.704         29        640: 100%|██████████| 32/32 [03:57<00:00,  7.43s/it]
                 Class     Images  Instances      Box(P          R      mAP50  mAP50-95): 100%|██████████| 4/4 [00:13<00:00,  3.30s/it]
                   all        200        355      0.694      0.606      0.664      0.419

      Epoch    GPU_mem   box_loss   cls_loss   dfl_loss  Instances       Size
     12/200         0G      2.638      2.637      2.718         49        640: 100%|██████████| 32/32 [03:55<00:00,  7.36s/it]
                 Class     Images  Instances      Box(P          R      mAP50  mAP50-95): 100%|██████████| 4/4 [00:13<00:00,  3.27s/it]
                   all        200        355      0.627      0.499      0.545      0.297

      Epoch    GPU_mem   box_loss   cls_loss   dfl_loss  Instances       Size
     13/200         0G      2.558      2.623      2.661         47        640: 100%|██████████| 32/32 [03:55<00:00,  7.37s/it]
                 Class     Images  Instances      Box(P          R      mAP50  mAP50-95): 100%|██████████| 4/4 [00:13<00:00,  3.37s/it]
                   all        200        355      0.461      0.448      0.408      0.212

      Epoch    GPU_mem   box_loss   cls_loss   dfl_loss  Instances       Size
     14/200         0G      2.521      2.527      2.633         61        640: 100%|██████████| 32/32 [03:58<00:00,  7.45s/it]
                 Class     Images  Instances      Box(P          R      mAP50  mAP50-95): 100%|██████████| 4/4 [00:13<00:00,  3.34s/it]
                   all        200        355      0.759      0.611      0.713      0.466

      Epoch    GPU_mem   box_loss   cls_loss   dfl_loss  Instances       Size
     15/200         0G      2.542       2.54      2.644         40        640: 100%|██████████| 32/32 [04:03<00:00,  7.60s/it]
                 Class     Images  Instances      Box(P          R      mAP50  mAP50-95): 100%|██████████| 4/4 [00:13<00:00,  3.40s/it]
                   all        200        355      0.788      0.676      0.783      0.578

      Epoch    GPU_mem   box_loss   cls_loss   dfl_loss  Instances       Size
     16/200         0G      2.511      2.434        2.6         37        640: 100%|██████████| 32/32 [03:56<00:00,  7.40s/it]
                 Class     Images  Instances      Box(P          R      mAP50  mAP50-95): 100%|██████████| 4/4 [00:13<00:00,  3.32s/it]
                   all        200        355      0.778      0.668      0.749      0.467

      Epoch    GPU_mem   box_loss   cls_loss   dfl_loss  Instances       Size
     17/200         0G       2.48      2.402      2.611         68        640: 100%|██████████| 32/32 [03:54<00:00,  7.33s/it]
                 Class     Images  Instances      Box(P          R      mAP50  mAP50-95): 100%|██████████| 4/4 [00:13<00:00,  3.37s/it]
                   all        200        355      0.611      0.617      0.636      0.372

      Epoch    GPU_mem   box_loss   cls_loss   dfl_loss  Instances       Size
     18/200         0G       2.46      2.391      2.581         46        640: 100%|██████████| 32/32 [04:04<00:00,  7.65s/it]
                 Class     Images  Instances      Box(P          R      mAP50  mAP50-95): 100%|██████████| 4/4 [00:13<00:00,  3.36s/it]
                   all        200        355      0.804       0.69      0.805      0.584

      Epoch    GPU_mem   box_loss   cls_loss   dfl_loss  Instances       Size
     19/200         0G      2.465      2.318      2.594         30        640: 100%|██████████| 32/32 [04:00<00:00,  7.52s/it]
                 Class     Images  Instances      Box(P          R      mAP50  mAP50-95): 100%|██████████| 4/4 [00:13<00:00,  3.36s/it]
                   all        200        355      0.739      0.696      0.765      0.556

      Epoch    GPU_mem   box_loss   cls_loss   dfl_loss  Instances       Size
     20/200         0G      2.425       2.32      2.599         19        640: 100%|██████████| 32/32 [03:56<00:00,  7.39s/it]
                 Class     Images  Instances      Box(P          R      mAP50  mAP50-95): 100%|██████████| 4/4 [00:13<00:00,  3.34s/it]
                   all        200        355      0.879      0.634      0.794      0.601

      Epoch    GPU_mem   box_loss   cls_loss   dfl_loss  Instances       Size
     21/200         0G      2.394      2.332      2.542         46        640: 100%|██████████| 32/32 [03:59<00:00,  7.47s/it]
                 Class     Images  Instances      Box(P          R      mAP50  mAP50-95): 100%|██████████| 4/4 [00:13<00:00,  3.28s/it]
                   all        200        355      0.778      0.707      0.793      0.599

      Epoch    GPU_mem   box_loss   cls_loss   dfl_loss  Instances       Size
     22/200         0G      2.403      2.305      2.552         52        640: 100%|██████████| 32/32 [03:51<00:00,  7.24s/it]
                 Class     Images  Instances      Box(P          R      mAP50  mAP50-95): 100%|██████████| 4/4 [00:13<00:00,  3.39s/it]
                   all        200        355      0.772      0.589      0.685      0.434

      Epoch    GPU_mem   box_loss   cls_loss   dfl_loss  Instances       Size
     23/200         0G      2.353      2.253      2.514         26        640: 100%|██████████| 32/32 [03:56<00:00,  7.39s/it]
                 Class     Images  Instances      Box(P          R      mAP50  mAP50-95): 100%|██████████| 4/4 [00:13<00:00,  3.35s/it]
                   all        200        355       0.83      0.665      0.805      0.619

      Epoch    GPU_mem   box_loss   cls_loss   dfl_loss  Instances       Size
     24/200         0G      2.357      2.201      2.505         45        640: 100%|██████████| 32/32 [04:01<00:00,  7.55s/it]
                 Class     Images  Instances      Box(P          R      mAP50  mAP50-95): 100%|██████████| 4/4 [00:13<00:00,  3.31s/it]
                   all        200        355      0.837      0.696      0.811      0.606

      Epoch    GPU_mem   box_loss   cls_loss   dfl_loss  Instances       Size
     25/200         0G      2.309      2.168      2.492         69        640: 100%|██████████| 32/32 [03:56<00:00,  7.41s/it]
                 Class     Images  Instances      Box(P          R      mAP50  mAP50-95): 100%|██████████| 4/4 [00:13<00:00,  3.37s/it]
                   all        200        355      0.809       0.75      0.838      0.625

      Epoch    GPU_mem   box_loss   cls_loss   dfl_loss  Instances       Size
     26/200         0G      2.374      2.146      2.529         35        640: 100%|██████████| 32/32 [04:13<00:00,  7.94s/it]
                 Class     Images  Instances      Box(P          R      mAP50  mAP50-95): 100%|██████████| 4/4 [00:13<00:00,  3.33s/it]
                   all        200        355      0.871      0.679      0.812      0.606

      Epoch    GPU_mem   box_loss   cls_loss   dfl_loss  Instances       Size
     27/200         0G      2.324       2.11      2.508         38        640: 100%|██████████| 32/32 [03:58<00:00,  7.45s/it]
                 Class     Images  Instances      Box(P          R      mAP50  mAP50-95): 100%|██████████| 4/4 [00:13<00:00,  3.32s/it]
                   all        200        355      0.864      0.698      0.842      0.648

      Epoch    GPU_mem   box_loss   cls_loss   dfl_loss  Instances       Size
     28/200         0G       2.29      2.036      2.467         20        640: 100%|██████████| 32/32 [03:59<00:00,  7.50s/it]
                 Class     Images  Instances      Box(P          R      mAP50  mAP50-95): 100%|██████████| 4/4 [00:13<00:00,  3.31s/it]
                   all        200        355      0.845      0.687      0.812      0.596

      Epoch    GPU_mem   box_loss   cls_loss   dfl_loss  Instances       Size
     29/200         0G      2.339       2.09      2.501         54        640: 100%|██████████| 32/32 [03:53<00:00,  7.30s/it]
                 Class     Images  Instances      Box(P          R      mAP50  mAP50-95): 100%|██████████| 4/4 [00:13<00:00,  3.37s/it]
                   all        200        355      0.838      0.721      0.812      0.613

      Epoch    GPU_mem   box_loss   cls_loss   dfl_loss  Instances       Size
     30/200         0G      2.275      2.047      2.456         51        640: 100%|██████████| 32/32 [03:52<00:00,  7.25s/it]
                 Class     Images  Instances      Box(P          R      mAP50  mAP50-95): 100%|██████████| 4/4 [00:13<00:00,  3.34s/it]
                   all        200        355      0.801      0.712      0.829       0.61

      Epoch    GPU_mem   box_loss   cls_loss   dfl_loss  Instances       Size
     31/200         0G      2.264      2.047      2.479         26        640: 100%|██████████| 32/32 [03:53<00:00,  7.29s/it]
                 Class     Images  Instances      Box(P          R      mAP50  mAP50-95): 100%|██████████| 4/4 [00:13<00:00,  3.33s/it]
                   all        200        355       0.82      0.749      0.844      0.646

      Epoch    GPU_mem   box_loss   cls_loss   dfl_loss  Instances       Size
     32/200         0G      2.286      2.063      2.479         32        640: 100%|██████████| 32/32 [03:54<00:00,  7.33s/it]
                 Class     Images  Instances      Box(P          R      mAP50  mAP50-95): 100%|██████████| 4/4 [00:13<00:00,  3.36s/it]
                   all        200        355      0.795      0.709      0.802      0.605

      Epoch    GPU_mem   box_loss   cls_loss   dfl_loss  Instances       Size
     33/200         0G      2.273      2.017      2.456         29        640: 100%|██████████| 32/32 [03:53<00:00,  7.30s/it]
                 Class     Images  Instances      Box(P          R      mAP50  mAP50-95): 100%|██████████| 4/4 [00:13<00:00,  3.36s/it]
                   all        200        355      0.782      0.708      0.807      0.583

      Epoch    GPU_mem   box_loss   cls_loss   dfl_loss  Instances       Size
     34/200         0G      2.258      1.992      2.469         39        640: 100%|██████████| 32/32 [03:59<00:00,  7.50s/it]
                 Class     Images  Instances      Box(P          R      mAP50  mAP50-95): 100%|██████████| 4/4 [00:13<00:00,  3.36s/it]
                   all        200        355      0.816      0.725      0.818      0.642

      Epoch    GPU_mem   box_loss   cls_loss   dfl_loss  Instances       Size
     35/200         0G      2.178      1.853      2.414         43        640: 100%|██████████| 32/32 [03:55<00:00,  7.37s/it]
                 Class     Images  Instances      Box(P          R      mAP50  mAP50-95): 100%|██████████| 4/4 [00:13<00:00,  3.39s/it]
                   all        200        355      0.841      0.682      0.779      0.578

      Epoch    GPU_mem   box_loss   cls_loss   dfl_loss  Instances       Size
     36/200         0G      2.169      1.897      2.401         32        640: 100%|██████████| 32/32 [03:57<00:00,  7.43s/it]
                 Class     Images  Instances      Box(P          R      mAP50  mAP50-95): 100%|██████████| 4/4 [00:13<00:00,  3.37s/it]
                   all        200        355      0.785      0.775      0.837      0.616

      Epoch    GPU_mem   box_loss   cls_loss   dfl_loss  Instances       Size
     37/200         0G      2.192      1.914      2.418         34        640: 100%|██████████| 32/32 [03:55<00:00,  7.36s/it]
                 Class     Images  Instances      Box(P          R      mAP50  mAP50-95): 100%|██████████| 4/4 [00:13<00:00,  3.33s/it]
                   all        200        355      0.861      0.732      0.852      0.647

      Epoch    GPU_mem   box_loss   cls_loss   dfl_loss  Instances       Size
     38/200         0G      2.225       1.94      2.433         33        640: 100%|██████████| 32/32 [03:59<00:00,  7.48s/it]
                 Class     Images  Instances      Box(P          R      mAP50  mAP50-95): 100%|██████████| 4/4 [00:13<00:00,  3.38s/it]
                   all        200        355      0.873      0.757      0.868      0.682

      Epoch    GPU_mem   box_loss   cls_loss   dfl_loss  Instances       Size
     39/200         0G      2.146      1.831      2.386         40        640: 100%|██████████| 32/32 [03:58<00:00,  7.46s/it]
                 Class     Images  Instances      Box(P          R      mAP50  mAP50-95): 100%|██████████| 4/4 [00:13<00:00,  3.39s/it]
                   all        200        355      0.865       0.73       0.86      0.678

      Epoch    GPU_mem   box_loss   cls_loss   dfl_loss  Instances       Size
     40/200         0G      2.149      1.826      2.394         49        640: 100%|██████████| 32/32 [03:56<00:00,  7.40s/it]
                 Class     Images  Instances      Box(P          R      mAP50  mAP50-95): 100%|██████████| 4/4 [00:13<00:00,  3.42s/it]
                   all        200        355      0.812      0.727      0.808       0.61

      Epoch    GPU_mem   box_loss   cls_loss   dfl_loss  Instances       Size
     41/200         0G      2.161      1.831      2.396         43        640: 100%|██████████| 32/32 [04:04<00:00,  7.63s/it]
                 Class     Images  Instances      Box(P          R      mAP50  mAP50-95): 100%|██████████| 4/4 [00:13<00:00,  3.38s/it]
                   all        200        355      0.861      0.766      0.884      0.682

      Epoch    GPU_mem   box_loss   cls_loss   dfl_loss  Instances       Size
     42/200         0G      2.143      1.794      2.393         57        640: 100%|██████████| 32/32 [03:56<00:00,  7.40s/it]
                 Class     Images  Instances      Box(P          R      mAP50  mAP50-95): 100%|██████████| 4/4 [00:13<00:00,  3.38s/it]
                   all        200        355      0.833      0.799       0.88       0.69

      Epoch    GPU_mem   box_loss   cls_loss   dfl_loss  Instances       Size
     43/200         0G      2.104      1.769      2.347         41        640: 100%|██████████| 32/32 [04:06<00:00,  7.71s/it]
                 Class     Images  Instances      Box(P          R      mAP50  mAP50-95): 100%|██████████| 4/4 [00:13<00:00,  3.37s/it]
                   all        200        355      0.845       0.72      0.833      0.601

      Epoch    GPU_mem   box_loss   cls_loss   dfl_loss  Instances       Size
     44/200         0G      2.124      1.779      2.375         38        640: 100%|██████████| 32/32 [03:55<00:00,  7.37s/it]
                 Class     Images  Instances      Box(P          R      mAP50  mAP50-95): 100%|██████████| 4/4 [00:13<00:00,  3.42s/it]
                   all        200        355      0.805      0.802      0.877      0.689

      Epoch    GPU_mem   box_loss   cls_loss   dfl_loss  Instances       Size
     45/200         0G      2.121      1.775      2.355         42        640: 100%|██████████| 32/32 [03:57<00:00,  7.41s/it]
                 Class     Images  Instances      Box(P          R      mAP50  mAP50-95): 100%|██████████| 4/4 [00:13<00:00,  3.36s/it]
                   all        200        355      0.841      0.744      0.843      0.644

      Epoch    GPU_mem   box_loss   cls_loss   dfl_loss  Instances       Size
     46/200         0G      2.115      1.806      2.362         38        640: 100%|██████████| 32/32 [04:00<00:00,  7.52s/it]
                 Class     Images  Instances      Box(P          R      mAP50  mAP50-95): 100%|██████████| 4/4 [00:13<00:00,  3.43s/it]
                   all        200        355      0.817      0.758      0.845      0.657

      Epoch    GPU_mem   box_loss   cls_loss   dfl_loss  Instances       Size
     47/200         0G      2.071      1.705      2.337         27        640: 100%|██████████| 32/32 [04:05<00:00,  7.66s/it]
                 Class     Images  Instances      Box(P          R      mAP50  mAP50-95): 100%|██████████| 4/4 [00:13<00:00,  3.36s/it]
                   all        200        355      0.898      0.718       0.86      0.681

      Epoch    GPU_mem   box_loss   cls_loss   dfl_loss  Instances       Size
     48/200         0G       2.08      1.771      2.361         38        640: 100%|██████████| 32/32 [03:57<00:00,  7.42s/it]
                 Class     Images  Instances      Box(P          R      mAP50  mAP50-95): 100%|██████████| 4/4 [00:13<00:00,  3.40s/it]
                   all        200        355      0.891      0.699      0.854      0.649

      Epoch    GPU_mem   box_loss   cls_loss   dfl_loss  Instances       Size
     49/200         0G       2.09      1.721      2.353         43        640: 100%|██████████| 32/32 [04:02<00:00,  7.57s/it]
                 Class     Images  Instances      Box(P          R      mAP50  mAP50-95): 100%|██████████| 4/4 [00:13<00:00,  3.42s/it]
                   all        200        355      0.879      0.718      0.858      0.664

      Epoch    GPU_mem   box_loss   cls_loss   dfl_loss  Instances       Size
     50/200         0G      2.032      1.689      2.327         35        640: 100%|██████████| 32/32 [03:58<00:00,  7.45s/it]
                 Class     Images  Instances      Box(P          R      mAP50  mAP50-95): 100%|██████████| 4/4 [00:13<00:00,  3.39s/it]
                   all        200        355      0.798        0.8      0.858       0.66

      Epoch    GPU_mem   box_loss   cls_loss   dfl_loss  Instances       Size
     51/200         0G      2.061      1.723      2.341         44        640: 100%|██████████| 32/32 [04:00<00:00,  7.52s/it]
                 Class     Images  Instances      Box(P          R      mAP50  mAP50-95): 100%|██████████| 4/4 [00:13<00:00,  3.33s/it]
                   all        200        355      0.833      0.808      0.887      0.704

      Epoch    GPU_mem   box_loss   cls_loss   dfl_loss  Instances       Size
     52/200         0G      2.074      1.716      2.324         33        640: 100%|██████████| 32/32 [03:54<00:00,  7.34s/it]
                 Class     Images  Instances      Box(P          R      mAP50  mAP50-95): 100%|██████████| 4/4 [00:13<00:00,  3.35s/it]
                   all        200        355      0.821       0.78      0.877      0.702

      Epoch    GPU_mem   box_loss   cls_loss   dfl_loss  Instances       Size
     53/200         0G      2.012      1.673      2.308         45        640: 100%|██████████| 32/32 [03:51<00:00,  7.24s/it]
                 Class     Images  Instances      Box(P          R      mAP50  mAP50-95): 100%|██████████| 4/4 [00:13<00:00,  3.38s/it]
                   all        200        355      0.861      0.701      0.829       0.64

      Epoch    GPU_mem   box_loss   cls_loss   dfl_loss  Instances       Size
     54/200         0G      2.072      1.704      2.316         90        640: 100%|██████████| 32/32 [03:54<00:00,  7.33s/it]
                 Class     Images  Instances      Box(P          R      mAP50  mAP50-95): 100%|██████████| 4/4 [00:13<00:00,  3.34s/it]
                   all        200        355      0.855      0.794      0.876        0.7

      Epoch    GPU_mem   box_loss   cls_loss   dfl_loss  Instances       Size
     55/200         0G      1.996      1.666       2.29         30        640: 100%|██████████| 32/32 [04:04<00:00,  7.65s/it]
                 Class     Images  Instances      Box(P          R      mAP50  mAP50-95): 100%|██████████| 4/4 [00:13<00:00,  3.36s/it]
                   all        200        355      0.794      0.808      0.856      0.671

      Epoch    GPU_mem   box_loss   cls_loss   dfl_loss  Instances       Size
     56/200         0G      1.957      1.624      2.277         30        640: 100%|██████████| 32/32 [03:59<00:00,  7.47s/it]
                 Class     Images  Instances      Box(P          R      mAP50  mAP50-95): 100%|██████████| 4/4 [00:13<00:00,  3.36s/it]
                   all        200        355      0.827       0.77      0.861       0.67

      Epoch    GPU_mem   box_loss   cls_loss   dfl_loss  Instances       Size
     57/200         0G      2.039      1.623      2.322         32        640: 100%|██████████| 32/32 [03:58<00:00,  7.47s/it]
                 Class     Images  Instances      Box(P          R      mAP50  mAP50-95): 100%|██████████| 4/4 [00:13<00:00,  3.36s/it]
                   all        200        355      0.864       0.77      0.884      0.697

      Epoch    GPU_mem   box_loss   cls_loss   dfl_loss  Instances       Size
     58/200         0G      1.986      1.631      2.278         31        640: 100%|██████████| 32/32 [03:51<00:00,  7.24s/it]
                 Class     Images  Instances      Box(P          R      mAP50  mAP50-95): 100%|██████████| 4/4 [00:13<00:00,  3.45s/it]
                   all        200        355      0.881      0.772      0.888      0.693

      Epoch    GPU_mem   box_loss   cls_loss   dfl_loss  Instances       Size
     59/200         0G      1.998      1.595        2.3         25        640: 100%|██████████| 32/32 [03:57<00:00,  7.43s/it]
                 Class     Images  Instances      Box(P          R      mAP50  mAP50-95): 100%|██████████| 4/4 [00:13<00:00,  3.36s/it]
                   all        200        355      0.883      0.775      0.889      0.706

      Epoch    GPU_mem   box_loss   cls_loss   dfl_loss  Instances       Size
     60/200         0G      1.957      1.584      2.276         35        640: 100%|██████████| 32/32 [03:54<00:00,  7.34s/it]
                 Class     Images  Instances      Box(P          R      mAP50  mAP50-95): 100%|██████████| 4/4 [00:13<00:00,  3.36s/it]
                   all        200        355      0.861       0.78      0.883      0.701

      Epoch    GPU_mem   box_loss   cls_loss   dfl_loss  Instances       Size
     61/200         0G      2.003      1.595      2.275         81        640: 100%|██████████| 32/32 [03:54<00:00,  7.34s/it]
                 Class     Images  Instances      Box(P          R      mAP50  mAP50-95): 100%|██████████| 4/4 [00:13<00:00,  3.38s/it]
                   all        200        355       0.88      0.718      0.842       0.65

      Epoch    GPU_mem   box_loss   cls_loss   dfl_loss  Instances       Size
     62/200         0G      2.014      1.612       2.28         34        640: 100%|██████████| 32/32 [03:56<00:00,  7.39s/it]
                 Class     Images  Instances      Box(P          R      mAP50  mAP50-95): 100%|██████████| 4/4 [00:14<00:00,  3.55s/it]
                   all        200        355      0.866      0.749      0.853      0.668

      Epoch    GPU_mem   box_loss   cls_loss   dfl_loss  Instances       Size
     63/200         0G      1.975      1.575      2.282         50        640: 100%|██████████| 32/32 [04:26<00:00,  8.34s/it]
                 Class     Images  Instances      Box(P          R      mAP50  mAP50-95): 100%|██████████| 4/4 [00:14<00:00,  3.69s/it]
                   all        200        355      0.883      0.785      0.885      0.706

      Epoch    GPU_mem   box_loss   cls_loss   dfl_loss  Instances       Size
     64/200         0G      1.893      1.506      2.238         37        640: 100%|██████████| 32/32 [05:19<00:00,  9.98s/it]
                 Class     Images  Instances      Box(P          R      mAP50  mAP50-95): 100%|██████████| 4/4 [00:14<00:00,  3.63s/it]
                   all        200        355      0.857      0.817      0.899      0.716

      Epoch    GPU_mem   box_loss   cls_loss   dfl_loss  Instances       Size
     65/200         0G      1.947      1.517      2.271         31        640: 100%|██████████| 32/32 [04:54<00:00,  9.19s/it]
                 Class     Images  Instances      Box(P          R      mAP50  mAP50-95): 100%|██████████| 4/4 [00:13<00:00,  3.48s/it]
                   all        200        355      0.857      0.758      0.872      0.686

      Epoch    GPU_mem   box_loss   cls_loss   dfl_loss  Instances       Size
     66/200         0G      1.885      1.533      2.255         36        640: 100%|██████████| 32/32 [04:11<00:00,  7.86s/it]
                 Class     Images  Instances      Box(P          R      mAP50  mAP50-95): 100%|██████████| 4/4 [00:13<00:00,  3.43s/it]
                   all        200        355      0.812      0.803       0.88      0.701

      Epoch    GPU_mem   box_loss   cls_loss   dfl_loss  Instances       Size
     67/200         0G      1.884      1.497      2.263         28        640: 100%|██████████| 32/32 [04:25<00:00,  8.29s/it]
                 Class     Images  Instances      Box(P          R      mAP50  mAP50-95): 100%|██████████| 4/4 [00:14<00:00,  3.59s/it]
                   all        200        355      0.825      0.752      0.835      0.658

      Epoch    GPU_mem   box_loss   cls_loss   dfl_loss  Instances       Size
     68/200         0G      1.918      1.466      2.261         33        640: 100%|██████████| 32/32 [04:20<00:00,  8.13s/it]
                 Class     Images  Instances      Box(P          R      mAP50  mAP50-95): 100%|██████████| 4/4 [00:14<00:00,  3.61s/it]
                   all        200        355      0.873      0.763      0.885      0.694

      Epoch    GPU_mem   box_loss   cls_loss   dfl_loss  Instances       Size
     69/200         0G      1.918      1.531      2.227         29        640: 100%|██████████| 32/32 [04:02<00:00,  7.59s/it]
                 Class     Images  Instances      Box(P          R      mAP50  mAP50-95): 100%|██████████| 4/4 [00:13<00:00,  3.37s/it]
                   all        200        355      0.862      0.775      0.881      0.702

      Epoch    GPU_mem   box_loss   cls_loss   dfl_loss  Instances       Size
     70/200         0G      1.899       1.48      2.223         42        640: 100%|██████████| 32/32 [04:04<00:00,  7.63s/it]
                 Class     Images  Instances      Box(P          R      mAP50  mAP50-95): 100%|██████████| 4/4 [00:13<00:00,  3.46s/it]
                   all        200        355       0.83      0.786      0.877      0.713

      Epoch    GPU_mem   box_loss   cls_loss   dfl_loss  Instances       Size
     71/200         0G      1.896      1.462      2.226         35        640: 100%|██████████| 32/32 [03:57<00:00,  7.42s/it]
                 Class     Images  Instances      Box(P          R      mAP50  mAP50-95): 100%|██████████| 4/4 [00:13<00:00,  3.40s/it]
                   all        200        355      0.834       0.78      0.879      0.702

      Epoch    GPU_mem   box_loss   cls_loss   dfl_loss  Instances       Size
     72/200         0G      1.886      1.464      2.238         28        640: 100%|██████████| 32/32 [04:02<00:00,  7.56s/it]
                 Class     Images  Instances      Box(P          R      mAP50  mAP50-95): 100%|██████████| 4/4 [00:13<00:00,  3.43s/it]
                   all        200        355      0.867      0.773       0.87      0.702

      Epoch    GPU_mem   box_loss   cls_loss   dfl_loss  Instances       Size
     73/200         0G      1.884      1.426      2.206         29        640: 100%|██████████| 32/32 [03:54<00:00,  7.32s/it]
                 Class     Images  Instances      Box(P          R      mAP50  mAP50-95): 100%|██████████| 4/4 [00:13<00:00,  3.33s/it]
                   all        200        355      0.829      0.794      0.883        0.7

      Epoch    GPU_mem   box_loss   cls_loss   dfl_loss  Instances       Size
     74/200         0G      1.873      1.463      2.211         36        640: 100%|██████████| 32/32 [03:59<00:00,  7.47s/it]
                 Class     Images  Instances      Box(P          R      mAP50  mAP50-95): 100%|██████████| 4/4 [00:14<00:00,  3.69s/it]
                   all        200        355      0.896      0.704      0.849      0.671

      Epoch    GPU_mem   box_loss   cls_loss   dfl_loss  Instances       Size
     75/200         0G      1.855      1.423      2.208         42        640: 100%|██████████| 32/32 [04:13<00:00,  7.94s/it]
                 Class     Images  Instances      Box(P          R      mAP50  mAP50-95): 100%|██████████| 4/4 [00:14<00:00,  3.68s/it]
                   all        200        355      0.865      0.766      0.877      0.698

      Epoch    GPU_mem   box_loss   cls_loss   dfl_loss  Instances       Size
     76/200         0G      1.869      1.455      2.217         47        640: 100%|██████████| 32/32 [04:09<00:00,  7.80s/it]
                 Class     Images  Instances      Box(P          R      mAP50  mAP50-95): 100%|██████████| 4/4 [00:14<00:00,  3.71s/it]
                   all        200        355      0.801      0.772      0.862       0.68

      Epoch    GPU_mem   box_loss   cls_loss   dfl_loss  Instances       Size
     77/200         0G      1.873      1.414      2.204         48        640: 100%|██████████| 32/32 [04:13<00:00,  7.92s/it]
                 Class     Images  Instances      Box(P          R      mAP50  mAP50-95): 100%|██████████| 4/4 [00:13<00:00,  3.43s/it]
                   all        200        355       0.83      0.808      0.882      0.724

      Epoch    GPU_mem   box_loss   cls_loss   dfl_loss  Instances       Size
     78/200         0G      1.849      1.398      2.206         49        640: 100%|██████████| 32/32 [04:19<00:00,  8.10s/it]
                 Class     Images  Instances      Box(P          R      mAP50  mAP50-95): 100%|██████████| 4/4 [00:13<00:00,  3.43s/it]
                   all        200        355      0.789      0.833      0.871      0.694

      Epoch    GPU_mem   box_loss   cls_loss   dfl_loss  Instances       Size
     79/200         0G      1.874      1.432      2.222         51        640: 100%|██████████| 32/32 [03:54<00:00,  7.31s/it]
                 Class     Images  Instances      Box(P          R      mAP50  mAP50-95): 100%|██████████| 4/4 [00:13<00:00,  3.44s/it]
                   all        200        355      0.909      0.766      0.892      0.729

      Epoch    GPU_mem   box_loss   cls_loss   dfl_loss  Instances       Size
     80/200         0G       1.86      1.402      2.219         34        640: 100%|██████████| 32/32 [04:09<00:00,  7.79s/it]
                 Class     Images  Instances      Box(P          R      mAP50  mAP50-95): 100%|██████████| 4/4 [00:14<00:00,  3.52s/it]
                   all        200        355       0.84      0.792      0.863      0.688

      Epoch    GPU_mem   box_loss   cls_loss   dfl_loss  Instances       Size
     81/200         0G      1.843       1.37      2.202         29        640: 100%|██████████| 32/32 [03:58<00:00,  7.44s/it]
                 Class     Images  Instances      Box(P          R      mAP50  mAP50-95): 100%|██████████| 4/4 [00:15<00:00,  3.75s/it]
                   all        200        355      0.876      0.803      0.895       0.73

      Epoch    GPU_mem   box_loss   cls_loss   dfl_loss  Instances       Size
     82/200         0G      1.827      1.404      2.186         75        640: 100%|██████████| 32/32 [04:02<00:00,  7.58s/it]
                 Class     Images  Instances      Box(P          R      mAP50  mAP50-95): 100%|██████████| 4/4 [00:14<00:00,  3.60s/it]
                   all        200        355      0.868      0.808      0.901      0.734

      Epoch    GPU_mem   box_loss   cls_loss   dfl_loss  Instances       Size
     83/200         0G      1.809      1.398      2.184         27        640: 100%|██████████| 32/32 [04:01<00:00,  7.55s/it]
                 Class     Images  Instances      Box(P          R      mAP50  mAP50-95): 100%|██████████| 4/4 [00:14<00:00,  3.54s/it]
                   all        200        355      0.856      0.808       0.89      0.724

      Epoch    GPU_mem   box_loss   cls_loss   dfl_loss  Instances       Size
     84/200         0G      1.814      1.386      2.188         50        640: 100%|██████████| 32/32 [04:00<00:00,  7.52s/it]
                 Class     Images  Instances      Box(P          R      mAP50  mAP50-95): 100%|██████████| 4/4 [00:14<00:00,  3.55s/it]
                   all        200        355      0.832      0.834      0.893      0.736

      Epoch    GPU_mem   box_loss   cls_loss   dfl_loss  Instances       Size
     85/200         0G      1.849      1.354      2.172         39        640: 100%|██████████| 32/32 [04:05<00:00,  7.67s/it]
                 Class     Images  Instances      Box(P          R      mAP50  mAP50-95): 100%|██████████| 4/4 [00:13<00:00,  3.34s/it]
                   all        200        355      0.875       0.79      0.899      0.735

      Epoch    GPU_mem   box_loss   cls_loss   dfl_loss  Instances       Size
     86/200         0G      1.822      1.352      2.174         39        640: 100%|██████████| 32/32 [04:02<00:00,  7.57s/it]
                 Class     Images  Instances      Box(P          R      mAP50  mAP50-95): 100%|██████████| 4/4 [00:14<00:00,  3.57s/it]
                   all        200        355      0.777      0.846      0.879      0.716

      Epoch    GPU_mem   box_loss   cls_loss   dfl_loss  Instances       Size
     87/200         0G      1.763      1.303      2.149         46        640: 100%|██████████| 32/32 [03:59<00:00,  7.48s/it]
                 Class     Images  Instances      Box(P          R      mAP50  mAP50-95): 100%|██████████| 4/4 [00:13<00:00,  3.41s/it]
                   all        200        355      0.867      0.794      0.884      0.715

      Epoch    GPU_mem   box_loss   cls_loss   dfl_loss  Instances       Size
     88/200         0G      1.769      1.339      2.153         54        640: 100%|██████████| 32/32 [04:06<00:00,  7.69s/it]
                 Class     Images  Instances      Box(P          R      mAP50  mAP50-95): 100%|██████████| 4/4 [00:14<00:00,  3.54s/it]
                   all        200        355      0.887      0.796        0.9      0.718

      Epoch    GPU_mem   box_loss   cls_loss   dfl_loss  Instances       Size
     89/200         0G      1.753      1.324       2.18         34        640: 100%|██████████| 32/32 [04:02<00:00,  7.57s/it]
                 Class     Images  Instances      Box(P          R      mAP50  mAP50-95): 100%|██████████| 4/4 [00:14<00:00,  3.71s/it]
                   all        200        355      0.828      0.816      0.898      0.725

      Epoch    GPU_mem   box_loss   cls_loss   dfl_loss  Instances       Size
     90/200         0G       1.79      1.312      2.155         31        640: 100%|██████████| 32/32 [04:00<00:00,  7.52s/it]
                 Class     Images  Instances      Box(P          R      mAP50  mAP50-95): 100%|██████████| 4/4 [00:13<00:00,  3.26s/it]
                   all        200        355      0.895       0.77      0.893       0.73

      Epoch    GPU_mem   box_loss   cls_loss   dfl_loss  Instances       Size
     91/200         0G      1.776       1.35      2.158         29        640: 100%|██████████| 32/32 [04:03<00:00,  7.60s/it]
                 Class     Images  Instances      Box(P          R      mAP50  mAP50-95): 100%|██████████| 4/4 [00:14<00:00,  3.52s/it]
                   all        200        355      0.867      0.789      0.879      0.703

      Epoch    GPU_mem   box_loss   cls_loss   dfl_loss  Instances       Size
     92/200         0G      1.744      1.287       2.15         50        640: 100%|██████████| 32/32 [03:58<00:00,  7.46s/it]
                 Class     Images  Instances      Box(P          R      mAP50  mAP50-95): 100%|██████████| 4/4 [00:14<00:00,  3.73s/it]
                   all        200        355      0.838      0.772      0.866      0.695

      Epoch    GPU_mem   box_loss   cls_loss   dfl_loss  Instances       Size
     93/200         0G      1.726       1.26      2.134         31        640: 100%|██████████| 32/32 [04:01<00:00,  7.54s/it]
                 Class     Images  Instances      Box(P          R      mAP50  mAP50-95): 100%|██████████| 4/4 [00:13<00:00,  3.31s/it]
                   all        200        355      0.811      0.844      0.891      0.717

      Epoch    GPU_mem   box_loss   cls_loss   dfl_loss  Instances       Size
     94/200         0G      1.732      1.352      2.154         40        640: 100%|██████████| 32/32 [04:01<00:00,  7.56s/it]
                 Class     Images  Instances      Box(P          R      mAP50  mAP50-95): 100%|██████████| 4/4 [00:13<00:00,  3.43s/it]
                   all        200        355      0.874      0.797      0.893      0.737

      Epoch    GPU_mem   box_loss   cls_loss   dfl_loss  Instances       Size
     95/200         0G      1.811      1.318      2.153         65        640: 100%|██████████| 32/32 [04:07<00:00,  7.72s/it]
                 Class     Images  Instances      Box(P          R      mAP50  mAP50-95): 100%|██████████| 4/4 [00:14<00:00,  3.52s/it]
                   all        200        355      0.854      0.808      0.883      0.725

      Epoch    GPU_mem   box_loss   cls_loss   dfl_loss  Instances       Size
     96/200         0G      1.704      1.273      2.142         49        640: 100%|██████████| 32/32 [03:59<00:00,  7.48s/it]
                 Class     Images  Instances      Box(P          R      mAP50  mAP50-95): 100%|██████████| 4/4 [00:13<00:00,  3.31s/it]
                   all        200        355      0.854      0.807      0.881      0.726

      Epoch    GPU_mem   box_loss   cls_loss   dfl_loss  Instances       Size
     97/200         0G      1.733      1.282      2.134         40        640: 100%|██████████| 32/32 [04:05<00:00,  7.66s/it]
                 Class     Images  Instances      Box(P          R      mAP50  mAP50-95): 100%|██████████| 4/4 [00:14<00:00,  3.73s/it]
                   all        200        355      0.835      0.796      0.863      0.698

      Epoch    GPU_mem   box_loss   cls_loss   dfl_loss  Instances       Size
     98/200         0G      1.743      1.256      2.126        100        640: 100%|██████████| 32/32 [04:22<00:00,  8.19s/it]
                 Class     Images  Instances      Box(P          R      mAP50  mAP50-95): 100%|██████████| 4/4 [00:14<00:00,  3.54s/it]
                   all        200        355      0.829      0.823      0.889      0.733

      Epoch    GPU_mem   box_loss   cls_loss   dfl_loss  Instances       Size
     99/200         0G      1.731      1.254      2.108         58        640: 100%|██████████| 32/32 [04:03<00:00,  7.60s/it]
                 Class     Images  Instances      Box(P          R      mAP50  mAP50-95): 100%|██████████| 4/4 [00:14<00:00,  3.75s/it]
                   all        200        355      0.891      0.802      0.903      0.734

      Epoch    GPU_mem   box_loss   cls_loss   dfl_loss  Instances       Size
    100/200         0G      1.733      1.275      2.139         32        640: 100%|██████████| 32/32 [04:09<00:00,  7.80s/it]
                 Class     Images  Instances      Box(P          R      mAP50  mAP50-95): 100%|██████████| 4/4 [00:13<00:00,  3.37s/it]
                   all        200        355      0.894      0.811      0.898      0.728

      Epoch    GPU_mem   box_loss   cls_loss   dfl_loss  Instances       Size
    101/200         0G      1.726      1.276       2.14         34        640: 100%|██████████| 32/32 [04:03<00:00,  7.60s/it]
                 Class     Images  Instances      Box(P          R      mAP50  mAP50-95): 100%|██████████| 4/4 [00:14<00:00,  3.68s/it]
                   all        200        355      0.875      0.772      0.873      0.702

      Epoch    GPU_mem   box_loss   cls_loss   dfl_loss  Instances       Size
    102/200         0G      1.718      1.251      2.107         43        640: 100%|██████████| 32/32 [04:05<00:00,  7.68s/it]
                 Class     Images  Instances      Box(P          R      mAP50  mAP50-95): 100%|██████████| 4/4 [00:13<00:00,  3.43s/it]
                   all        200        355      0.798      0.858      0.894       0.74

      Epoch    GPU_mem   box_loss   cls_loss   dfl_loss  Instances       Size
    103/200         0G      1.713      1.223      2.119         28        640: 100%|██████████| 32/32 [04:04<00:00,  7.64s/it]
                 Class     Images  Instances      Box(P          R      mAP50  mAP50-95): 100%|██████████| 4/4 [00:13<00:00,  3.28s/it]
                   all        200        355      0.837      0.831      0.894      0.725

      Epoch    GPU_mem   box_loss   cls_loss   dfl_loss  Instances       Size
    104/200         0G      1.707      1.272      2.129         48        640: 100%|██████████| 32/32 [03:46<00:00,  7.09s/it]
                 Class     Images  Instances      Box(P          R      mAP50  mAP50-95): 100%|██████████| 4/4 [00:13<00:00,  3.28s/it]
                   all        200        355      0.876      0.786      0.882       0.72

      Epoch    GPU_mem   box_loss   cls_loss   dfl_loss  Instances       Size
    105/200         0G       1.68      1.216      2.102         42        640: 100%|██████████| 32/32 [03:50<00:00,  7.20s/it]
                 Class     Images  Instances      Box(P          R      mAP50  mAP50-95): 100%|██████████| 4/4 [00:13<00:00,  3.31s/it]
                   all        200        355      0.876      0.835      0.906      0.749

      Epoch    GPU_mem   box_loss   cls_loss   dfl_loss  Instances       Size
    106/200         0G      1.684      1.218      2.111         25        640: 100%|██████████| 32/32 [03:49<00:00,  7.16s/it]
                 Class     Images  Instances      Box(P          R      mAP50  mAP50-95): 100%|██████████| 4/4 [00:13<00:00,  3.29s/it]
                   all        200        355      0.876      0.817        0.9      0.738

      Epoch    GPU_mem   box_loss   cls_loss   dfl_loss  Instances       Size
    107/200         0G      1.702      1.205      2.118         25        640: 100%|██████████| 32/32 [03:44<00:00,  7.01s/it]
                 Class     Images  Instances      Box(P          R      mAP50  mAP50-95): 100%|██████████| 4/4 [00:13<00:00,  3.28s/it]
                   all        200        355      0.882       0.82      0.899      0.731

      Epoch    GPU_mem   box_loss   cls_loss   dfl_loss  Instances       Size
    108/200         0G      1.676      1.209      2.109         16        640: 100%|██████████| 32/32 [03:48<00:00,  7.15s/it]
                 Class     Images  Instances      Box(P          R      mAP50  mAP50-95): 100%|██████████| 4/4 [00:13<00:00,  3.32s/it]
                   all        200        355      0.835      0.808      0.871      0.707

      Epoch    GPU_mem   box_loss   cls_loss   dfl_loss  Instances       Size
    109/200         0G      1.704      1.214       2.11         34        640: 100%|██████████| 32/32 [03:51<00:00,  7.24s/it]
                 Class     Images  Instances      Box(P          R      mAP50  mAP50-95): 100%|██████████| 4/4 [00:13<00:00,  3.31s/it]
                   all        200        355      0.818      0.811      0.888      0.713

      Epoch    GPU_mem   box_loss   cls_loss   dfl_loss  Instances       Size
    110/200         0G      1.643      1.153      2.074         40        640: 100%|██████████| 32/32 [03:46<00:00,  7.06s/it]
                 Class     Images  Instances      Box(P          R      mAP50  mAP50-95): 100%|██████████| 4/4 [00:13<00:00,  3.27s/it]
                   all        200        355      0.855      0.795      0.885      0.719

      Epoch    GPU_mem   box_loss   cls_loss   dfl_loss  Instances       Size
    111/200         0G      1.654      1.161      2.099         51        640: 100%|██████████| 32/32 [03:45<00:00,  7.05s/it]
                 Class     Images  Instances      Box(P          R      mAP50  mAP50-95): 100%|██████████| 4/4 [00:13<00:00,  3.31s/it]
                   all        200        355      0.851      0.828      0.899      0.733

      Epoch    GPU_mem   box_loss   cls_loss   dfl_loss  Instances       Size
    112/200         0G      1.634      1.153      2.079         39        640: 100%|██████████| 32/32 [03:48<00:00,  7.14s/it]
                 Class     Images  Instances      Box(P          R      mAP50  mAP50-95): 100%|██████████| 4/4 [00:13<00:00,  3.31s/it]
                   all        200        355      0.823      0.806      0.874      0.712

      Epoch    GPU_mem   box_loss   cls_loss   dfl_loss  Instances       Size
    113/200         0G      1.653      1.186      2.084         30        640: 100%|██████████| 32/32 [03:47<00:00,  7.11s/it]
                 Class     Images  Instances      Box(P          R      mAP50  mAP50-95): 100%|██████████| 4/4 [00:13<00:00,  3.26s/it]
                   all        200        355      0.866      0.825      0.896      0.731

      Epoch    GPU_mem   box_loss   cls_loss   dfl_loss  Instances       Size
    114/200         0G      1.606       1.15      2.059         37        640: 100%|██████████| 32/32 [03:48<00:00,  7.14s/it]
                 Class     Images  Instances      Box(P          R      mAP50  mAP50-95): 100%|██████████| 4/4 [00:13<00:00,  3.28s/it]
                   all        200        355      0.885      0.808      0.895      0.731

      Epoch    GPU_mem   box_loss   cls_loss   dfl_loss  Instances       Size
    115/200         0G      1.689      1.212      2.095         50        640: 100%|██████████| 32/32 [03:50<00:00,  7.21s/it]
                 Class     Images  Instances      Box(P          R      mAP50  mAP50-95): 100%|██████████| 4/4 [00:13<00:00,  3.31s/it]
                   all        200        355      0.902      0.797      0.898      0.733

      Epoch    GPU_mem   box_loss   cls_loss   dfl_loss  Instances       Size
    116/200         0G      1.592      1.149      2.068         30        640: 100%|██████████| 32/32 [03:47<00:00,  7.11s/it]
                 Class     Images  Instances      Box(P          R      mAP50  mAP50-95): 100%|██████████| 4/4 [00:12<00:00,  3.25s/it]
                   all        200        355      0.848      0.802      0.892      0.733

      Epoch    GPU_mem   box_loss   cls_loss   dfl_loss  Instances       Size
    117/200         0G      1.648      1.157      2.082         57        640: 100%|██████████| 32/32 [03:47<00:00,  7.12s/it]
                 Class     Images  Instances      Box(P          R      mAP50  mAP50-95): 100%|██████████| 4/4 [00:13<00:00,  3.32s/it]
                   all        200        355      0.831      0.848      0.895      0.744

      Epoch    GPU_mem   box_loss   cls_loss   dfl_loss  Instances       Size
    118/200         0G       1.67      1.151      2.087         25        640: 100%|██████████| 32/32 [03:49<00:00,  7.18s/it]
                 Class     Images  Instances      Box(P          R      mAP50  mAP50-95): 100%|██████████| 4/4 [00:13<00:00,  3.29s/it]
                   all        200        355      0.869      0.838      0.898      0.742

      Epoch    GPU_mem   box_loss   cls_loss   dfl_loss  Instances       Size
    119/200         0G      1.635      1.162      2.073         31        640: 100%|██████████| 32/32 [03:46<00:00,  7.07s/it]
                 Class     Images  Instances      Box(P          R      mAP50  mAP50-95): 100%|██████████| 4/4 [00:13<00:00,  3.32s/it]
                   all        200        355       0.85       0.83      0.904      0.751

      Epoch    GPU_mem   box_loss   cls_loss   dfl_loss  Instances       Size
    120/200         0G       1.57      1.109      2.051         39        640: 100%|██████████| 32/32 [03:49<00:00,  7.17s/it]
                 Class     Images  Instances      Box(P          R      mAP50  mAP50-95): 100%|██████████| 4/4 [00:13<00:00,  3.30s/it]
                   all        200        355      0.863      0.818      0.903      0.742

      Epoch    GPU_mem   box_loss   cls_loss   dfl_loss  Instances       Size
    121/200         0G      1.608      1.131      2.076         41        640: 100%|██████████| 32/32 [03:49<00:00,  7.17s/it]
                 Class     Images  Instances      Box(P          R      mAP50  mAP50-95): 100%|██████████| 4/4 [00:13<00:00,  3.32s/it]
                   all        200        355      0.907      0.825      0.907      0.755

      Epoch    GPU_mem   box_loss   cls_loss   dfl_loss  Instances       Size
    122/200         0G      1.639      1.118       2.06         41        640: 100%|██████████| 32/32 [03:46<00:00,  7.07s/it]
                 Class     Images  Instances      Box(P          R      mAP50  mAP50-95): 100%|██████████| 4/4 [00:13<00:00,  3.31s/it]
                   all        200        355      0.866      0.828      0.915      0.759

      Epoch    GPU_mem   box_loss   cls_loss   dfl_loss  Instances       Size
    123/200         0G      1.572      1.133      2.044         34        640: 100%|██████████| 32/32 [03:48<00:00,  7.16s/it]
                 Class     Images  Instances      Box(P          R      mAP50  mAP50-95): 100%|██████████| 4/4 [00:13<00:00,  3.29s/it]
                   all        200        355      0.834      0.823      0.889      0.726

      Epoch    GPU_mem   box_loss   cls_loss   dfl_loss  Instances       Size
    124/200         0G      1.589      1.103      2.069         48        640: 100%|██████████| 32/32 [03:50<00:00,  7.19s/it]
                 Class     Images  Instances      Box(P          R      mAP50  mAP50-95): 100%|██████████| 4/4 [00:13<00:00,  3.29s/it]
                   all        200        355      0.886      0.809      0.901      0.749

      Epoch    GPU_mem   box_loss   cls_loss   dfl_loss  Instances       Size
    125/200         0G      1.569      1.101      2.032         70        640: 100%|██████████| 32/32 [03:48<00:00,  7.14s/it]
                 Class     Images  Instances      Box(P          R      mAP50  mAP50-95): 100%|██████████| 4/4 [00:13<00:00,  3.30s/it]
                   all        200        355      0.841        0.8      0.884       0.72

      Epoch    GPU_mem   box_loss   cls_loss   dfl_loss  Instances       Size
    126/200         0G      1.561      1.091      2.048         41        640: 100%|██████████| 32/32 [03:46<00:00,  7.08s/it]
                 Class     Images  Instances      Box(P          R      mAP50  mAP50-95): 100%|██████████| 4/4 [00:13<00:00,  3.29s/it]
                   all        200        355      0.862      0.812      0.894      0.741

      Epoch    GPU_mem   box_loss   cls_loss   dfl_loss  Instances       Size
    127/200         0G       1.57      1.098      2.044         30        640: 100%|██████████| 32/32 [03:53<00:00,  7.29s/it]
                 Class     Images  Instances      Box(P          R      mAP50  mAP50-95): 100%|██████████| 4/4 [00:13<00:00,  3.28s/it]
                   all        200        355      0.857      0.823      0.897      0.744

      Epoch    GPU_mem   box_loss   cls_loss   dfl_loss  Instances       Size
    128/200         0G      1.564      1.127      2.049         30        640: 100%|██████████| 32/32 [03:52<00:00,  7.27s/it]
                 Class     Images  Instances      Box(P          R      mAP50  mAP50-95): 100%|██████████| 4/4 [00:13<00:00,  3.34s/it]
                   all        200        355      0.841       0.82      0.896      0.731

      Epoch    GPU_mem   box_loss   cls_loss   dfl_loss  Instances       Size
    129/200         0G      1.565      1.077      2.055         46        640: 100%|██████████| 32/32 [03:52<00:00,  7.26s/it]
                 Class     Images  Instances      Box(P          R      mAP50  mAP50-95): 100%|██████████| 4/4 [00:13<00:00,  3.27s/it]
                   all        200        355      0.875       0.82      0.899      0.738

      Epoch    GPU_mem   box_loss   cls_loss   dfl_loss  Instances       Size
    130/200         0G      1.551      1.071      2.047         51        640: 100%|██████████| 32/32 [03:46<00:00,  7.07s/it]
                 Class     Images  Instances      Box(P          R      mAP50  mAP50-95): 100%|██████████| 4/4 [00:13<00:00,  3.26s/it]
                   all        200        355       0.85       0.82      0.897      0.745

      Epoch    GPU_mem   box_loss   cls_loss   dfl_loss  Instances       Size
    131/200         0G      1.511      1.044      2.028         37        640: 100%|██████████| 32/32 [03:53<00:00,  7.31s/it]
                 Class     Images  Instances      Box(P          R      mAP50  mAP50-95): 100%|██████████| 4/4 [00:13<00:00,  3.33s/it]
                   all        200        355      0.897      0.805      0.902      0.745

      Epoch    GPU_mem   box_loss   cls_loss   dfl_loss  Instances       Size
    132/200         0G       1.54      1.054      2.059         36        640: 100%|██████████| 32/32 [03:46<00:00,  7.09s/it]
                 Class     Images  Instances      Box(P          R      mAP50  mAP50-95): 100%|██████████| 4/4 [00:13<00:00,  3.32s/it]
                   all        200        355      0.866      0.834      0.903       0.75

      Epoch    GPU_mem   box_loss   cls_loss   dfl_loss  Instances       Size
    133/200         0G      1.524      1.056      2.033         30        640: 100%|██████████| 32/32 [03:57<00:00,  7.43s/it]
                 Class     Images  Instances      Box(P          R      mAP50  mAP50-95): 100%|██████████| 4/4 [00:13<00:00,  3.46s/it]
                   all        200        355      0.844      0.854      0.902      0.749

      Epoch    GPU_mem   box_loss   cls_loss   dfl_loss  Instances       Size
    134/200         0G      1.533      1.073      2.044         59        640: 100%|██████████| 32/32 [04:10<00:00,  7.83s/it]
                 Class     Images  Instances      Box(P          R      mAP50  mAP50-95): 100%|██████████| 4/4 [00:13<00:00,  3.42s/it]
                   all        200        355      0.879      0.838      0.903      0.749

      Epoch    GPU_mem   box_loss   cls_loss   dfl_loss  Instances       Size
    135/200         0G      1.549      1.062      2.025         30        640: 100%|██████████| 32/32 [04:07<00:00,  7.73s/it]
                 Class     Images  Instances      Box(P          R      mAP50  mAP50-95): 100%|██████████| 4/4 [00:14<00:00,  3.56s/it]
                   all        200        355      0.837      0.837       0.89      0.735

      Epoch    GPU_mem   box_loss   cls_loss   dfl_loss  Instances       Size
    136/200         0G      1.478      1.019      2.009         38        640: 100%|██████████| 32/32 [04:25<00:00,  8.29s/it]
                 Class     Images  Instances      Box(P          R      mAP50  mAP50-95): 100%|██████████| 4/4 [00:14<00:00,  3.66s/it]
                   all        200        355      0.861      0.806      0.885      0.738

      Epoch    GPU_mem   box_loss   cls_loss   dfl_loss  Instances       Size
    137/200         0G      1.484      1.023      2.023         33        640: 100%|██████████| 32/32 [04:18<00:00,  8.09s/it]
                 Class     Images  Instances      Box(P          R      mAP50  mAP50-95): 100%|██████████| 4/4 [00:14<00:00,  3.67s/it]
                   all        200        355      0.836      0.831      0.886      0.733

      Epoch    GPU_mem   box_loss   cls_loss   dfl_loss  Instances       Size
    138/200         0G      1.503      1.052      2.049         37        640: 100%|██████████| 32/32 [04:17<00:00,  8.05s/it]
                 Class     Images  Instances      Box(P          R      mAP50  mAP50-95): 100%|██████████| 4/4 [00:14<00:00,  3.68s/it]
                   all        200        355      0.888      0.797      0.889       0.73

      Epoch    GPU_mem   box_loss   cls_loss   dfl_loss  Instances       Size
    139/200         0G       1.51      1.039      2.009         41        640: 100%|██████████| 32/32 [04:12<00:00,  7.89s/it]
                 Class     Images  Instances      Box(P          R      mAP50  mAP50-95): 100%|██████████| 4/4 [00:14<00:00,  3.67s/it]
                   all        200        355      0.892      0.813      0.899      0.743

      Epoch    GPU_mem   box_loss   cls_loss   dfl_loss  Instances       Size
    140/200         0G      1.519      1.023      2.016         54        640: 100%|██████████| 32/32 [04:21<00:00,  8.17s/it]
                 Class     Images  Instances      Box(P          R      mAP50  mAP50-95): 100%|██████████| 4/4 [00:14<00:00,  3.67s/it]
                   all        200        355      0.867      0.834      0.902      0.746

      Epoch    GPU_mem   box_loss   cls_loss   dfl_loss  Instances       Size
    141/200         0G      1.554      1.051       2.02         28        640: 100%|██████████| 32/32 [04:14<00:00,  7.95s/it]
                 Class     Images  Instances      Box(P          R      mAP50  mAP50-95): 100%|██████████| 4/4 [00:14<00:00,  3.61s/it]
                   all        200        355      0.825      0.866      0.904      0.747

      Epoch    GPU_mem   box_loss   cls_loss   dfl_loss  Instances       Size
    142/200         0G       1.45      1.009      2.002         40        640: 100%|██████████| 32/32 [04:18<00:00,  8.08s/it]
                 Class     Images  Instances      Box(P          R      mAP50  mAP50-95): 100%|██████████| 4/4 [00:14<00:00,  3.63s/it]
                   all        200        355      0.824      0.859      0.897      0.746

      Epoch    GPU_mem   box_loss   cls_loss   dfl_loss  Instances       Size
    143/200         0G       1.49      1.018      1.997         45        640: 100%|██████████| 32/32 [04:14<00:00,  7.94s/it]
                 Class     Images  Instances      Box(P          R      mAP50  mAP50-95): 100%|██████████| 4/4 [00:14<00:00,  3.59s/it]
                   all        200        355      0.823      0.837      0.888      0.743

      Epoch    GPU_mem   box_loss   cls_loss   dfl_loss  Instances       Size
    144/200         0G        1.5      1.007      1.996         52        640: 100%|██████████| 32/32 [04:23<00:00,  8.24s/it]
                 Class     Images  Instances      Box(P          R      mAP50  mAP50-95): 100%|██████████| 4/4 [00:14<00:00,  3.67s/it]
                   all        200        355      0.916      0.797      0.904      0.758

      Epoch    GPU_mem   box_loss   cls_loss   dfl_loss  Instances       Size
    145/200         0G      1.481      1.026      2.014         36        640: 100%|██████████| 32/32 [04:19<00:00,  8.11s/it]
                 Class     Images  Instances      Box(P          R      mAP50  mAP50-95): 100%|██████████| 4/4 [00:14<00:00,  3.71s/it]
                   all        200        355      0.884      0.816      0.907      0.764

      Epoch    GPU_mem   box_loss   cls_loss   dfl_loss  Instances       Size
    146/200         0G      1.485      1.017      2.003         52        640: 100%|██████████| 32/32 [04:23<00:00,  8.24s/it]
                 Class     Images  Instances      Box(P          R      mAP50  mAP50-95): 100%|██████████| 4/4 [00:14<00:00,  3.58s/it]
                   all        200        355      0.859      0.814      0.901      0.751

      Epoch    GPU_mem   box_loss   cls_loss   dfl_loss  Instances       Size
    147/200         0G       1.47      1.016       2.01         40        640: 100%|██████████| 32/32 [04:13<00:00,  7.92s/it]
                 Class     Images  Instances      Box(P          R      mAP50  mAP50-95): 100%|██████████| 4/4 [00:14<00:00,  3.71s/it]
                   all        200        355      0.851      0.839      0.897      0.754

      Epoch    GPU_mem   box_loss   cls_loss   dfl_loss  Instances       Size
    148/200         0G      1.483     0.9885      1.981         34        640: 100%|██████████| 32/32 [04:21<00:00,  8.16s/it]
                 Class     Images  Instances      Box(P          R      mAP50  mAP50-95): 100%|██████████| 4/4 [00:14<00:00,  3.62s/it]
                   all        200        355      0.839      0.831      0.895      0.747

      Epoch    GPU_mem   box_loss   cls_loss   dfl_loss  Instances       Size
    149/200         0G      1.465      0.974      1.993         66        640: 100%|██████████| 32/32 [04:16<00:00,  8.02s/it]
                 Class     Images  Instances      Box(P          R      mAP50  mAP50-95): 100%|██████████| 4/4 [00:14<00:00,  3.59s/it]
                   all        200        355      0.921      0.785      0.896       0.75

      Epoch    GPU_mem   box_loss   cls_loss   dfl_loss  Instances       Size
    150/200         0G      1.467     0.9873      2.002         41        640: 100%|██████████| 32/32 [04:20<00:00,  8.14s/it]
                 Class     Images  Instances      Box(P          R      mAP50  mAP50-95): 100%|██████████| 4/4 [00:14<00:00,  3.60s/it]
                   all        200        355      0.863      0.836      0.906      0.753

      Epoch    GPU_mem   box_loss   cls_loss   dfl_loss  Instances       Size
    151/200         0G      1.427     0.9693       1.99         31        640: 100%|██████████| 32/32 [04:17<00:00,  8.03s/it]
                 Class     Images  Instances      Box(P          R      mAP50  mAP50-95): 100%|██████████| 4/4 [00:14<00:00,  3.68s/it]
                   all        200        355      0.928      0.765      0.901      0.748

      Epoch    GPU_mem   box_loss   cls_loss   dfl_loss  Instances       Size
    152/200         0G       1.48     0.9702      2.003         40        640: 100%|██████████| 32/32 [04:27<00:00,  8.37s/it]
                 Class     Images  Instances      Box(P          R      mAP50  mAP50-95): 100%|██████████| 4/4 [00:14<00:00,  3.65s/it]
                   all        200        355      0.861      0.803       0.89      0.742

      Epoch    GPU_mem   box_loss   cls_loss   dfl_loss  Instances       Size
    153/200         0G       1.44     0.9841      1.978         39        640: 100%|██████████| 32/32 [04:17<00:00,  8.04s/it]
                 Class     Images  Instances      Box(P          R      mAP50  mAP50-95): 100%|██████████| 4/4 [00:14<00:00,  3.61s/it]
                   all        200        355      0.862      0.808      0.899       0.75

      Epoch    GPU_mem   box_loss   cls_loss   dfl_loss  Instances       Size
    154/200         0G      1.395     0.9731      1.974         40        640: 100%|██████████| 32/32 [04:22<00:00,  8.21s/it]
                 Class     Images  Instances      Box(P          R      mAP50  mAP50-95): 100%|██████████| 4/4 [00:14<00:00,  3.63s/it]
                   all        200        355      0.874      0.808      0.902      0.748

      Epoch    GPU_mem   box_loss   cls_loss   dfl_loss  Instances       Size
    155/200         0G      1.429     0.9484      1.991         31        640: 100%|██████████| 32/32 [04:19<00:00,  8.11s/it]
                 Class     Images  Instances      Box(P          R      mAP50  mAP50-95): 100%|██████████| 4/4 [00:14<00:00,  3.65s/it]
                   all        200        355      0.858      0.834      0.894      0.746

      Epoch    GPU_mem   box_loss   cls_loss   dfl_loss  Instances       Size
    156/200         0G      1.409     0.9626      1.976         52        640: 100%|██████████| 32/32 [04:18<00:00,  8.06s/it]
                 Class     Images  Instances      Box(P          R      mAP50  mAP50-95): 100%|██████████| 4/4 [00:14<00:00,  3.67s/it]
                   all        200        355      0.872      0.823      0.898      0.748

      Epoch    GPU_mem   box_loss   cls_loss   dfl_loss  Instances       Size
    157/200         0G      1.404     0.9501      1.964         63        640: 100%|██████████| 32/32 [04:19<00:00,  8.09s/it]
                 Class     Images  Instances      Box(P          R      mAP50  mAP50-95): 100%|██████████| 4/4 [00:14<00:00,  3.70s/it]
                   all        200        355       0.88      0.825      0.901      0.757

      Epoch    GPU_mem   box_loss   cls_loss   dfl_loss  Instances       Size
    158/200         0G      1.441     0.9888      1.967         40        640: 100%|██████████| 32/32 [04:18<00:00,  8.07s/it]
                 Class     Images  Instances      Box(P          R      mAP50  mAP50-95): 100%|██████████| 4/4 [00:14<00:00,  3.70s/it]
                   all        200        355      0.902      0.804      0.898       0.76

      Epoch    GPU_mem   box_loss   cls_loss   dfl_loss  Instances       Size
    159/200         0G      1.402     0.9426      1.978         33        640: 100%|██████████| 32/32 [04:17<00:00,  8.04s/it]
                 Class     Images  Instances      Box(P          R      mAP50  mAP50-95): 100%|██████████| 4/4 [00:14<00:00,  3.62s/it]
                   all        200        355      0.897      0.806      0.903      0.758

      Epoch    GPU_mem   box_loss   cls_loss   dfl_loss  Instances       Size
    160/200         0G      1.413     0.9571      1.974         67        640: 100%|██████████| 32/32 [04:23<00:00,  8.23s/it]
                 Class     Images  Instances      Box(P          R      mAP50  mAP50-95): 100%|██████████| 4/4 [00:14<00:00,  3.60s/it]
                   all        200        355      0.916      0.777      0.888      0.748

      Epoch    GPU_mem   box_loss   cls_loss   dfl_loss  Instances       Size
    161/200         0G      1.401     0.9542      1.971         18        640: 100%|██████████| 32/32 [04:15<00:00,  7.97s/it]
                 Class     Images  Instances      Box(P          R      mAP50  mAP50-95): 100%|██████████| 4/4 [00:14<00:00,  3.61s/it]
                   all        200        355      0.895      0.765      0.881      0.737

      Epoch    GPU_mem   box_loss   cls_loss   dfl_loss  Instances       Size
    162/200         0G      1.406     0.9221      1.965         63        640: 100%|██████████| 32/32 [04:22<00:00,  8.20s/it]
                 Class     Images  Instances      Box(P          R      mAP50  mAP50-95): 100%|██████████| 4/4 [00:14<00:00,  3.68s/it]
                   all        200        355      0.864      0.842      0.899      0.753

      Epoch    GPU_mem   box_loss   cls_loss   dfl_loss  Instances       Size
    163/200         0G       1.42     0.9421      1.969         42        640: 100%|██████████| 32/32 [04:10<00:00,  7.83s/it]
                 Class     Images  Instances      Box(P          R      mAP50  mAP50-95): 100%|██████████| 4/4 [00:14<00:00,  3.68s/it]
                   all        200        355      0.869      0.811      0.896      0.749

      Epoch    GPU_mem   box_loss   cls_loss   dfl_loss  Instances       Size
    164/200         0G      1.375     0.9091       1.95         46        640: 100%|██████████| 32/32 [04:16<00:00,  8.00s/it]
                 Class     Images  Instances      Box(P          R      mAP50  mAP50-95): 100%|██████████| 4/4 [00:14<00:00,  3.65s/it]
                   all        200        355      0.883        0.8       0.89      0.748

      Epoch    GPU_mem   box_loss   cls_loss   dfl_loss  Instances       Size
    165/200         0G      1.425      0.945      1.984         21        640: 100%|██████████| 32/32 [04:13<00:00,  7.92s/it]
                 Class     Images  Instances      Box(P          R      mAP50  mAP50-95): 100%|██████████| 4/4 [00:14<00:00,  3.65s/it]
                   all        200        355      0.905       0.78      0.897      0.749

      Epoch    GPU_mem   box_loss   cls_loss   dfl_loss  Instances       Size
    166/200         0G      1.415       0.93      1.966         39        640: 100%|██████████| 32/32 [04:18<00:00,  8.09s/it]
                 Class     Images  Instances      Box(P          R      mAP50  mAP50-95): 100%|██████████| 4/4 [00:14<00:00,  3.66s/it]
                   all        200        355      0.836      0.846      0.894      0.746

      Epoch    GPU_mem   box_loss   cls_loss   dfl_loss  Instances       Size
    167/200         0G      1.389      0.931      1.968         32        640: 100%|██████████| 32/32 [03:54<00:00,  7.34s/it]
                 Class     Images  Instances      Box(P          R      mAP50  mAP50-95): 100%|██████████| 4/4 [00:13<00:00,  3.31s/it]
                   all        200        355      0.893      0.794      0.885      0.736

      Epoch    GPU_mem   box_loss   cls_loss   dfl_loss  Instances       Size
    168/200         0G      1.403     0.9288      1.967         39        640: 100%|██████████| 32/32 [03:51<00:00,  7.23s/it]
                 Class     Images  Instances      Box(P          R      mAP50  mAP50-95): 100%|██████████| 4/4 [00:13<00:00,  3.32s/it]
                   all        200        355      0.867      0.831      0.891      0.743

      Epoch    GPU_mem   box_loss   cls_loss   dfl_loss  Instances       Size
    169/200         0G       1.42     0.9263      1.979         40        640: 100%|██████████| 32/32 [04:11<00:00,  7.85s/it]
                 Class     Images  Instances      Box(P          R      mAP50  mAP50-95): 100%|██████████| 4/4 [00:13<00:00,  3.36s/it]
                   all        200        355      0.879      0.825      0.904      0.761

      Epoch    GPU_mem   box_loss   cls_loss   dfl_loss  Instances       Size
    170/200         0G      1.383     0.9132      1.955         26        640: 100%|██████████| 32/32 [03:52<00:00,  7.26s/it]
                 Class     Images  Instances      Box(P          R      mAP50  mAP50-95): 100%|██████████| 4/4 [00:13<00:00,  3.31s/it]
                   all        200        355      0.891      0.828      0.903      0.757

      Epoch    GPU_mem   box_loss   cls_loss   dfl_loss  Instances       Size
    171/200         0G      1.358     0.9132       1.96         24        640: 100%|██████████| 32/32 [03:54<00:00,  7.32s/it]
                 Class     Images  Instances      Box(P          R      mAP50  mAP50-95): 100%|██████████| 4/4 [00:13<00:00,  3.38s/it]
                   all        200        355      0.857      0.826      0.887      0.747

      Epoch    GPU_mem   box_loss   cls_loss   dfl_loss  Instances       Size
    172/200         0G      1.361     0.9033      1.957         65        640: 100%|██████████| 32/32 [03:51<00:00,  7.23s/it]
                 Class     Images  Instances      Box(P          R      mAP50  mAP50-95): 100%|██████████| 4/4 [00:13<00:00,  3.38s/it]
                   all        200        355      0.859      0.844      0.902      0.753

      Epoch    GPU_mem   box_loss   cls_loss   dfl_loss  Instances       Size
    173/200         0G      1.367      0.918      1.949         38        640: 100%|██████████| 32/32 [03:51<00:00,  7.25s/it]
                 Class     Images  Instances      Box(P          R      mAP50  mAP50-95): 100%|██████████| 4/4 [00:13<00:00,  3.38s/it]
                   all        200        355      0.829      0.834       0.89      0.747

      Epoch    GPU_mem   box_loss   cls_loss   dfl_loss  Instances       Size
    174/200         0G      1.338     0.9108      1.947         59        640: 100%|██████████| 32/32 [03:50<00:00,  7.21s/it]
                 Class     Images  Instances      Box(P          R      mAP50  mAP50-95): 100%|██████████| 4/4 [00:13<00:00,  3.36s/it]
                   all        200        355      0.875      0.839        0.9      0.755

      Epoch    GPU_mem   box_loss   cls_loss   dfl_loss  Instances       Size
    175/200         0G      1.351     0.8992      1.951         31        640: 100%|██████████| 32/32 [03:54<00:00,  7.31s/it]
                 Class     Images  Instances      Box(P          R      mAP50  mAP50-95): 100%|██████████| 4/4 [00:13<00:00,  3.39s/it]
                   all        200        355      0.879      0.825      0.894      0.759

      Epoch    GPU_mem   box_loss   cls_loss   dfl_loss  Instances       Size
    176/200         0G      1.349     0.8921      1.942         36        640: 100%|██████████| 32/32 [04:02<00:00,  7.58s/it]
                 Class     Images  Instances      Box(P          R      mAP50  mAP50-95): 100%|██████████| 4/4 [00:13<00:00,  3.33s/it]
                   all        200        355      0.862      0.807      0.895      0.756

      Epoch    GPU_mem   box_loss   cls_loss   dfl_loss  Instances       Size
    177/200         0G      1.334     0.9154      1.962         21        640: 100%|██████████| 32/32 [03:56<00:00,  7.39s/it]
                 Class     Images  Instances      Box(P          R      mAP50  mAP50-95): 100%|██████████| 4/4 [00:13<00:00,  3.36s/it]
                   all        200        355      0.845      0.856      0.904      0.758

      Epoch    GPU_mem   box_loss   cls_loss   dfl_loss  Instances       Size
    178/200         0G      1.309     0.8537      1.942         39        640: 100%|██████████| 32/32 [03:55<00:00,  7.35s/it]
                 Class     Images  Instances      Box(P          R      mAP50  mAP50-95): 100%|██████████| 4/4 [00:13<00:00,  3.33s/it]
                   all        200        355      0.865      0.825      0.895      0.749

      Epoch    GPU_mem   box_loss   cls_loss   dfl_loss  Instances       Size
    179/200         0G      1.309     0.8599      1.933         42        640: 100%|██████████| 32/32 [04:00<00:00,  7.52s/it]
                 Class     Images  Instances      Box(P          R      mAP50  mAP50-95): 100%|██████████| 4/4 [00:13<00:00,  3.37s/it]
                   all        200        355       0.89      0.799      0.898      0.759

      Epoch    GPU_mem   box_loss   cls_loss   dfl_loss  Instances       Size
    180/200         0G      1.332     0.8839      1.942         33        640: 100%|██████████| 32/32 [03:52<00:00,  7.26s/it]
                 Class     Images  Instances      Box(P          R      mAP50  mAP50-95): 100%|██████████| 4/4 [00:13<00:00,  3.35s/it]
                   all        200        355      0.871      0.819      0.892      0.745

      Epoch    GPU_mem   box_loss   cls_loss   dfl_loss  Instances       Size
    181/200         0G      1.321     0.8889       1.94         23        640: 100%|██████████| 32/32 [03:55<00:00,  7.35s/it]
                 Class     Images  Instances      Box(P          R      mAP50  mAP50-95): 100%|██████████| 4/4 [00:13<00:00,  3.34s/it]
                   all        200        355      0.887      0.825      0.895      0.759

      Epoch    GPU_mem   box_loss   cls_loss   dfl_loss  Instances       Size
    182/200         0G      1.348     0.8829      1.946         35        640: 100%|██████████| 32/32 [04:03<00:00,  7.61s/it]
                 Class     Images  Instances      Box(P          R      mAP50  mAP50-95): 100%|██████████| 4/4 [00:13<00:00,  3.34s/it]
                   all        200        355      0.881      0.812      0.902      0.759

      Epoch    GPU_mem   box_loss   cls_loss   dfl_loss  Instances       Size
    183/200         0G        1.3     0.8756       1.92         42        640: 100%|██████████| 32/32 [03:59<00:00,  7.48s/it]
                 Class     Images  Instances      Box(P          R      mAP50  mAP50-95): 100%|██████████| 4/4 [00:13<00:00,  3.40s/it]
                   all        200        355      0.893      0.802        0.9      0.758

      Epoch    GPU_mem   box_loss   cls_loss   dfl_loss  Instances       Size
    184/200         0G      1.309     0.8473      1.931         30        640: 100%|██████████| 32/32 [03:50<00:00,  7.21s/it]
                 Class     Images  Instances      Box(P          R      mAP50  mAP50-95): 100%|██████████| 4/4 [00:13<00:00,  3.31s/it]
                   all        200        355       0.86      0.831      0.904      0.767

      Epoch    GPU_mem   box_loss   cls_loss   dfl_loss  Instances       Size
    185/200         0G      1.348     0.8712      1.936         37        640: 100%|██████████| 32/32 [03:53<00:00,  7.30s/it]
                 Class     Images  Instances      Box(P          R      mAP50  mAP50-95): 100%|██████████| 4/4 [00:13<00:00,  3.33s/it]
                   all        200        355      0.894      0.807      0.904      0.759

      Epoch    GPU_mem   box_loss   cls_loss   dfl_loss  Instances       Size
    186/200         0G      1.316      0.878      1.944         30        640: 100%|██████████| 32/32 [03:54<00:00,  7.34s/it]
                 Class     Images  Instances      Box(P          R      mAP50  mAP50-95): 100%|██████████| 4/4 [00:13<00:00,  3.34s/it]
                   all        200        355      0.917      0.778      0.896      0.759

      Epoch    GPU_mem   box_loss   cls_loss   dfl_loss  Instances       Size
    187/200         0G      1.335     0.8849      1.933         35        640: 100%|██████████| 32/32 [03:54<00:00,  7.32s/it]
                 Class     Images  Instances      Box(P          R      mAP50  mAP50-95): 100%|██████████| 4/4 [00:13<00:00,  3.36s/it]
                   all        200        355      0.833      0.854        0.9      0.756

      Epoch    GPU_mem   box_loss   cls_loss   dfl_loss  Instances       Size
    188/200         0G       1.33     0.8693      1.924         24        640: 100%|██████████| 32/32 [03:53<00:00,  7.31s/it]
                 Class     Images  Instances      Box(P          R      mAP50  mAP50-95): 100%|██████████| 4/4 [00:13<00:00,  3.38s/it]
                   all        200        355      0.889      0.806      0.901      0.759

      Epoch    GPU_mem   box_loss   cls_loss   dfl_loss  Instances       Size
    189/200         0G      1.297     0.8571      1.928         43        640: 100%|██████████| 32/32 [03:56<00:00,  7.38s/it]
                 Class     Images  Instances      Box(P          R      mAP50  mAP50-95): 100%|██████████| 4/4 [00:13<00:00,  3.33s/it]
                   all        200        355      0.843      0.832      0.892      0.752

      Epoch    GPU_mem   box_loss   cls_loss   dfl_loss  Instances       Size
    190/200         0G      1.291     0.8358      1.924         31        640: 100%|██████████| 32/32 [03:56<00:00,  7.39s/it]
                 Class     Images  Instances      Box(P          R      mAP50  mAP50-95): 100%|██████████| 4/4 [00:13<00:00,  3.38s/it]
                   all        200        355      0.831      0.846      0.897      0.763
Closing dataloader mosaic

      Epoch    GPU_mem   box_loss   cls_loss   dfl_loss  Instances       Size
    191/200         0G      1.273     0.8554      1.877         32        640: 100%|██████████| 32/32 [03:49<00:00,  7.18s/it]
                 Class     Images  Instances      Box(P          R      mAP50  mAP50-95): 100%|██████████| 4/4 [00:13<00:00,  3.35s/it]
                   all        200        355      0.921      0.786      0.891      0.754

      Epoch    GPU_mem   box_loss   cls_loss   dfl_loss  Instances       Size
    192/200         0G      1.219      0.719      1.842         21        640: 100%|██████████| 32/32 [03:46<00:00,  7.09s/it]
                 Class     Images  Instances      Box(P          R      mAP50  mAP50-95): 100%|██████████| 4/4 [00:13<00:00,  3.35s/it]
                   all        200        355      0.911      0.808      0.891      0.752

      Epoch    GPU_mem   box_loss   cls_loss   dfl_loss  Instances       Size
    193/200         0G       1.21     0.7066       1.83         26        640: 100%|██████████| 32/32 [03:49<00:00,  7.17s/it]
                 Class     Images  Instances      Box(P          R      mAP50  mAP50-95): 100%|██████████| 4/4 [00:13<00:00,  3.32s/it]
                   all        200        355       0.89      0.818      0.899      0.759

      Epoch    GPU_mem   box_loss   cls_loss   dfl_loss  Instances       Size
    194/200         0G       1.17     0.6808      1.809         18        640: 100%|██████████| 32/32 [04:03<00:00,  7.62s/it]
                 Class     Images  Instances      Box(P          R      mAP50  mAP50-95): 100%|██████████| 4/4 [00:14<00:00,  3.64s/it]
                   all        200        355      0.897       0.82      0.904      0.759

      Epoch    GPU_mem   box_loss   cls_loss   dfl_loss  Instances       Size
    195/200         0G      1.169     0.6611      1.821         10        640: 100%|██████████| 32/32 [03:51<00:00,  7.24s/it]
                 Class     Images  Instances      Box(P          R      mAP50  mAP50-95): 100%|██████████| 4/4 [00:13<00:00,  3.37s/it]
                   all        200        355      0.895       0.82      0.907      0.761

      Epoch    GPU_mem   box_loss   cls_loss   dfl_loss  Instances       Size
    196/200         0G      1.171     0.6702      1.824         15        640: 100%|██████████| 32/32 [03:48<00:00,  7.14s/it]
                 Class     Images  Instances      Box(P          R      mAP50  mAP50-95): 100%|██████████| 4/4 [00:13<00:00,  3.38s/it]
                   all        200        355      0.906      0.811      0.902      0.757

      Epoch    GPU_mem   box_loss   cls_loss   dfl_loss  Instances       Size
    197/200         0G      1.156     0.6759      1.803         38        640: 100%|██████████| 32/32 [03:47<00:00,  7.12s/it]
                 Class     Images  Instances      Box(P          R      mAP50  mAP50-95): 100%|██████████| 4/4 [00:13<00:00,  3.34s/it]
                   all        200        355      0.907      0.806      0.901      0.759

      Epoch    GPU_mem   box_loss   cls_loss   dfl_loss  Instances       Size
    198/200         0G      1.152     0.6614      1.802         12        640: 100%|██████████| 32/32 [03:54<00:00,  7.33s/it]
                 Class     Images  Instances      Box(P          R      mAP50  mAP50-95): 100%|██████████| 4/4 [00:13<00:00,  3.29s/it]
                   all        200        355       0.88      0.823      0.906      0.764



      Epoch    GPU_mem   box_loss   cls_loss   dfl_loss  Instances       Size



      Epoch    GPU_mem   box_loss   cls_loss   dfl_loss  Instances       Size
    199/200         0G      1.163     0.6668      1.815         14        640: 100%|██████████| 32/32 [03:43<00:00,  7.00s/it]
                 Class     Images  Instances      Box(P          R      mAP50  mAP50-95): 100%|██████████| 4/4 [00:13<00:00,  3.31s/it]
                   all        200        355      0.918      0.787      0.903      0.759

      Epoch    GPU_mem   box_loss   cls_loss   dfl_loss  Instances       Size
    200/200         0G      1.154     0.6668      1.803         18        640: 100%|██████████| 32/32 [03:45<00:00,  7.04s/it]
                 Class     Images  Instances      Box(P          R      mAP50  mAP50-95): 100%|██████████| 4/4 [00:13<00:00,  3.33s/it]
                   all        200        355      0.868      0.825        0.9      0.759

200 epochs completed in 14.265 hours.
Optimizer stripped from C:\Users\Ron\OneDrive - Technion\material\semester_7\0440167_-_Project_A\bicycle_mobileye\runs\detect\train5\weights\last.pt, 5.8MB
Optimizer stripped from C:\Users\Ron\OneDrive - Technion\material\semester_7\0440167_-_Project_A\bicycle_mobileye\runs\detect\train5\weights\best.pt, 5.8MB

Validating C:\Users\Ron\OneDrive - Technion\material\semester_7\0440167_-_Project_A\bicycle_mobileye\runs\detect\train5\weights\best.pt...
Ultralytics 8.3.66 🚀 Python-3.12.1 torch-2.5.1+cpu CPU (12th Gen Intel Core(TM) i5-12600K)
YOLOv10n summary (fused): 285 layers, 2,694,806 parameters, 0 gradients, 8.2 GFLOPs
                 Class     Images  Instances      Box(P          R      mAP50  mAP50-95): 100%|██████████| 4/4 [00:11<00:00,  2.82s/it]
                   all        200        355      0.859      0.831      0.904      0.768
Speed: 1.0ms preprocess, 48.2ms inference, 0.0ms loss, 0.0ms postprocess per image
Results saved to C:\Users\Ron\OneDrive - Technion\material\semester_7\0440167_-_Project_A\bicycle_mobileye\runs\detect\train5