(.venv) [01:51:49][User@DESKTOP-9QBNGCQ:bicycle_mobileye](main)$ ./src/train_yolo.py 
Is CUDA available? True
Using device: Quadro T2000
Ultralytics 8.3.66 ðŸš€ Python-3.12.1 torch-2.6.0+cu126 CPU (Intel Core(TM) i9-9980HK 2.40GHz)
engine\trainer: task=detect, mode=train, model=yolov8n.pt, data=./dataset/dataset.yaml, epochs=200, time=None, patience=100, batch=32, imgsz=640, save=True, save_period=-1, cache=False, device=cpu, workers=8, project=./runs, name=train4, exist_ok=False, pretrained=True, optimizer=auto, verbose=True, seed=0, deterministic=True, single_cls=False, rect=False, cos_lr=False, close_mosaic=10, resume=False, amp=True, fraction=1.0, profile=False, freeze=None, multi_scale=False, overlap_mask=True, mask_ratio=4, dropout=0.0, val=True, split=val, save_json=False, save_hybrid=False, conf=None, iou=0.7, max_det=300, half=False, dnn=False, plots=True, source=None, vid_stride=1, stream_buffer=False, visualize=False, augment=False, agnostic_nms=False, classes=None, retina_masks=False, embed=None, show=False, save_frames=False, save_txt=False, save_conf=False, save_crop=False, show_labels=True, show_conf=True, show_boxes=True, line_width=None, format=torchscript, keras=False, optimize=False, int8=False, dynamic=False, simplify=True, opset=None, workspace=None, nms=False, lr0=0.01, lrf=0.01, momentum=0.937, weight_decay=0.0005, warmup_epochs=3.0, warmup_momentum=0.8, warmup_bias_lr=0.1, box=7.5, cls=0.5, dfl=1.5, pose=12.0, kobj=1.0, nbs=64, hsv_h=0.015, hsv_s=0.7, hsv_v=0.4, degrees=0.0, translate=0.1, scale=0.5, shear=0.0, perspective=0.0, flipud=0.0, fliplr=0.5, bgr=0.0, mosaic=1.0, mixup=0.0, copy_paste=0.0, copy_paste_mode=flip, auto_augment=randaugment, erasing=0.4, crop_fraction=1.0, cfg=None, tracker=botsort.yaml, save_dir=runs\train4
Overriding model.yaml nc=80 with nc=1

                   from  n    params  module                                       arguments
  0                  -1  1       464  ultralytics.nn.modules.conv.Conv             [3, 16, 3, 2]
  1                  -1  1      4672  ultralytics.nn.modules.conv.Conv             [16, 32, 3, 2]
  2                  -1  1      7360  ultralytics.nn.modules.block.C2f             [32, 32, 1, True]
  3                  -1  1     18560  ultralytics.nn.modules.conv.Conv             [32, 64, 3, 2]
  4                  -1  2     49664  ultralytics.nn.modules.block.C2f             [64, 64, 2, True]
  5                  -1  1     73984  ultralytics.nn.modules.conv.Conv             [64, 128, 3, 2]
  6                  -1  2    197632  ultralytics.nn.modules.block.C2f             [128, 128, 2, True]
  7                  -1  1    295424  ultralytics.nn.modules.conv.Conv             [128, 256, 3, 2]
  8                  -1  1    460288  ultralytics.nn.modules.block.C2f             [256, 256, 1, True]
  9                  -1  1    164608  ultralytics.nn.modules.block.SPPF            [256, 256, 5]
 10                  -1  1         0  torch.nn.modules.upsampling.Upsample         [None, 2, 'nearest']
 11             [-1, 6]  1         0  ultralytics.nn.modules.conv.Concat           [1]
 12                  -1  1    148224  ultralytics.nn.modules.block.C2f             [384, 128, 1]
 13                  -1  1         0  torch.nn.modules.upsampling.Upsample         [None, 2, 'nearest']
 14             [-1, 4]  1         0  ultralytics.nn.modules.conv.Concat           [1]
 15                  -1  1     37248  ultralytics.nn.modules.block.C2f             [192, 64, 1]
 16                  -1  1     36992  ultralytics.nn.modules.conv.Conv             [64, 64, 3, 2]
 17            [-1, 12]  1         0  ultralytics.nn.modules.conv.Concat           [1]
 18                  -1  1    123648  ultralytics.nn.modules.block.C2f             [192, 128, 1]
 19                  -1  1    147712  ultralytics.nn.modules.conv.Conv             [128, 128, 3, 2]
 20             [-1, 9]  1         0  ultralytics.nn.modules.conv.Concat           [1]
 21                  -1  1    493056  ultralytics.nn.modules.block.C2f             [384, 256, 1]
 22        [15, 18, 21]  1    751507  ultralytics.nn.modules.head.Detect           [1, [64, 128, 256]]
Model summary: 225 layers, 3,011,043 parameters, 3,011,027 gradients, 8.2 GFLOPs

Transferred 319/355 items from pretrained weights
Freezing layer 'model.22.dfl.conv.weight'
train: Scanning C:\Users\User\Desktop\Programming\bicycle_mobileye\dataset\labels\train.cache... 4000 images, 0 backgrounds, 0 corrupt: 100%|â–ˆâ–ˆâ–ˆâ–ˆâ–ˆâ–ˆâ–ˆâ–ˆâ–ˆâ–ˆ| 4000/4000 [00:00<?, ?it/s]
train: WARNING âš ï¸ C:\Users\User\Desktop\Programming\bicycle_mobileye\dataset\images\train\00296b0c54457743.jpg: 1 duplicate labels removed
train: WARNING âš ï¸ C:\Users\User\Desktop\Programming\bicycle_mobileye\dataset\images\train\02532343ebb3c888.jpg: 1 duplicate labels removed
val: Scanning C:\Users\User\Desktop\Programming\bicycle_mobileye\dataset\labels\val.cache... 1000 images, 0 backgrounds, 0 corrupt: 100%|â–ˆâ–ˆâ–ˆâ–ˆâ–ˆâ–ˆâ–ˆâ–ˆâ–ˆâ–ˆ| 1000/1000 [00:00<?, ?it/s]
val: WARNING âš ï¸ C:\Users\User\Desktop\Programming\bicycle_mobileye\dataset\images\val\068338a53dfabda8.jpg: 1 duplicate labels removed
Plotting labels to runs\train4\labels.jpg... 
optimizer: 'optimizer=auto' found, ignoring 'lr0=0.01' and 'momentum=0.937' and determining best 'optimizer', 'lr0' and 'momentum' automatically... 
optimizer: SGD(lr=0.01, momentum=0.9) with parameter groups 57 weight(decay=0.0), 64 weight(decay=0.0005), 63 bias(decay=0.0)
Image sizes 640 train, 640 val
Using 0 dataloader workers
Logging results to runs\train4
Starting training for 200 epochs...

      Epoch    GPU_mem   box_loss   cls_loss   dfl_loss  Instances       Size
      1/200         0G      1.054      1.804      1.248        155        640: 100%|â–ˆâ–ˆâ–ˆâ–ˆâ–ˆâ–ˆâ–ˆâ–ˆâ–ˆâ–ˆ| 125/125 [23:47<00:00, 11.42s/it]
                 Class     Images  Instances      Box(P          R      mAP50  mAP50-95): 100%|â–ˆâ–ˆâ–ˆâ–ˆâ–ˆâ–ˆâ–ˆâ–ˆâ–ˆâ–ˆ| 16/16 [02:00<00:00,  7.51s/it]
                   all       1000       1871      0.811      0.677       0.76      0.581

      Epoch    GPU_mem   box_loss   cls_loss   dfl_loss  Instances       Size
      2/200         0G      1.086      1.355      1.282        195        640: 100%|â–ˆâ–ˆâ–ˆâ–ˆâ–ˆâ–ˆâ–ˆâ–ˆâ–ˆâ–ˆ| 125/125 [23:37<00:00, 11.34s/it]
                 Class     Images  Instances      Box(P          R      mAP50  mAP50-95): 100%|â–ˆâ–ˆâ–ˆâ–ˆâ–ˆâ–ˆâ–ˆâ–ˆâ–ˆâ–ˆ| 16/16 [01:55<00:00,  7.20s/it]
                   all       1000       1871      0.767      0.672      0.712      0.486

      Epoch    GPU_mem   box_loss   cls_loss   dfl_loss  Instances       Size
      3/200         0G      1.192       1.36      1.352        145        640: 100%|â–ˆâ–ˆâ–ˆâ–ˆâ–ˆâ–ˆâ–ˆâ–ˆâ–ˆâ–ˆ| 125/125 [26:49<00:00, 12.88s/it]
                 Class     Images  Instances      Box(P          R      mAP50  mAP50-95): 100%|â–ˆâ–ˆâ–ˆâ–ˆâ–ˆâ–ˆâ–ˆâ–ˆâ–ˆâ–ˆ| 16/16 [01:54<00:00,  7.15s/it]
                   all       1000       1871      0.598      0.473      0.522      0.286

      Epoch    GPU_mem   box_loss   cls_loss   dfl_loss  Instances       Size
      4/200         0G      1.297      1.407      1.434        150        640: 100%|â–ˆâ–ˆâ–ˆâ–ˆâ–ˆâ–ˆâ–ˆâ–ˆâ–ˆâ–ˆ| 125/125 [27:24<00:00, 13.16s/it]
                 Class     Images  Instances      Box(P          R      mAP50  mAP50-95): 100%|â–ˆâ–ˆâ–ˆâ–ˆâ–ˆâ–ˆâ–ˆâ–ˆâ–ˆâ–ˆ| 16/16 [02:04<00:00,  7.80s/it]
                   all       1000       1871      0.697      0.436      0.484      0.225

      Epoch    GPU_mem   box_loss   cls_loss   dfl_loss  Instances       Size
      5/200         0G      1.288      1.355      1.426        147        640: 100%|â–ˆâ–ˆâ–ˆâ–ˆâ–ˆâ–ˆâ–ˆâ–ˆâ–ˆâ–ˆ| 125/125 [24:41<00:00, 11.85s/it]
                 Class     Images  Instances      Box(P          R      mAP50  mAP50-95): 100%|â–ˆâ–ˆâ–ˆâ–ˆâ–ˆâ–ˆâ–ˆâ–ˆâ–ˆâ–ˆ| 16/16 [01:08<00:00,  4.26s/it]
                   all       1000       1871      0.761      0.623      0.697      0.481

      Epoch    GPU_mem   box_loss   cls_loss   dfl_loss  Instances       Size
      6/200         0G      1.269      1.317      1.425        164        640: 100%|â–ˆâ–ˆâ–ˆâ–ˆâ–ˆâ–ˆâ–ˆâ–ˆâ–ˆâ–ˆ| 125/125 [26:18<00:00, 12.63s/it]
                 Class     Images  Instances      Box(P          R      mAP50  mAP50-95): 100%|â–ˆâ–ˆâ–ˆâ–ˆâ–ˆâ–ˆâ–ˆâ–ˆâ–ˆâ–ˆ| 16/16 [01:56<00:00,  7.29s/it]
                   all       1000       1871      0.802      0.546      0.646      0.388

      Epoch    GPU_mem   box_loss   cls_loss   dfl_loss  Instances       Size
      7/200         0G      1.249      1.275      1.402        158        640: 100%|â–ˆâ–ˆâ–ˆâ–ˆâ–ˆâ–ˆâ–ˆâ–ˆâ–ˆâ–ˆ| 125/125 [27:38<00:00, 13.27s/it]
                 Class     Images  Instances      Box(P          R      mAP50  mAP50-95): 100%|â–ˆâ–ˆâ–ˆâ–ˆâ–ˆâ–ˆâ–ˆâ–ˆâ–ˆâ–ˆ| 16/16 [01:57<00:00,  7.34s/it]
                   all       1000       1871      0.788      0.635      0.723       0.52

      Epoch    GPU_mem   box_loss   cls_loss   dfl_loss  Instances       Size
      8/200         0G      1.222      1.248      1.388        176        640: 100%|â–ˆâ–ˆâ–ˆâ–ˆâ–ˆâ–ˆâ–ˆâ–ˆâ–ˆâ–ˆ| 125/125 [24:13<00:00, 11.63s/it]
                 Class     Images  Instances      Box(P          R      mAP50  mAP50-95): 100%|â–ˆâ–ˆâ–ˆâ–ˆâ–ˆâ–ˆâ–ˆâ–ˆâ–ˆâ–ˆ| 16/16 [01:56<00:00,  7.27s/it]
                   all       1000       1871      0.787      0.645      0.734      0.515

      Epoch    GPU_mem   box_loss   cls_loss   dfl_loss  Instances       Size
      9/200         0G      1.207      1.209      1.381        173        640: 100%|â–ˆâ–ˆâ–ˆâ–ˆâ–ˆâ–ˆâ–ˆâ–ˆâ–ˆâ–ˆ| 125/125 [27:30<00:00, 13.20s/it]
                 Class     Images  Instances      Box(P          R      mAP50  mAP50-95): 100%|â–ˆâ–ˆâ–ˆâ–ˆâ–ˆâ–ˆâ–ˆâ–ˆâ–ˆâ–ˆ| 16/16 [01:56<00:00,  7.26s/it]
                   all       1000       1871      0.769      0.642      0.715       0.52

      Epoch    GPU_mem   box_loss   cls_loss   dfl_loss  Instances       Size
     10/200         0G      1.193      1.186      1.362        147        640: 100%|â–ˆâ–ˆâ–ˆâ–ˆâ–ˆâ–ˆâ–ˆâ–ˆâ–ˆâ–ˆ| 125/125 [24:16<00:00, 11.65s/it]
                 Class     Images  Instances      Box(P          R      mAP50  mAP50-95): 100%|â–ˆâ–ˆâ–ˆâ–ˆâ–ˆâ–ˆâ–ˆâ–ˆâ–ˆâ–ˆ| 16/16 [01:08<00:00,  4.26s/it]
                   all       1000       1871      0.784      0.656      0.726      0.525

      Epoch    GPU_mem   box_loss   cls_loss   dfl_loss  Instances       Size
     11/200         0G       1.17      1.164      1.353        143        640: 100%|â–ˆâ–ˆâ–ˆâ–ˆâ–ˆâ–ˆâ–ˆâ–ˆâ–ˆâ–ˆ| 125/125 [25:04<00:00, 12.04s/it]
                 Class     Images  Instances      Box(P          R      mAP50  mAP50-95): 100%|â–ˆâ–ˆâ–ˆâ–ˆâ–ˆâ–ˆâ–ˆâ–ˆâ–ˆâ–ˆ| 16/16 [01:55<00:00,  7.23s/it]
                   all       1000       1871      0.794      0.668       0.76      0.561

      Epoch    GPU_mem   box_loss   cls_loss   dfl_loss  Instances       Size
     12/200         0G      1.169      1.161       1.35        139        640: 100%|â–ˆâ–ˆâ–ˆâ–ˆâ–ˆâ–ˆâ–ˆâ–ˆâ–ˆâ–ˆ| 125/125 [24:09<00:00, 11.60s/it]
                 Class     Images  Instances      Box(P          R      mAP50  mAP50-95): 100%|â–ˆâ–ˆâ–ˆâ–ˆâ–ˆâ–ˆâ–ˆâ–ˆâ–ˆâ–ˆ| 16/16 [01:55<00:00,  7.23s/it]
                   all       1000       1871      0.801      0.657      0.742      0.542

      Epoch    GPU_mem   box_loss   cls_loss   dfl_loss  Instances       Size
     13/200         0G      1.149      1.133      1.341        170        640: 100%|â–ˆâ–ˆâ–ˆâ–ˆâ–ˆâ–ˆâ–ˆâ–ˆâ–ˆâ–ˆ| 125/125 [27:25<00:00, 13.16s/it]
                 Class     Images  Instances      Box(P          R      mAP50  mAP50-95): 100%|â–ˆâ–ˆâ–ˆâ–ˆâ–ˆâ–ˆâ–ˆâ–ˆâ–ˆâ–ˆ| 16/16 [01:55<00:00,  7.22s/it]
                   all       1000       1871      0.851       0.64      0.744      0.541

      Epoch    GPU_mem   box_loss   cls_loss   dfl_loss  Instances       Size
     14/200         0G      1.132      1.108      1.328        167        640: 100%|â–ˆâ–ˆâ–ˆâ–ˆâ–ˆâ–ˆâ–ˆâ–ˆâ–ˆâ–ˆ| 125/125 [27:32<00:00, 13.22s/it]
                 Class     Images  Instances      Box(P          R      mAP50  mAP50-95): 100%|â–ˆâ–ˆâ–ˆâ–ˆâ–ˆâ–ˆâ–ˆâ–ˆâ–ˆâ–ˆ| 16/16 [01:55<00:00,  7.25s/it]
                   all       1000       1871      0.817      0.678      0.761      0.559

      Epoch    GPU_mem   box_loss   cls_loss   dfl_loss  Instances       Size
     15/200         0G      1.134      1.106      1.336        171        640: 100%|â–ˆâ–ˆâ–ˆâ–ˆâ–ˆâ–ˆâ–ˆâ–ˆâ–ˆâ–ˆ| 125/125 [27:31<00:00, 13.22s/it]
                 Class     Images  Instances      Box(P          R      mAP50  mAP50-95): 100%|â–ˆâ–ˆâ–ˆâ–ˆâ–ˆâ–ˆâ–ˆâ–ˆâ–ˆâ–ˆ| 16/16 [01:55<00:00,  7.21s/it]
                   all       1000       1871      0.807      0.678       0.76      0.562

      Epoch    GPU_mem   box_loss   cls_loss   dfl_loss  Instances       Size
     16/200         0G      1.119      1.092      1.327        119        640: 100%|â–ˆâ–ˆâ–ˆâ–ˆâ–ˆâ–ˆâ–ˆâ–ˆâ–ˆâ–ˆ| 125/125 [27:27<00:00, 13.18s/it]
                 Class     Images  Instances      Box(P          R      mAP50  mAP50-95): 100%|â–ˆâ–ˆâ–ˆâ–ˆâ–ˆâ–ˆâ–ˆâ–ˆâ–ˆâ–ˆ| 16/16 [01:55<00:00,  7.21s/it]
                   all       1000       1871      0.839      0.649      0.769      0.566

      Epoch    GPU_mem   box_loss   cls_loss   dfl_loss  Instances       Size
     17/200         0G      1.117      1.076      1.318        128        640: 100%|â–ˆâ–ˆâ–ˆâ–ˆâ–ˆâ–ˆâ–ˆâ–ˆâ–ˆâ–ˆ| 125/125 [27:35<00:00, 13.24s/it]
                 Class     Images  Instances      Box(P          R      mAP50  mAP50-95): 100%|â–ˆâ–ˆâ–ˆâ–ˆâ–ˆâ–ˆâ–ˆâ–ˆâ–ˆâ–ˆ| 16/16 [01:55<00:00,  7.22s/it]
                   all       1000       1871      0.833      0.658      0.759      0.528

      Epoch    GPU_mem   box_loss   cls_loss   dfl_loss  Instances       Size
     18/200         0G      1.108      1.077      1.314        150        640: 100%|â–ˆâ–ˆâ–ˆâ–ˆâ–ˆâ–ˆâ–ˆâ–ˆâ–ˆâ–ˆ| 125/125 [27:34<00:00, 13.24s/it]
                 Class     Images  Instances      Box(P          R      mAP50  mAP50-95): 100%|â–ˆâ–ˆâ–ˆâ–ˆâ–ˆâ–ˆâ–ˆâ–ˆâ–ˆâ–ˆ| 16/16 [01:55<00:00,  7.22s/it]
                   all       1000       1871      0.814      0.652       0.75      0.548

      Epoch    GPU_mem   box_loss   cls_loss   dfl_loss  Instances       Size
     19/200         0G      1.097       1.05      1.306        143        640: 100%|â–ˆâ–ˆâ–ˆâ–ˆâ–ˆâ–ˆâ–ˆâ–ˆâ–ˆâ–ˆ| 125/125 [27:24<00:00, 13.16s/it]
                 Class     Images  Instances      Box(P          R      mAP50  mAP50-95): 100%|â–ˆâ–ˆâ–ˆâ–ˆâ–ˆâ–ˆâ–ˆâ–ˆâ–ˆâ–ˆ| 16/16 [01:56<00:00,  7.29s/it]
                   all       1000       1871      0.829      0.673       0.78      0.579

      Epoch    GPU_mem   box_loss   cls_loss   dfl_loss  Instances       Size
     20/200         0G      1.099      1.056      1.315        164        640: 100%|â–ˆâ–ˆâ–ˆâ–ˆâ–ˆâ–ˆâ–ˆâ–ˆâ–ˆâ–ˆ| 125/125 [27:26<00:00, 13.17s/it]
                 Class     Images  Instances      Box(P          R      mAP50  mAP50-95): 100%|â–ˆâ–ˆâ–ˆâ–ˆâ–ˆâ–ˆâ–ˆâ–ˆâ–ˆâ–ˆ| 16/16 [01:55<00:00,  7.22s/it]
                   all       1000       1871      0.839      0.686      0.794      0.589

      Epoch    GPU_mem   box_loss   cls_loss   dfl_loss  Instances       Size
     21/200         0G      1.084      1.033      1.294        145        640: 100%|â–ˆâ–ˆâ–ˆâ–ˆâ–ˆâ–ˆâ–ˆâ–ˆâ–ˆâ–ˆ| 125/125 [27:22<00:00, 13.14s/it]
                 Class     Images  Instances      Box(P          R      mAP50  mAP50-95): 100%|â–ˆâ–ˆâ–ˆâ–ˆâ–ˆâ–ˆâ–ˆâ–ˆâ–ˆâ–ˆ| 16/16 [01:56<00:00,  7.28s/it]
                   all       1000       1871      0.821      0.664      0.761      0.573

      Epoch    GPU_mem   box_loss   cls_loss   dfl_loss  Instances       Size
     22/200         0G      1.078      1.018      1.291        150        640: 100%|â–ˆâ–ˆâ–ˆâ–ˆâ–ˆâ–ˆâ–ˆâ–ˆâ–ˆâ–ˆ| 125/125 [27:25<00:00, 13.17s/it]
                 Class     Images  Instances      Box(P          R      mAP50  mAP50-95): 100%|â–ˆâ–ˆâ–ˆâ–ˆâ–ˆâ–ˆâ–ˆâ–ˆâ–ˆâ–ˆ| 16/16 [01:54<00:00,  7.16s/it]
                   all       1000       1871      0.813      0.678      0.777      0.577

      Epoch    GPU_mem   box_loss   cls_loss   dfl_loss  Instances       Size
     23/200         0G      1.085      1.034      1.293        151        640: 100%|â–ˆâ–ˆâ–ˆâ–ˆâ–ˆâ–ˆâ–ˆâ–ˆâ–ˆâ–ˆ| 125/125 [27:19<00:00, 13.12s/it]
                 Class     Images  Instances      Box(P          R      mAP50  mAP50-95): 100%|â–ˆâ–ˆâ–ˆâ–ˆâ–ˆâ–ˆâ–ˆâ–ˆâ–ˆâ–ˆ| 16/16 [01:54<00:00,  7.13s/it]
                   all       1000       1871      0.834      0.676      0.788      0.594

      Epoch    GPU_mem   box_loss   cls_loss   dfl_loss  Instances       Size
     24/200         0G      1.058     0.9929      1.278        228        640: 100%|â–ˆâ–ˆâ–ˆâ–ˆâ–ˆâ–ˆâ–ˆâ–ˆâ–ˆâ–ˆ| 125/125 [27:25<00:00, 13.17s/it]
                 Class     Images  Instances      Box(P          R      mAP50  mAP50-95): 100%|â–ˆâ–ˆâ–ˆâ–ˆâ–ˆâ–ˆâ–ˆâ–ˆâ–ˆâ–ˆ| 16/16 [01:55<00:00,  7.22s/it]
                   all       1000       1871      0.855      0.669      0.793      0.605

      Epoch    GPU_mem   box_loss   cls_loss   dfl_loss  Instances       Size
     25/200         0G      1.067      1.005      1.282        137        640: 100%|â–ˆâ–ˆâ–ˆâ–ˆâ–ˆâ–ˆâ–ˆâ–ˆâ–ˆâ–ˆ| 125/125 [27:23<00:00, 13.15s/it]
                 Class     Images  Instances      Box(P          R      mAP50  mAP50-95): 100%|â–ˆâ–ˆâ–ˆâ–ˆâ–ˆâ–ˆâ–ˆâ–ˆâ–ˆâ–ˆ| 16/16 [01:55<00:00,  7.23s/it]
                   all       1000       1871      0.808      0.701      0.785      0.594

      Epoch    GPU_mem   box_loss   cls_loss   dfl_loss  Instances       Size
     26/200         0G      1.059     0.9896      1.276        174        640: 100%|â–ˆâ–ˆâ–ˆâ–ˆâ–ˆâ–ˆâ–ˆâ–ˆâ–ˆâ–ˆ| 125/125 [27:26<00:00, 13.17s/it]
                 Class     Images  Instances      Box(P          R      mAP50  mAP50-95): 100%|â–ˆâ–ˆâ–ˆâ–ˆâ–ˆâ–ˆâ–ˆâ–ˆâ–ˆâ–ˆ| 16/16 [01:57<00:00,  7.36s/it]
                   all       1000       1871      0.796      0.694      0.785      0.597

      Epoch    GPU_mem   box_loss   cls_loss   dfl_loss  Instances       Size
     27/200         0G      1.056     0.9923      1.275        175        640: 100%|â–ˆâ–ˆâ–ˆâ–ˆâ–ˆâ–ˆâ–ˆâ–ˆâ–ˆâ–ˆ| 125/125 [24:15<00:00, 11.64s/it]
                 Class     Images  Instances      Box(P          R      mAP50  mAP50-95): 100%|â–ˆâ–ˆâ–ˆâ–ˆâ–ˆâ–ˆâ–ˆâ–ˆâ–ˆâ–ˆ| 16/16 [01:55<00:00,  7.21s/it]
                   all       1000       1871      0.834      0.671      0.784       0.59

      Epoch    GPU_mem   box_loss   cls_loss   dfl_loss  Instances       Size
     28/200         0G      1.045     0.9794      1.269        171        640: 100%|â–ˆâ–ˆâ–ˆâ–ˆâ–ˆâ–ˆâ–ˆâ–ˆâ–ˆâ–ˆ| 125/125 [27:24<00:00, 13.15s/it]
                 Class     Images  Instances      Box(P          R      mAP50  mAP50-95): 100%|â–ˆâ–ˆâ–ˆâ–ˆâ–ˆâ–ˆâ–ˆâ–ˆâ–ˆâ–ˆ| 16/16 [01:57<00:00,  7.34s/it]
                   all       1000       1871      0.805      0.714      0.793      0.598

      Epoch    GPU_mem   box_loss   cls_loss   dfl_loss  Instances       Size
     29/200         0G      1.051     0.9862      1.268        158        640: 100%|â–ˆâ–ˆâ–ˆâ–ˆâ–ˆâ–ˆâ–ˆâ–ˆâ–ˆâ–ˆ| 125/125 [27:24<00:00, 13.15s/it]
                 Class     Images  Instances      Box(P          R      mAP50  mAP50-95): 100%|â–ˆâ–ˆâ–ˆâ–ˆâ–ˆâ–ˆâ–ˆâ–ˆâ–ˆâ–ˆ| 16/16 [01:54<00:00,  7.15s/it]
                   all       1000       1871      0.832      0.683      0.794        0.6

      Epoch    GPU_mem   box_loss   cls_loss   dfl_loss  Instances       Size
     30/200         0G      1.041     0.9828      1.268        159        640: 100%|â–ˆâ–ˆâ–ˆâ–ˆâ–ˆâ–ˆâ–ˆâ–ˆâ–ˆâ–ˆ| 125/125 [27:15<00:00, 13.09s/it]
                 Class     Images  Instances      Box(P          R      mAP50  mAP50-95): 100%|â–ˆâ–ˆâ–ˆâ–ˆâ–ˆâ–ˆâ–ˆâ–ˆâ–ˆâ–ˆ| 16/16 [01:55<00:00,  7.19s/it]
                   all       1000       1871      0.835      0.689      0.798      0.613

      Epoch    GPU_mem   box_loss   cls_loss   dfl_loss  Instances       Size
     31/200         0G      1.044     0.9725      1.268        159        640: 100%|â–ˆâ–ˆâ–ˆâ–ˆâ–ˆâ–ˆâ–ˆâ–ˆâ–ˆâ–ˆ| 125/125 [27:23<00:00, 13.15s/it]
                 Class     Images  Instances      Box(P          R      mAP50  mAP50-95): 100%|â–ˆâ–ˆâ–ˆâ–ˆâ–ˆâ–ˆâ–ˆâ–ˆâ–ˆâ–ˆ| 16/16 [01:55<00:00,  7.23s/it]
                   all       1000       1871      0.823      0.697      0.797      0.607

      Epoch    GPU_mem   box_loss   cls_loss   dfl_loss  Instances       Size
     32/200         0G      1.029     0.9651      1.255        154        640: 100%|â–ˆâ–ˆâ–ˆâ–ˆâ–ˆâ–ˆâ–ˆâ–ˆâ–ˆâ–ˆ| 125/125 [27:21<00:00, 13.13s/it]
                 Class     Images  Instances      Box(P          R      mAP50  mAP50-95): 100%|â–ˆâ–ˆâ–ˆâ–ˆâ–ˆâ–ˆâ–ˆâ–ˆâ–ˆâ–ˆ| 16/16 [01:54<00:00,  7.14s/it]
                   all       1000       1871       0.84      0.683      0.787      0.599

      Epoch    GPU_mem   box_loss   cls_loss   dfl_loss  Instances       Size
     33/200         0G      1.024      0.949      1.252        148        640: 100%|â–ˆâ–ˆâ–ˆâ–ˆâ–ˆâ–ˆâ–ˆâ–ˆâ–ˆâ–ˆ| 125/125 [24:39<00:00, 11.83s/it]
                 Class     Images  Instances      Box(P          R      mAP50  mAP50-95): 100%|â–ˆâ–ˆâ–ˆâ–ˆâ–ˆâ–ˆâ–ˆâ–ˆâ–ˆâ–ˆ| 16/16 [02:06<00:00,  7.88s/it]
                   all       1000       1871       0.84      0.701      0.806      0.623

      Epoch    GPU_mem   box_loss   cls_loss   dfl_loss  Instances       Size
     34/200         0G      1.015     0.9348      1.245        149        640: 100%|â–ˆâ–ˆâ–ˆâ–ˆâ–ˆâ–ˆâ–ˆâ–ˆâ–ˆâ–ˆ| 125/125 [27:22<00:00, 13.14s/it]
                 Class     Images  Instances      Box(P          R      mAP50  mAP50-95): 100%|â–ˆâ–ˆâ–ˆâ–ˆâ–ˆâ–ˆâ–ˆâ–ˆâ–ˆâ–ˆ| 16/16 [01:54<00:00,  7.16s/it]
                   all       1000       1871      0.822      0.691      0.789      0.594

      Epoch    GPU_mem   box_loss   cls_loss   dfl_loss  Instances       Size
     35/200         0G      1.015     0.9382      1.249        167        640: 100%|â–ˆâ–ˆâ–ˆâ–ˆâ–ˆâ–ˆâ–ˆâ–ˆâ–ˆâ–ˆ| 125/125 [27:15<00:00, 13.09s/it]
                 Class     Images  Instances      Box(P          R      mAP50  mAP50-95): 100%|â–ˆâ–ˆâ–ˆâ–ˆâ–ˆâ–ˆâ–ˆâ–ˆâ–ˆâ–ˆ| 16/16 [01:54<00:00,  7.13s/it]
                   all       1000       1871      0.813      0.714      0.807      0.619

      Epoch    GPU_mem   box_loss   cls_loss   dfl_loss  Instances       Size
     36/200         0G       1.02     0.9413      1.254        140        640: 100%|â–ˆâ–ˆâ–ˆâ–ˆâ–ˆâ–ˆâ–ˆâ–ˆâ–ˆâ–ˆ| 125/125 [27:20<00:00, 13.13s/it]
                 Class     Images  Instances      Box(P          R      mAP50  mAP50-95): 100%|â–ˆâ–ˆâ–ˆâ–ˆâ–ˆâ–ˆâ–ˆâ–ˆâ–ˆâ–ˆ| 16/16 [01:54<00:00,  7.13s/it]
                   all       1000       1871      0.808      0.719      0.794      0.601

      Epoch    GPU_mem   box_loss   cls_loss   dfl_loss  Instances       Size
     37/200         0G      1.014     0.9366      1.244        137        640: 100%|â–ˆâ–ˆâ–ˆâ–ˆâ–ˆâ–ˆâ–ˆâ–ˆâ–ˆâ–ˆ| 125/125 [28:04<00:00, 13.48s/it]
                 Class     Images  Instances      Box(P          R      mAP50  mAP50-95): 100%|â–ˆâ–ˆâ–ˆâ–ˆâ–ˆâ–ˆâ–ˆâ–ˆâ–ˆâ–ˆ| 16/16 [02:06<00:00,  7.93s/it]
                   all       1000       1871      0.826      0.708        0.8      0.611

      Epoch    GPU_mem   box_loss   cls_loss   dfl_loss  Instances       Size
     38/200         0G      1.005     0.9229      1.243        149        640: 100%|â–ˆâ–ˆâ–ˆâ–ˆâ–ˆâ–ˆâ–ˆâ–ˆâ–ˆâ–ˆ| 125/125 [27:52<00:00, 13.38s/it]
                 Class     Images  Instances      Box(P          R      mAP50  mAP50-95): 100%|â–ˆâ–ˆâ–ˆâ–ˆâ–ˆâ–ˆâ–ˆâ–ˆâ–ˆâ–ˆ| 16/16 [01:55<00:00,  7.24s/it]
                   all       1000       1871      0.796      0.726      0.799      0.616

      Epoch    GPU_mem   box_loss   cls_loss   dfl_loss  Instances       Size
     39/200         0G      1.008     0.9145       1.24        130        640: 100%|â–ˆâ–ˆâ–ˆâ–ˆâ–ˆâ–ˆâ–ˆâ–ˆâ–ˆâ–ˆ| 125/125 [27:24<00:00, 13.15s/it]
                 Class     Images  Instances      Box(P          R      mAP50  mAP50-95): 100%|â–ˆâ–ˆâ–ˆâ–ˆâ–ˆâ–ˆâ–ˆâ–ˆâ–ˆâ–ˆ| 16/16 [01:54<00:00,  7.15s/it]
                   all       1000       1871      0.825      0.717      0.808      0.629

      Epoch    GPU_mem   box_loss   cls_loss   dfl_loss  Instances       Size
     40/200         0G      1.001     0.9167      1.238        144        640: 100%|â–ˆâ–ˆâ–ˆâ–ˆâ–ˆâ–ˆâ–ˆâ–ˆâ–ˆâ–ˆ| 125/125 [27:26<00:00, 13.17s/it]
                 Class     Images  Instances      Box(P          R      mAP50  mAP50-95): 100%|â–ˆâ–ˆâ–ˆâ–ˆâ–ˆâ–ˆâ–ˆâ–ˆâ–ˆâ–ˆ| 16/16 [01:54<00:00,  7.14s/it]
                   all       1000       1871      0.809      0.709      0.792      0.604

      Epoch    GPU_mem   box_loss   cls_loss   dfl_loss  Instances       Size
     41/200         0G          1     0.9133      1.228        201        640: 100%|â–ˆâ–ˆâ–ˆâ–ˆâ–ˆâ–ˆâ–ˆâ–ˆâ–ˆâ–ˆ| 125/125 [27:31<00:00, 13.21s/it]
                 Class     Images  Instances      Box(P          R      mAP50  mAP50-95): 100%|â–ˆâ–ˆâ–ˆâ–ˆâ–ˆâ–ˆâ–ˆâ–ˆâ–ˆâ–ˆ| 16/16 [01:53<00:00,  7.12s/it]
                   all       1000       1871      0.837      0.702      0.805      0.627

      Epoch    GPU_mem   box_loss   cls_loss   dfl_loss  Instances       Size
     42/200         0G          1     0.9093      1.236        147        640: 100%|â–ˆâ–ˆâ–ˆâ–ˆâ–ˆâ–ˆâ–ˆâ–ˆâ–ˆâ–ˆ| 125/125 [27:24<00:00, 13.16s/it]
                 Class     Images  Instances      Box(P          R      mAP50  mAP50-95): 100%|â–ˆâ–ˆâ–ˆâ–ˆâ–ˆâ–ˆâ–ˆâ–ˆâ–ˆâ–ˆ| 16/16 [02:00<00:00,  7.52s/it]
                   all       1000       1871      0.836      0.696      0.807      0.623

      Epoch    GPU_mem   box_loss   cls_loss   dfl_loss  Instances       Size
     43/200         0G      0.978     0.8934      1.223        173        640: 100%|â–ˆâ–ˆâ–ˆâ–ˆâ–ˆâ–ˆâ–ˆâ–ˆâ–ˆâ–ˆ| 125/125 [27:54<00:00, 13.40s/it]
                 Class     Images  Instances      Box(P          R      mAP50  mAP50-95): 100%|â–ˆâ–ˆâ–ˆâ–ˆâ–ˆâ–ˆâ–ˆâ–ˆâ–ˆâ–ˆ| 16/16 [01:55<00:00,  7.24s/it]
                   all       1000       1871      0.795      0.734      0.806      0.616

      Epoch    GPU_mem   box_loss   cls_loss   dfl_loss  Instances       Size
     44/200         0G     0.9831     0.9064      1.227        186        640: 100%|â–ˆâ–ˆâ–ˆâ–ˆâ–ˆâ–ˆâ–ˆâ–ˆâ–ˆâ–ˆ| 125/125 [27:29<00:00, 13.20s/it]
                 Class     Images  Instances      Box(P          R      mAP50  mAP50-95): 100%|â–ˆâ–ˆâ–ˆâ–ˆâ–ˆâ–ˆâ–ˆâ–ˆâ–ˆâ–ˆ| 16/16 [01:54<00:00,  7.16s/it]
                   all       1000       1871      0.833       0.71      0.811      0.629

      Epoch    GPU_mem   box_loss   cls_loss   dfl_loss  Instances       Size
     45/200         0G     0.9887     0.9027      1.233        168        640: 100%|â–ˆâ–ˆâ–ˆâ–ˆâ–ˆâ–ˆâ–ˆâ–ˆâ–ˆâ–ˆ| 125/125 [27:31<00:00, 13.21s/it]
                 Class     Images  Instances      Box(P          R      mAP50  mAP50-95): 100%|â–ˆâ–ˆâ–ˆâ–ˆâ–ˆâ–ˆâ–ˆâ–ˆâ–ˆâ–ˆ| 16/16 [01:54<00:00,  7.18s/it]
                   all       1000       1871      0.815      0.702      0.803      0.618

      Epoch    GPU_mem   box_loss   cls_loss   dfl_loss  Instances       Size
     46/200         0G     0.9887     0.8838      1.225        143        640: 100%|â–ˆâ–ˆâ–ˆâ–ˆâ–ˆâ–ˆâ–ˆâ–ˆâ–ˆâ–ˆ| 125/125 [27:28<00:00, 13.19s/it]
                 Class     Images  Instances      Box(P          R      mAP50  mAP50-95): 100%|â–ˆâ–ˆâ–ˆâ–ˆâ–ˆâ–ˆâ–ˆâ–ˆâ–ˆâ–ˆ| 16/16 [01:54<00:00,  7.17s/it]
                   all       1000       1871      0.817       0.71      0.805      0.617

      Epoch    GPU_mem   box_loss   cls_loss   dfl_loss  Instances       Size
     47/200         0G     0.9845     0.8904       1.22        185        640: 100%|â–ˆâ–ˆâ–ˆâ–ˆâ–ˆâ–ˆâ–ˆâ–ˆâ–ˆâ–ˆ| 125/125 [27:26<00:00, 13.17s/it]
                 Class     Images  Instances      Box(P          R      mAP50  mAP50-95): 100%|â–ˆâ–ˆâ–ˆâ–ˆâ–ˆâ–ˆâ–ˆâ–ˆâ–ˆâ–ˆ| 16/16 [01:54<00:00,  7.15s/it]
                   all       1000       1871      0.838      0.702      0.809      0.619

      Epoch    GPU_mem   box_loss   cls_loss   dfl_loss  Instances       Size
     48/200         0G     0.9673     0.8679      1.213        183        640: 100%|â–ˆâ–ˆâ–ˆâ–ˆâ–ˆâ–ˆâ–ˆâ–ˆâ–ˆâ–ˆ| 125/125 [27:25<00:00, 13.17s/it]
                 Class     Images  Instances      Box(P          R      mAP50  mAP50-95): 100%|â–ˆâ–ˆâ–ˆâ–ˆâ–ˆâ–ˆâ–ˆâ–ˆâ–ˆâ–ˆ| 16/16 [01:55<00:00,  7.19s/it]
                   all       1000       1871      0.812      0.728      0.805      0.618

      Epoch    GPU_mem   box_loss   cls_loss   dfl_loss  Instances       Size
     49/200         0G      0.968     0.8698      1.218        114        640: 100%|â–ˆâ–ˆâ–ˆâ–ˆâ–ˆâ–ˆâ–ˆâ–ˆâ–ˆâ–ˆ| 125/125 [27:26<00:00, 13.17s/it]
                 Class     Images  Instances      Box(P          R      mAP50  mAP50-95): 100%|â–ˆâ–ˆâ–ˆâ–ˆâ–ˆâ–ˆâ–ˆâ–ˆâ–ˆâ–ˆ| 16/16 [01:55<00:00,  7.24s/it]
                   all       1000       1871      0.814      0.718      0.812      0.629

      Epoch    GPU_mem   box_loss   cls_loss   dfl_loss  Instances       Size
     50/200         0G     0.9618     0.8589      1.214        136        640: 100%|â–ˆâ–ˆâ–ˆâ–ˆâ–ˆâ–ˆâ–ˆâ–ˆâ–ˆâ–ˆ| 125/125 [27:40<00:00, 13.28s/it]
                 Class     Images  Instances      Box(P          R      mAP50  mAP50-95): 100%|â–ˆâ–ˆâ–ˆâ–ˆâ–ˆâ–ˆâ–ˆâ–ˆâ–ˆâ–ˆ| 16/16 [01:55<00:00,  7.23s/it]
                   all       1000       1871      0.817      0.726      0.808      0.629

      Epoch    GPU_mem   box_loss   cls_loss   dfl_loss  Instances       Size
     51/200         0G     0.9679     0.8656      1.211        181        640: 100%|â–ˆâ–ˆâ–ˆâ–ˆâ–ˆâ–ˆâ–ˆâ–ˆâ–ˆâ–ˆ| 125/125 [23:48<00:00, 11.43s/it]
                 Class     Images  Instances      Box(P          R      mAP50  mAP50-95): 100%|â–ˆâ–ˆâ–ˆâ–ˆâ–ˆâ–ˆâ–ˆâ–ˆâ–ˆâ–ˆ| 16/16 [01:05<00:00,  4.09s/it]
                   all       1000       1871      0.816      0.704      0.802      0.621

      Epoch    GPU_mem   box_loss   cls_loss   dfl_loss  Instances       Size
     52/200         0G     0.9726     0.8687      1.216        145        640: 100%|â–ˆâ–ˆâ–ˆâ–ˆâ–ˆâ–ˆâ–ˆâ–ˆâ–ˆâ–ˆ| 125/125 [19:04<00:00,  9.15s/it]
                 Class     Images  Instances      Box(P          R      mAP50  mAP50-95): 100%|â–ˆâ–ˆâ–ˆâ–ˆâ–ˆâ–ˆâ–ˆâ–ˆâ–ˆâ–ˆ| 16/16 [01:40<00:00,  6.31s/it]
                   all       1000       1871      0.817      0.708      0.797      0.617

      Epoch    GPU_mem   box_loss   cls_loss   dfl_loss  Instances       Size
     53/200         0G     0.9631     0.8582      1.208        162        640: 100%|â–ˆâ–ˆâ–ˆâ–ˆâ–ˆâ–ˆâ–ˆâ–ˆâ–ˆâ–ˆ| 125/125 [24:23<00:00, 11.71s/it]
                 Class     Images  Instances      Box(P          R      mAP50  mAP50-95): 100%|â–ˆâ–ˆâ–ˆâ–ˆâ–ˆâ–ˆâ–ˆâ–ˆâ–ˆâ–ˆ| 16/16 [01:43<00:00,  6.46s/it]
                   all       1000       1871       0.81      0.721      0.802      0.624

      Epoch    GPU_mem   box_loss   cls_loss   dfl_loss  Instances       Size
     54/200         0G     0.9574     0.8565      1.204        161        640: 100%|â–ˆâ–ˆâ–ˆâ–ˆâ–ˆâ–ˆâ–ˆâ–ˆâ–ˆâ–ˆ| 125/125 [24:29<00:00, 11.75s/it]
                 Class     Images  Instances      Box(P          R      mAP50  mAP50-95): 100%|â–ˆâ–ˆâ–ˆâ–ˆâ–ˆâ–ˆâ–ˆâ–ˆâ–ˆâ–ˆ| 16/16 [01:42<00:00,  6.42s/it]
                   all       1000       1871      0.804      0.725      0.808      0.632

      Epoch    GPU_mem   box_loss   cls_loss   dfl_loss  Instances       Size
     55/200         0G     0.9511      0.856       1.21        184        640: 100%|â–ˆâ–ˆâ–ˆâ–ˆâ–ˆâ–ˆâ–ˆâ–ˆâ–ˆâ–ˆ| 125/125 [24:34<00:00, 11.80s/it]
                 Class     Images  Instances      Box(P          R      mAP50  mAP50-95): 100%|â–ˆâ–ˆâ–ˆâ–ˆâ–ˆâ–ˆâ–ˆâ–ˆâ–ˆâ–ˆ| 16/16 [01:42<00:00,  6.43s/it]
                   all       1000       1871      0.803      0.719      0.802      0.627

      Epoch    GPU_mem   box_loss   cls_loss   dfl_loss  Instances       Size
     56/200         0G     0.9569      0.845       1.21        137        640: 100%|â–ˆâ–ˆâ–ˆâ–ˆâ–ˆâ–ˆâ–ˆâ–ˆâ–ˆâ–ˆ| 125/125 [22:28<00:00, 10.79s/it]
                 Class     Images  Instances      Box(P          R      mAP50  mAP50-95): 100%|â–ˆâ–ˆâ–ˆâ–ˆâ–ˆâ–ˆâ–ˆâ–ˆâ–ˆâ–ˆ| 16/16 [01:49<00:00,  6.86s/it]
                   all       1000       1871      0.826      0.717      0.811      0.629

      Epoch    GPU_mem   box_loss   cls_loss   dfl_loss  Instances       Size
     57/200         0G     0.9459     0.8456      1.197        121        640: 100%|â–ˆâ–ˆâ–ˆâ–ˆâ–ˆâ–ˆâ–ˆâ–ˆâ–ˆâ–ˆ| 125/125 [24:59<00:00, 12.00s/it]
                 Class     Images  Instances      Box(P          R      mAP50  mAP50-95): 100%|â–ˆâ–ˆâ–ˆâ–ˆâ–ˆâ–ˆâ–ˆâ–ˆâ–ˆâ–ˆ| 16/16 [01:42<00:00,  6.39s/it]
                   all       1000       1871      0.829      0.722      0.811      0.635

      Epoch    GPU_mem   box_loss   cls_loss   dfl_loss  Instances       Size
     58/200         0G     0.9455     0.8352      1.194        162        640: 100%|â–ˆâ–ˆâ–ˆâ–ˆâ–ˆâ–ˆâ–ˆâ–ˆâ–ˆâ–ˆ| 125/125 [24:50<00:00, 11.93s/it]
                 Class     Images  Instances      Box(P          R      mAP50  mAP50-95): 100%|â–ˆâ–ˆâ–ˆâ–ˆâ–ˆâ–ˆâ–ˆâ–ˆâ–ˆâ–ˆ| 16/16 [01:42<00:00,  6.40s/it]
                   all       1000       1871      0.851      0.714      0.819      0.638

      Epoch    GPU_mem   box_loss   cls_loss   dfl_loss  Instances       Size
     59/200         0G     0.9448     0.8401      1.198        163        640: 100%|â–ˆâ–ˆâ–ˆâ–ˆâ–ˆâ–ˆâ–ˆâ–ˆâ–ˆâ–ˆ| 125/125 [22:28<00:00, 10.79s/it]
                 Class     Images  Instances      Box(P          R      mAP50  mAP50-95): 100%|â–ˆâ–ˆâ–ˆâ–ˆâ–ˆâ–ˆâ–ˆâ–ˆâ–ˆâ–ˆ| 16/16 [01:43<00:00,  6.48s/it]
                   all       1000       1871       0.85      0.705      0.812      0.635

      Epoch    GPU_mem   box_loss   cls_loss   dfl_loss  Instances       Size
     60/200         0G     0.9453     0.8329      1.197        174        640: 100%|â–ˆâ–ˆâ–ˆâ–ˆâ–ˆâ–ˆâ–ˆâ–ˆâ–ˆâ–ˆ| 125/125 [22:17<00:00, 10.70s/it]
                 Class     Images  Instances      Box(P          R      mAP50  mAP50-95): 100%|â–ˆâ–ˆâ–ˆâ–ˆâ–ˆâ–ˆâ–ˆâ–ˆâ–ˆâ–ˆ| 16/16 [01:42<00:00,  6.39s/it]
                   all       1000       1871      0.841      0.699      0.801      0.635

      Epoch    GPU_mem   box_loss   cls_loss   dfl_loss  Instances       Size
     61/200         0G     0.9379     0.8287      1.191        162        640: 100%|â–ˆâ–ˆâ–ˆâ–ˆâ–ˆâ–ˆâ–ˆâ–ˆâ–ˆâ–ˆ| 125/125 [24:49<00:00, 11.92s/it]
                 Class     Images  Instances      Box(P          R      mAP50  mAP50-95): 100%|â–ˆâ–ˆâ–ˆâ–ˆâ–ˆâ–ˆâ–ˆâ–ˆâ–ˆâ–ˆ| 16/16 [01:43<00:00,  6.48s/it]
                   all       1000       1871      0.822      0.729      0.812      0.641

      Epoch    GPU_mem   box_loss   cls_loss   dfl_loss  Instances       Size
     62/200         0G     0.9355     0.8151       1.19        149        640: 100%|â–ˆâ–ˆâ–ˆâ–ˆâ–ˆâ–ˆâ–ˆâ–ˆâ–ˆâ–ˆ| 125/125 [23:13<00:00, 11.15s/it]
                 Class     Images  Instances      Box(P          R      mAP50  mAP50-95): 100%|â–ˆâ–ˆâ–ˆâ–ˆâ–ˆâ–ˆâ–ˆâ–ˆâ–ˆâ–ˆ| 16/16 [01:07<00:00,  4.21s/it]
                   all       1000       1871      0.835      0.707      0.807      0.635

      Epoch    GPU_mem   box_loss   cls_loss   dfl_loss  Instances       Size
     63/200         0G     0.9276     0.8213       1.18        150        640: 100%|â–ˆâ–ˆâ–ˆâ–ˆâ–ˆâ–ˆâ–ˆâ–ˆâ–ˆâ–ˆ| 125/125 [24:49<00:00, 11.92s/it]
                 Class     Images  Instances      Box(P          R      mAP50  mAP50-95): 100%|â–ˆâ–ˆâ–ˆâ–ˆâ–ˆâ–ˆâ–ˆâ–ˆâ–ˆâ–ˆ| 16/16 [01:42<00:00,  6.42s/it]
                   all       1000       1871      0.815      0.719      0.808      0.642

      Epoch    GPU_mem   box_loss   cls_loss   dfl_loss  Instances       Size
     64/200         0G      0.921     0.8006      1.185        190        640: 100%|â–ˆâ–ˆâ–ˆâ–ˆâ–ˆâ–ˆâ–ˆâ–ˆâ–ˆâ–ˆ| 125/125 [24:36<00:00, 11.81s/it]
                 Class     Images  Instances      Box(P          R      mAP50  mAP50-95): 100%|â–ˆâ–ˆâ–ˆâ–ˆâ–ˆâ–ˆâ–ˆâ–ˆâ–ˆâ–ˆ| 16/16 [01:41<00:00,  6.35s/it]
                   all       1000       1871      0.837      0.706      0.808      0.634

      Epoch    GPU_mem   box_loss   cls_loss   dfl_loss  Instances       Size
     65/200         0G     0.9237     0.8088      1.187        156        640: 100%|â–ˆâ–ˆâ–ˆâ–ˆâ–ˆâ–ˆâ–ˆâ–ˆâ–ˆâ–ˆ| 125/125 [24:41<00:00, 11.85s/it]
                 Class     Images  Instances      Box(P          R      mAP50  mAP50-95): 100%|â–ˆâ–ˆâ–ˆâ–ˆâ–ˆâ–ˆâ–ˆâ–ˆâ–ˆâ–ˆ| 16/16 [01:42<00:00,  6.38s/it]
                   all       1000       1871      0.819      0.731      0.812      0.639

      Epoch    GPU_mem   box_loss   cls_loss   dfl_loss  Instances       Size
     66/200         0G     0.9276     0.8081      1.183        159        640: 100%|â–ˆâ–ˆâ–ˆâ–ˆâ–ˆâ–ˆâ–ˆâ–ˆâ–ˆâ–ˆ| 125/125 [24:38<00:00, 11.83s/it]
                 Class     Images  Instances      Box(P          R      mAP50  mAP50-95): 100%|â–ˆâ–ˆâ–ˆâ–ˆâ–ˆâ–ˆâ–ˆâ–ˆâ–ˆâ–ˆ| 16/16 [01:41<00:00,  6.36s/it]
                   all       1000       1871      0.804      0.739      0.811      0.637

      Epoch    GPU_mem   box_loss   cls_loss   dfl_loss  Instances       Size
     67/200         0G     0.9244     0.8091      1.182        140        640: 100%|â–ˆâ–ˆâ–ˆâ–ˆâ–ˆâ–ˆâ–ˆâ–ˆâ–ˆâ–ˆ| 125/125 [24:38<00:00, 11.82s/it]
                 Class     Images  Instances      Box(P          R      mAP50  mAP50-95): 100%|â–ˆâ–ˆâ–ˆâ–ˆâ–ˆâ–ˆâ–ˆâ–ˆâ–ˆâ–ˆ| 16/16 [01:42<00:00,  6.38s/it]
                   all       1000       1871      0.813      0.728      0.811      0.635

      Epoch    GPU_mem   box_loss   cls_loss   dfl_loss  Instances       Size
     68/200         0G     0.9278      0.808      1.183        157        640: 100%|â–ˆâ–ˆâ–ˆâ–ˆâ–ˆâ–ˆâ–ˆâ–ˆâ–ˆâ–ˆ| 125/125 [24:37<00:00, 11.82s/it]
                 Class     Images  Instances      Box(P          R      mAP50  mAP50-95): 100%|â–ˆâ–ˆâ–ˆâ–ˆâ–ˆâ–ˆâ–ˆâ–ˆâ–ˆâ–ˆ| 16/16 [01:41<00:00,  6.33s/it]
                   all       1000       1871      0.812      0.732      0.806      0.632

      Epoch    GPU_mem   box_loss   cls_loss   dfl_loss  Instances       Size
     69/200         0G     0.9096     0.7951      1.176        169        640: 100%|â–ˆâ–ˆâ–ˆâ–ˆâ–ˆâ–ˆâ–ˆâ–ˆâ–ˆâ–ˆ| 125/125 [24:41<00:00, 11.85s/it]
                 Class     Images  Instances      Box(P          R      mAP50  mAP50-95): 100%|â–ˆâ–ˆâ–ˆâ–ˆâ–ˆâ–ˆâ–ˆâ–ˆâ–ˆâ–ˆ| 16/16 [01:42<00:00,  6.39s/it]
                   all       1000       1871      0.824      0.721      0.812      0.635

      Epoch    GPU_mem   box_loss   cls_loss   dfl_loss  Instances       Size
     70/200         0G     0.9216     0.7942      1.176        178        640: 100%|â–ˆâ–ˆâ–ˆâ–ˆâ–ˆâ–ˆâ–ˆâ–ˆâ–ˆâ–ˆ| 125/125 [24:38<00:00, 11.83s/it]
                 Class     Images  Instances      Box(P          R      mAP50  mAP50-95): 100%|â–ˆâ–ˆâ–ˆâ–ˆâ–ˆâ–ˆâ–ˆâ–ˆâ–ˆâ–ˆ| 16/16 [01:41<00:00,  6.36s/it]
                   all       1000       1871       0.81      0.728      0.809      0.635

      Epoch    GPU_mem   box_loss   cls_loss   dfl_loss  Instances       Size
     71/200         0G     0.9213     0.7896      1.178        127        640: 100%|â–ˆâ–ˆâ–ˆâ–ˆâ–ˆâ–ˆâ–ˆâ–ˆâ–ˆâ–ˆ| 125/125 [22:12<00:00, 10.66s/it]
                 Class     Images  Instances      Box(P          R      mAP50  mAP50-95): 100%|â–ˆâ–ˆâ–ˆâ–ˆâ–ˆâ–ˆâ–ˆâ–ˆâ–ˆâ–ˆ| 16/16 [01:42<00:00,  6.41s/it]
                   all       1000       1871      0.817      0.728      0.805      0.637

      Epoch    GPU_mem   box_loss   cls_loss   dfl_loss  Instances       Size
     72/200         0G     0.9178     0.7875      1.173        182        640: 100%|â–ˆâ–ˆâ–ˆâ–ˆâ–ˆâ–ˆâ–ˆâ–ˆâ–ˆâ–ˆ| 125/125 [24:42<00:00, 11.86s/it]
                 Class     Images  Instances      Box(P          R      mAP50  mAP50-95): 100%|â–ˆâ–ˆâ–ˆâ–ˆâ–ˆâ–ˆâ–ˆâ–ˆâ–ˆâ–ˆ| 16/16 [01:42<00:00,  6.38s/it]
                   all       1000       1871      0.853      0.712      0.812      0.643

      Epoch    GPU_mem   box_loss   cls_loss   dfl_loss  Instances       Size
     73/200         0G     0.9077     0.7863      1.165        168        640: 100%|â–ˆâ–ˆâ–ˆâ–ˆâ–ˆâ–ˆâ–ˆâ–ˆâ–ˆâ–ˆ| 125/125 [24:20<00:00, 11.69s/it]
                 Class     Images  Instances      Box(P          R      mAP50  mAP50-95): 100%|â–ˆâ–ˆâ–ˆâ–ˆâ–ˆâ–ˆâ–ˆâ–ˆâ–ˆâ–ˆ| 16/16 [01:07<00:00,  4.23s/it]
                   all       1000       1871      0.834      0.704      0.811      0.641

      Epoch    GPU_mem   box_loss   cls_loss   dfl_loss  Instances       Size
     74/200         0G     0.9096     0.7841      1.172        155        640: 100%|â–ˆâ–ˆâ–ˆâ–ˆâ–ˆâ–ˆâ–ˆâ–ˆâ–ˆâ–ˆ| 125/125 [22:11<00:00, 10.65s/it]
                 Class     Images  Instances      Box(P          R      mAP50  mAP50-95): 100%|â–ˆâ–ˆâ–ˆâ–ˆâ–ˆâ–ˆâ–ˆâ–ˆâ–ˆâ–ˆ| 16/16 [01:06<00:00,  4.17s/it]
                   all       1000       1871      0.853      0.697      0.803      0.632

      Epoch    GPU_mem   box_loss   cls_loss   dfl_loss  Instances       Size
     75/200         0G     0.8929     0.7662      1.158        141        640: 100%|â–ˆâ–ˆâ–ˆâ–ˆâ–ˆâ–ˆâ–ˆâ–ˆâ–ˆâ–ˆ| 125/125 [23:33<00:00, 11.31s/it]
                 Class     Images  Instances      Box(P          R      mAP50  mAP50-95): 100%|â–ˆâ–ˆâ–ˆâ–ˆâ–ˆâ–ˆâ–ˆâ–ˆâ–ˆâ–ˆ| 16/16 [01:40<00:00,  6.29s/it]
                   all       1000       1871      0.826      0.726      0.816       0.64

      Epoch    GPU_mem   box_loss   cls_loss   dfl_loss  Instances       Size
     76/200         0G     0.9104     0.7802      1.169        164        640: 100%|â–ˆâ–ˆâ–ˆâ–ˆâ–ˆâ–ˆâ–ˆâ–ˆâ–ˆâ–ˆ| 125/125 [24:35<00:00, 11.80s/it]
                 Class     Images  Instances      Box(P          R      mAP50  mAP50-95): 100%|â–ˆâ–ˆâ–ˆâ–ˆâ–ˆâ–ˆâ–ˆâ–ˆâ–ˆâ–ˆ| 16/16 [01:40<00:00,  6.30s/it]
                   all       1000       1871      0.821      0.723      0.809      0.645

      Epoch    GPU_mem   box_loss   cls_loss   dfl_loss  Instances       Size
     77/200         0G      0.902     0.7713      1.165        197        640: 100%|â–ˆâ–ˆâ–ˆâ–ˆâ–ˆâ–ˆâ–ˆâ–ˆâ–ˆâ–ˆ| 125/125 [24:38<00:00, 11.82s/it]
                 Class     Images  Instances      Box(P          R      mAP50  mAP50-95): 100%|â–ˆâ–ˆâ–ˆâ–ˆâ–ˆâ–ˆâ–ˆâ–ˆâ–ˆâ–ˆ| 16/16 [01:42<00:00,  6.42s/it]
                   all       1000       1871      0.809      0.723       0.81      0.641

      Epoch    GPU_mem   box_loss   cls_loss   dfl_loss  Instances       Size
     78/200         0G     0.9091     0.7794      1.167        175        640: 100%|â–ˆâ–ˆâ–ˆâ–ˆâ–ˆâ–ˆâ–ˆâ–ˆâ–ˆâ–ˆ| 125/125 [24:31<00:00, 11.78s/it]
                 Class     Images  Instances      Box(P          R      mAP50  mAP50-95): 100%|â–ˆâ–ˆâ–ˆâ–ˆâ–ˆâ–ˆâ–ˆâ–ˆâ–ˆâ–ˆ| 16/16 [01:41<00:00,  6.32s/it]
                   all       1000       1871      0.815      0.732      0.813      0.645

      Epoch    GPU_mem   box_loss   cls_loss   dfl_loss  Instances       Size
     79/200         0G     0.8833     0.7558      1.156        140        640: 100%|â–ˆâ–ˆâ–ˆâ–ˆâ–ˆâ–ˆâ–ˆâ–ˆâ–ˆâ–ˆ| 125/125 [24:33<00:00, 11.79s/it]
                 Class     Images  Instances      Box(P          R      mAP50  mAP50-95): 100%|â–ˆâ–ˆâ–ˆâ–ˆâ–ˆâ–ˆâ–ˆâ–ˆâ–ˆâ–ˆ| 16/16 [01:41<00:00,  6.34s/it]
                   all       1000       1871      0.805      0.723      0.809      0.638

      Epoch    GPU_mem   box_loss   cls_loss   dfl_loss  Instances       Size
     80/200         0G     0.9076     0.7776      1.161        149        640: 100%|â–ˆâ–ˆâ–ˆâ–ˆâ–ˆâ–ˆâ–ˆâ–ˆâ–ˆâ–ˆ| 125/125 [24:33<00:00, 11.79s/it]
                 Class     Images  Instances      Box(P          R      mAP50  mAP50-95): 100%|â–ˆâ–ˆâ–ˆâ–ˆâ–ˆâ–ˆâ–ˆâ–ˆâ–ˆâ–ˆ| 16/16 [01:40<00:00,  6.27s/it]
                   all       1000       1871      0.802      0.741      0.813      0.646

      Epoch    GPU_mem   box_loss   cls_loss   dfl_loss  Instances       Size
     81/200         0G     0.8895     0.7508      1.154        157        640: 100%|â–ˆâ–ˆâ–ˆâ–ˆâ–ˆâ–ˆâ–ˆâ–ˆâ–ˆâ–ˆ| 125/125 [24:33<00:00, 11.79s/it]
                 Class     Images  Instances      Box(P          R      mAP50  mAP50-95): 100%|â–ˆâ–ˆâ–ˆâ–ˆâ–ˆâ–ˆâ–ˆâ–ˆâ–ˆâ–ˆ| 16/16 [01:42<00:00,  6.39s/it]
                   all       1000       1871      0.814      0.734      0.809      0.643

      Epoch    GPU_mem   box_loss   cls_loss   dfl_loss  Instances       Size
     82/200         0G     0.8989     0.7698      1.162        158        640: 100%|â–ˆâ–ˆâ–ˆâ–ˆâ–ˆâ–ˆâ–ˆâ–ˆâ–ˆâ–ˆ| 125/125 [24:30<00:00, 11.77s/it]
                 Class     Images  Instances      Box(P          R      mAP50  mAP50-95): 100%|â–ˆâ–ˆâ–ˆâ–ˆâ–ˆâ–ˆâ–ˆâ–ˆâ–ˆâ–ˆ| 16/16 [01:42<00:00,  6.39s/it]
                   all       1000       1871      0.834      0.724      0.818      0.643

      Epoch    GPU_mem   box_loss   cls_loss   dfl_loss  Instances       Size
     83/200         0G     0.8872      0.753      1.156        204        640: 100%|â–ˆâ–ˆâ–ˆâ–ˆâ–ˆâ–ˆâ–ˆâ–ˆâ–ˆâ–ˆ| 125/125 [24:28<00:00, 11.75s/it]
                 Class     Images  Instances      Box(P          R      mAP50  mAP50-95): 100%|â–ˆâ–ˆâ–ˆâ–ˆâ–ˆâ–ˆâ–ˆâ–ˆâ–ˆâ–ˆ| 16/16 [01:40<00:00,  6.27s/it]
                   all       1000       1871      0.832      0.731      0.819      0.644

      Epoch    GPU_mem   box_loss   cls_loss   dfl_loss  Instances       Size
     84/200         0G     0.9009     0.7615       1.16        163        640: 100%|â–ˆâ–ˆâ–ˆâ–ˆâ–ˆâ–ˆâ–ˆâ–ˆâ–ˆâ–ˆ| 125/125 [24:32<00:00, 11.78s/it]
                 Class     Images  Instances      Box(P          R      mAP50  mAP50-95): 100%|â–ˆâ–ˆâ–ˆâ–ˆâ–ˆâ–ˆâ–ˆâ–ˆâ–ˆâ–ˆ| 16/16 [01:41<00:00,  6.34s/it]
                   all       1000       1871      0.786      0.753      0.813      0.637

      Epoch    GPU_mem   box_loss   cls_loss   dfl_loss  Instances       Size
     85/200         0G     0.8843     0.7493      1.149        161        640: 100%|â–ˆâ–ˆâ–ˆâ–ˆâ–ˆâ–ˆâ–ˆâ–ˆâ–ˆâ–ˆ| 125/125 [24:57<00:00, 11.98s/it]
                 Class     Images  Instances      Box(P          R      mAP50  mAP50-95): 100%|â–ˆâ–ˆâ–ˆâ–ˆâ–ˆâ–ˆâ–ˆâ–ˆâ–ˆâ–ˆ| 16/16 [01:50<00:00,  6.92s/it]
                   all       1000       1871      0.836      0.711      0.815      0.645

      Epoch    GPU_mem   box_loss   cls_loss   dfl_loss  Instances       Size
     86/200         0G      0.887     0.7526       1.15        148        640: 100%|â–ˆâ–ˆâ–ˆâ–ˆâ–ˆâ–ˆâ–ˆâ–ˆâ–ˆâ–ˆ| 125/125 [24:38<00:00, 11.83s/it]
                 Class     Images  Instances      Box(P          R      mAP50  mAP50-95): 100%|â–ˆâ–ˆâ–ˆâ–ˆâ–ˆâ–ˆâ–ˆâ–ˆâ–ˆâ–ˆ| 16/16 [01:42<00:00,  6.38s/it]
                   all       1000       1871      0.816      0.735      0.815      0.642

      Epoch    GPU_mem   box_loss   cls_loss   dfl_loss  Instances       Size
     87/200         0G     0.8754     0.7389      1.144        160        640: 100%|â–ˆâ–ˆâ–ˆâ–ˆâ–ˆâ–ˆâ–ˆâ–ˆâ–ˆâ–ˆ| 125/125 [24:29<00:00, 11.76s/it]
                 Class     Images  Instances      Box(P          R      mAP50  mAP50-95): 100%|â–ˆâ–ˆâ–ˆâ–ˆâ–ˆâ–ˆâ–ˆâ–ˆâ–ˆâ–ˆ| 16/16 [01:39<00:00,  6.25s/it]
                   all       1000       1871      0.805      0.737      0.812      0.639

      Epoch    GPU_mem   box_loss   cls_loss   dfl_loss  Instances       Size
     88/200         0G     0.8888     0.7514      1.147        155        640: 100%|â–ˆâ–ˆâ–ˆâ–ˆâ–ˆâ–ˆâ–ˆâ–ˆâ–ˆâ–ˆ| 125/125 [24:30<00:00, 11.76s/it]
                 Class     Images  Instances      Box(P          R      mAP50  mAP50-95): 100%|â–ˆâ–ˆâ–ˆâ–ˆâ–ˆâ–ˆâ–ˆâ–ˆâ–ˆâ–ˆ| 16/16 [01:26<00:00,  5.39s/it]
                   all       1000       1871      0.849      0.712      0.815      0.648

      Epoch    GPU_mem   box_loss   cls_loss   dfl_loss  Instances       Size
     89/200         0G     0.8714     0.7397      1.137        118        640: 100%|â–ˆâ–ˆâ–ˆâ–ˆâ–ˆâ–ˆâ–ˆâ–ˆâ–ˆâ–ˆ| 125/125 [22:19<00:00, 10.72s/it]
                 Class     Images  Instances      Box(P          R      mAP50  mAP50-95): 100%|â–ˆâ–ˆâ–ˆâ–ˆâ–ˆâ–ˆâ–ˆâ–ˆâ–ˆâ–ˆ| 16/16 [01:43<00:00,  6.44s/it]
                   all       1000       1871      0.817      0.727      0.812      0.642

      Epoch    GPU_mem   box_loss   cls_loss   dfl_loss  Instances       Size
     90/200         0G     0.8648     0.7326      1.144        192        640: 100%|â–ˆâ–ˆâ–ˆâ–ˆâ–ˆâ–ˆâ–ˆâ–ˆâ–ˆâ–ˆ| 125/125 [24:33<00:00, 11.79s/it]
                 Class     Images  Instances      Box(P          R      mAP50  mAP50-95): 100%|â–ˆâ–ˆâ–ˆâ–ˆâ–ˆâ–ˆâ–ˆâ–ˆâ–ˆâ–ˆ| 16/16 [01:40<00:00,  6.30s/it]
                   all       1000       1871      0.816      0.729      0.813      0.642

      Epoch    GPU_mem   box_loss   cls_loss   dfl_loss  Instances       Size
     91/200         0G     0.8748     0.7316      1.144        177        640: 100%|â–ˆâ–ˆâ–ˆâ–ˆâ–ˆâ–ˆâ–ˆâ–ˆâ–ˆâ–ˆ| 125/125 [25:13<00:00, 12.10s/it]
                 Class     Images  Instances      Box(P          R      mAP50  mAP50-95): 100%|â–ˆâ–ˆâ–ˆâ–ˆâ–ˆâ–ˆâ–ˆâ–ˆâ–ˆâ–ˆ| 16/16 [01:50<00:00,  6.90s/it]
                   all       1000       1871      0.806      0.738       0.81      0.641

      Epoch    GPU_mem   box_loss   cls_loss   dfl_loss  Instances       Size
     92/200         0G     0.8777     0.7356      1.147        166        640: 100%|â–ˆâ–ˆâ–ˆâ–ˆâ–ˆâ–ˆâ–ˆâ–ˆâ–ˆâ–ˆ| 125/125 [24:52<00:00, 11.94s/it]
                 Class     Images  Instances      Box(P          R      mAP50  mAP50-95): 100%|â–ˆâ–ˆâ–ˆâ–ˆâ–ˆâ–ˆâ–ˆâ–ˆâ–ˆâ–ˆ| 16/16 [01:42<00:00,  6.39s/it]
                   all       1000       1871      0.833      0.725      0.807      0.644

      Epoch    GPU_mem   box_loss   cls_loss   dfl_loss  Instances       Size
     93/200         0G     0.8692     0.7396      1.143        142        640: 100%|â–ˆâ–ˆâ–ˆâ–ˆâ–ˆâ–ˆâ–ˆâ–ˆâ–ˆâ–ˆ| 125/125 [24:35<00:00, 11.80s/it]
                 Class     Images  Instances      Box(P          R      mAP50  mAP50-95): 100%|â–ˆâ–ˆâ–ˆâ–ˆâ–ˆâ–ˆâ–ˆâ–ˆâ–ˆâ–ˆ| 16/16 [01:41<00:00,  6.33s/it]
                   all       1000       1871      0.827      0.728      0.809      0.642

      Epoch    GPU_mem   box_loss   cls_loss   dfl_loss  Instances       Size
     94/200         0G     0.8631     0.7183      1.136        160        640: 100%|â–ˆâ–ˆâ–ˆâ–ˆâ–ˆâ–ˆâ–ˆâ–ˆâ–ˆâ–ˆ| 125/125 [24:32<00:00, 11.78s/it]
                 Class     Images  Instances      Box(P          R      mAP50  mAP50-95): 100%|â–ˆâ–ˆâ–ˆâ–ˆâ–ˆâ–ˆâ–ˆâ–ˆâ–ˆâ–ˆ| 16/16 [01:42<00:00,  6.40s/it]
                   all       1000       1871       0.82      0.715      0.811      0.643

      Epoch    GPU_mem   box_loss   cls_loss   dfl_loss  Instances       Size
     95/200         0G     0.8676     0.7258      1.139        137        640: 100%|â–ˆâ–ˆâ–ˆâ–ˆâ–ˆâ–ˆâ–ˆâ–ˆâ–ˆâ–ˆ| 125/125 [24:44<00:00, 11.87s/it]
                 Class     Images  Instances      Box(P          R      mAP50  mAP50-95): 100%|â–ˆâ–ˆâ–ˆâ–ˆâ–ˆâ–ˆâ–ˆâ–ˆâ–ˆâ–ˆ| 16/16 [01:41<00:00,  6.34s/it]
                   all       1000       1871       0.81      0.731       0.81      0.643

      Epoch    GPU_mem   box_loss   cls_loss   dfl_loss  Instances       Size
     96/200         0G     0.8651     0.7179       1.13        141        640: 100%|â–ˆâ–ˆâ–ˆâ–ˆâ–ˆâ–ˆâ–ˆâ–ˆâ–ˆâ–ˆ| 125/125 [24:47<00:00, 11.90s/it]
                 Class     Images  Instances      Box(P          R      mAP50  mAP50-95): 100%|â–ˆâ–ˆâ–ˆâ–ˆâ–ˆâ–ˆâ–ˆâ–ˆâ–ˆâ–ˆ| 16/16 [01:42<00:00,  6.39s/it]
                   all       1000       1871      0.794      0.753      0.811      0.641

      Epoch    GPU_mem   box_loss   cls_loss   dfl_loss  Instances       Size
     97/200         0G     0.8521      0.706      1.132        128        640: 100%|â–ˆâ–ˆâ–ˆâ–ˆâ–ˆâ–ˆâ–ˆâ–ˆâ–ˆâ–ˆ| 125/125 [24:36<00:00, 11.81s/it]
                 Class     Images  Instances      Box(P          R      mAP50  mAP50-95): 100%|â–ˆâ–ˆâ–ˆâ–ˆâ–ˆâ–ˆâ–ˆâ–ˆâ–ˆâ–ˆ| 16/16 [01:42<00:00,  6.38s/it]
                   all       1000       1871      0.824       0.72      0.812      0.644

      Epoch    GPU_mem   box_loss   cls_loss   dfl_loss  Instances       Size
     98/200         0G     0.8626     0.7251       1.14        158        640: 100%|â–ˆâ–ˆâ–ˆâ–ˆâ–ˆâ–ˆâ–ˆâ–ˆâ–ˆâ–ˆ| 125/125 [24:50<00:00, 11.92s/it]
                 Class     Images  Instances      Box(P          R      mAP50  mAP50-95): 100%|â–ˆâ–ˆâ–ˆâ–ˆâ–ˆâ–ˆâ–ˆâ–ˆâ–ˆâ–ˆ| 16/16 [01:41<00:00,  6.36s/it]
                   all       1000       1871      0.809      0.735      0.809      0.644

      Epoch    GPU_mem   box_loss   cls_loss   dfl_loss  Instances       Size
     99/200         0G     0.8553     0.7138      1.131        205        640: 100%|â–ˆâ–ˆâ–ˆâ–ˆâ–ˆâ–ˆâ–ˆâ–ˆâ–ˆâ–ˆ| 125/125 [24:39<00:00, 11.84s/it]
                 Class     Images  Instances      Box(P          R      mAP50  mAP50-95): 100%|â–ˆâ–ˆâ–ˆâ–ˆâ–ˆâ–ˆâ–ˆâ–ˆâ–ˆâ–ˆ| 16/16 [01:44<00:00,  6.51s/it]
                   all       1000       1871      0.796      0.745      0.812      0.647

      Epoch    GPU_mem   box_loss   cls_loss   dfl_loss  Instances       Size
    100/200         0G     0.8526     0.6981      1.125        137        640: 100%|â–ˆâ–ˆâ–ˆâ–ˆâ–ˆâ–ˆâ–ˆâ–ˆâ–ˆâ–ˆ| 125/125 [24:46<00:00, 11.89s/it]
                 Class     Images  Instances      Box(P          R      mAP50  mAP50-95): 100%|â–ˆâ–ˆâ–ˆâ–ˆâ–ˆâ–ˆâ–ˆâ–ˆâ–ˆâ–ˆ| 16/16 [01:41<00:00,  6.33s/it]
                   all       1000       1871      0.803      0.732       0.81      0.649

      Epoch    GPU_mem   box_loss   cls_loss   dfl_loss  Instances       Size
    101/200         0G     0.8558     0.6995       1.13        148        640: 100%|â–ˆâ–ˆâ–ˆâ–ˆâ–ˆâ–ˆâ–ˆâ–ˆâ–ˆâ–ˆ| 125/125 [24:40<00:00, 11.84s/it]
                 Class     Images  Instances      Box(P          R      mAP50  mAP50-95): 100%|â–ˆâ–ˆâ–ˆâ–ˆâ–ˆâ–ˆâ–ˆâ–ˆâ–ˆâ–ˆ| 16/16 [01:41<00:00,  6.31s/it]
                   all       1000       1871      0.815      0.711      0.806      0.637

      Epoch    GPU_mem   box_loss   cls_loss   dfl_loss  Instances       Size
    102/200         0G     0.8442     0.6946      1.125        157        640: 100%|â–ˆâ–ˆâ–ˆâ–ˆâ–ˆâ–ˆâ–ˆâ–ˆâ–ˆâ–ˆ| 125/125 [24:41<00:00, 11.85s/it]
                 Class     Images  Instances      Box(P          R      mAP50  mAP50-95): 100%|â–ˆâ–ˆâ–ˆâ–ˆâ–ˆâ–ˆâ–ˆâ–ˆâ–ˆâ–ˆ| 16/16 [01:43<00:00,  6.47s/it]
                   all       1000       1871      0.821      0.717       0.81      0.644

      Epoch    GPU_mem   box_loss   cls_loss   dfl_loss  Instances       Size
    103/200         0G     0.8492     0.6994      1.125        201        640: 100%|â–ˆâ–ˆâ–ˆâ–ˆâ–ˆâ–ˆâ–ˆâ–ˆâ–ˆâ–ˆ| 125/125 [24:40<00:00, 11.85s/it]
                 Class     Images  Instances      Box(P          R      mAP50  mAP50-95): 100%|â–ˆâ–ˆâ–ˆâ–ˆâ–ˆâ–ˆâ–ˆâ–ˆâ–ˆâ–ˆ| 16/16 [01:40<00:00,  6.26s/it]
                   all       1000       1871      0.813      0.713      0.804      0.641

      Epoch    GPU_mem   box_loss   cls_loss   dfl_loss  Instances       Size
    104/200         0G     0.8542     0.7023      1.122        152        640: 100%|â–ˆâ–ˆâ–ˆâ–ˆâ–ˆâ–ˆâ–ˆâ–ˆâ–ˆâ–ˆ| 125/125 [24:40<00:00, 11.85s/it]
                 Class     Images  Instances      Box(P          R      mAP50  mAP50-95): 100%|â–ˆâ–ˆâ–ˆâ–ˆâ–ˆâ–ˆâ–ˆâ–ˆâ–ˆâ–ˆ| 16/16 [01:43<00:00,  6.48s/it]
                   all       1000       1871      0.811      0.726      0.803      0.637

      Epoch    GPU_mem   box_loss   cls_loss   dfl_loss  Instances       Size
    105/200         0G     0.8488     0.7025      1.127        135        640: 100%|â–ˆâ–ˆâ–ˆâ–ˆâ–ˆâ–ˆâ–ˆâ–ˆâ–ˆâ–ˆ| 125/125 [24:41<00:00, 11.85s/it]
                 Class     Images  Instances      Box(P          R      mAP50  mAP50-95): 100%|â–ˆâ–ˆâ–ˆâ–ˆâ–ˆâ–ˆâ–ˆâ–ˆâ–ˆâ–ˆ| 16/16 [01:42<00:00,  6.40s/it]
                   all       1000       1871      0.831      0.724       0.81      0.647

      Epoch    GPU_mem   box_loss   cls_loss   dfl_loss  Instances       Size
    106/200         0G     0.8384     0.6847      1.119        114        640: 100%|â–ˆâ–ˆâ–ˆâ–ˆâ–ˆâ–ˆâ–ˆâ–ˆâ–ˆâ–ˆ| 125/125 [25:00<00:00, 12.00s/it]
                 Class     Images  Instances      Box(P          R      mAP50  mAP50-95): 100%|â–ˆâ–ˆâ–ˆâ–ˆâ–ˆâ–ˆâ–ˆâ–ˆâ–ˆâ–ˆ| 16/16 [01:43<00:00,  6.47s/it]
                   all       1000       1871      0.801      0.739       0.81      0.646

      Epoch    GPU_mem   box_loss   cls_loss   dfl_loss  Instances       Size
    107/200         0G     0.8374     0.6865      1.122        141        640: 100%|â–ˆâ–ˆâ–ˆâ–ˆâ–ˆâ–ˆâ–ˆâ–ˆâ–ˆâ–ˆ| 125/125 [24:35<00:00, 11.81s/it]
                 Class     Images  Instances      Box(P          R      mAP50  mAP50-95): 100%|â–ˆâ–ˆâ–ˆâ–ˆâ–ˆâ–ˆâ–ˆâ–ˆâ–ˆâ–ˆ| 16/16 [01:42<00:00,  6.43s/it]
                   all       1000       1871      0.824      0.724      0.808      0.648

      Epoch    GPU_mem   box_loss   cls_loss   dfl_loss  Instances       Size
    108/200         0G      0.838     0.6841      1.123        160        640: 100%|â–ˆâ–ˆâ–ˆâ–ˆâ–ˆâ–ˆâ–ˆâ–ˆâ–ˆâ–ˆ| 125/125 [24:34<00:00, 11.80s/it]
                 Class     Images  Instances      Box(P          R      mAP50  mAP50-95): 100%|â–ˆâ–ˆâ–ˆâ–ˆâ–ˆâ–ˆâ–ˆâ–ˆâ–ˆâ–ˆ| 16/16 [01:41<00:00,  6.32s/it]
                   all       1000       1871       0.82      0.718      0.801      0.637

      Epoch    GPU_mem   box_loss   cls_loss   dfl_loss  Instances       Size
    109/200         0G     0.8396     0.6813      1.124        176        640: 100%|â–ˆâ–ˆâ–ˆâ–ˆâ–ˆâ–ˆâ–ˆâ–ˆâ–ˆâ–ˆ| 125/125 [22:07<00:00, 10.62s/it]
                 Class     Images  Instances      Box(P          R      mAP50  mAP50-95): 100%|â–ˆâ–ˆâ–ˆâ–ˆâ–ˆâ–ˆâ–ˆâ–ˆâ–ˆâ–ˆ| 16/16 [01:40<00:00,  6.31s/it]
                   all       1000       1871      0.792      0.743      0.809      0.643

      Epoch    GPU_mem   box_loss   cls_loss   dfl_loss  Instances       Size
    110/200         0G     0.8351     0.6745      1.114        156        640: 100%|â–ˆâ–ˆâ–ˆâ–ˆâ–ˆâ–ˆâ–ˆâ–ˆâ–ˆâ–ˆ| 125/125 [24:38<00:00, 11.83s/it]
                 Class     Images  Instances      Box(P          R      mAP50  mAP50-95): 100%|â–ˆâ–ˆâ–ˆâ–ˆâ–ˆâ–ˆâ–ˆâ–ˆâ–ˆâ–ˆ| 16/16 [01:41<00:00,  6.36s/it]
                   all       1000       1871      0.825      0.716      0.807      0.643

      Epoch    GPU_mem   box_loss   cls_loss   dfl_loss  Instances       Size
    111/200         0G     0.8256     0.6779      1.119        155        640: 100%|â–ˆâ–ˆâ–ˆâ–ˆâ–ˆâ–ˆâ–ˆâ–ˆâ–ˆâ–ˆ| 125/125 [24:39<00:00, 11.83s/it]
                 Class     Images  Instances      Box(P          R      mAP50  mAP50-95): 100%|â–ˆâ–ˆâ–ˆâ–ˆâ–ˆâ–ˆâ–ˆâ–ˆâ–ˆâ–ˆ| 16/16 [01:41<00:00,  6.35s/it]
                   all       1000       1871      0.817      0.723      0.809      0.644

      Epoch    GPU_mem   box_loss   cls_loss   dfl_loss  Instances       Size
    112/200         0G     0.8296     0.6788       1.12        170        640: 100%|â–ˆâ–ˆâ–ˆâ–ˆâ–ˆâ–ˆâ–ˆâ–ˆâ–ˆâ–ˆ| 125/125 [24:50<00:00, 11.92s/it]
                 Class     Images  Instances      Box(P          R      mAP50  mAP50-95): 100%|â–ˆâ–ˆâ–ˆâ–ˆâ–ˆâ–ˆâ–ˆâ–ˆâ–ˆâ–ˆ| 16/16 [01:41<00:00,  6.35s/it]
                   all       1000       1871      0.828      0.717      0.807       0.64

      Epoch    GPU_mem   box_loss   cls_loss   dfl_loss  Instances       Size
    113/200         0G     0.8278     0.6664      1.112        150        640: 100%|â–ˆâ–ˆâ–ˆâ–ˆâ–ˆâ–ˆâ–ˆâ–ˆâ–ˆâ–ˆ| 125/125 [24:48<00:00, 11.91s/it]
                 Class     Images  Instances      Box(P          R      mAP50  mAP50-95): 100%|â–ˆâ–ˆâ–ˆâ–ˆâ–ˆâ–ˆâ–ˆâ–ˆâ–ˆâ–ˆ| 16/16 [01:43<00:00,  6.49s/it]
                   all       1000       1871      0.837      0.719      0.807      0.644

      Epoch    GPU_mem   box_loss   cls_loss   dfl_loss  Instances       Size
    114/200         0G     0.8269     0.6679      1.108        172        640: 100%|â–ˆâ–ˆâ–ˆâ–ˆâ–ˆâ–ˆâ–ˆâ–ˆâ–ˆâ–ˆ| 125/125 [24:58<00:00, 11.99s/it]
                 Class     Images  Instances      Box(P          R      mAP50  mAP50-95): 100%|â–ˆâ–ˆâ–ˆâ–ˆâ–ˆâ–ˆâ–ˆâ–ˆâ–ˆâ–ˆ| 16/16 [01:50<00:00,  6.91s/it]
                   all       1000       1871      0.827      0.725      0.805      0.644

      Epoch    GPU_mem   box_loss   cls_loss   dfl_loss  Instances       Size
    115/200         0G     0.8258     0.6655      1.113        167        640: 100%|â–ˆâ–ˆâ–ˆâ–ˆâ–ˆâ–ˆâ–ˆâ–ˆâ–ˆâ–ˆ| 125/125 [25:01<00:00, 12.01s/it]
                 Class     Images  Instances      Box(P          R      mAP50  mAP50-95): 100%|â–ˆâ–ˆâ–ˆâ–ˆâ–ˆâ–ˆâ–ˆâ–ˆâ–ˆâ–ˆ| 16/16 [01:07<00:00,  4.22s/it]
                   all       1000       1871      0.829      0.724       0.81      0.644

      Epoch    GPU_mem   box_loss   cls_loss   dfl_loss  Instances       Size
    116/200         0G       0.83      0.665      1.114        173        640: 100%|â–ˆâ–ˆâ–ˆâ–ˆâ–ˆâ–ˆâ–ˆâ–ˆâ–ˆâ–ˆ| 125/125 [23:01<00:00, 11.05s/it]
                 Class     Images  Instances      Box(P          R      mAP50  mAP50-95): 100%|â–ˆâ–ˆâ–ˆâ–ˆâ–ˆâ–ˆâ–ˆâ–ˆâ–ˆâ–ˆ| 16/16 [01:42<00:00,  6.40s/it]
                   all       1000       1871       0.84      0.711      0.811      0.645

      Epoch    GPU_mem   box_loss   cls_loss   dfl_loss  Instances       Size
    117/200         0G     0.8288     0.6626      1.115        186        640: 100%|â–ˆâ–ˆâ–ˆâ–ˆâ–ˆâ–ˆâ–ˆâ–ˆâ–ˆâ–ˆ| 125/125 [25:08<00:00, 12.06s/it]
                 Class     Images  Instances      Box(P          R      mAP50  mAP50-95): 100%|â–ˆâ–ˆâ–ˆâ–ˆâ–ˆâ–ˆâ–ˆâ–ˆâ–ˆâ–ˆ| 16/16 [01:43<00:00,  6.47s/it]
                   all       1000       1871      0.819       0.72      0.809      0.638

      Epoch    GPU_mem   box_loss   cls_loss   dfl_loss  Instances       Size
    118/200         0G     0.8175     0.6546      1.106        144        640: 100%|â–ˆâ–ˆâ–ˆâ–ˆâ–ˆâ–ˆâ–ˆâ–ˆâ–ˆâ–ˆ| 125/125 [24:59<00:00, 12.00s/it]
                 Class     Images  Instances      Box(P          R      mAP50  mAP50-95): 100%|â–ˆâ–ˆâ–ˆâ–ˆâ–ˆâ–ˆâ–ˆâ–ˆâ–ˆâ–ˆ| 16/16 [01:41<00:00,  6.35s/it]
                   all       1000       1871       0.82      0.717      0.808       0.64

      Epoch    GPU_mem   box_loss   cls_loss   dfl_loss  Instances       Size
    119/200         0G     0.8176     0.6468      1.104        173        640: 100%|â–ˆâ–ˆâ–ˆâ–ˆâ–ˆâ–ˆâ–ˆâ–ˆâ–ˆâ–ˆ| 125/125 [24:56<00:00, 11.97s/it]
                 Class     Images  Instances      Box(P          R      mAP50  mAP50-95): 100%|â–ˆâ–ˆâ–ˆâ–ˆâ–ˆâ–ˆâ–ˆâ–ˆâ–ˆâ–ˆ| 16/16 [01:42<00:00,  6.40s/it]
                   all       1000       1871      0.797      0.743      0.803       0.64

      Epoch    GPU_mem   box_loss   cls_loss   dfl_loss  Instances       Size
    120/200         0G     0.8166      0.651      1.102        135        640: 100%|â–ˆâ–ˆâ–ˆâ–ˆâ–ˆâ–ˆâ–ˆâ–ˆâ–ˆâ–ˆ| 125/125 [24:52<00:00, 11.94s/it]
                 Class     Images  Instances      Box(P          R      mAP50  mAP50-95): 100%|â–ˆâ–ˆâ–ˆâ–ˆâ–ˆâ–ˆâ–ˆâ–ˆâ–ˆâ–ˆ| 16/16 [01:43<00:00,  6.47s/it]
                   all       1000       1871      0.816      0.727      0.812      0.646

      Epoch    GPU_mem   box_loss   cls_loss   dfl_loss  Instances       Size
    121/200         0G     0.8117     0.6478      1.102        126        640: 100%|â–ˆâ–ˆâ–ˆâ–ˆâ–ˆâ–ˆâ–ˆâ–ˆâ–ˆâ–ˆ| 125/125 [24:51<00:00, 11.94s/it]
                 Class     Images  Instances      Box(P          R      mAP50  mAP50-95): 100%|â–ˆâ–ˆâ–ˆâ–ˆâ–ˆâ–ˆâ–ˆâ–ˆâ–ˆâ–ˆ| 16/16 [01:42<00:00,  6.38s/it]
                   all       1000       1871      0.804      0.735      0.807      0.642

      Epoch    GPU_mem   box_loss   cls_loss   dfl_loss  Instances       Size
    122/200         0G     0.8011     0.6391      1.097        161        640: 100%|â–ˆâ–ˆâ–ˆâ–ˆâ–ˆâ–ˆâ–ˆâ–ˆâ–ˆâ–ˆ| 125/125 [22:58<00:00, 11.02s/it]
                 Class     Images  Instances      Box(P          R      mAP50  mAP50-95): 100%|â–ˆâ–ˆâ–ˆâ–ˆâ–ˆâ–ˆâ–ˆâ–ˆâ–ˆâ–ˆ| 16/16 [01:17<00:00,  4.82s/it]
                   all       1000       1871      0.835      0.704      0.805      0.645

      Epoch    GPU_mem   box_loss   cls_loss   dfl_loss  Instances       Size
    123/200         0G     0.8093     0.6497      1.099        168        640: 100%|â–ˆâ–ˆâ–ˆâ–ˆâ–ˆâ–ˆâ–ˆâ–ˆâ–ˆâ–ˆ| 125/125 [24:51<00:00, 11.94s/it]
                 Class     Images  Instances      Box(P          R      mAP50  mAP50-95): 100%|â–ˆâ–ˆâ–ˆâ–ˆâ–ˆâ–ˆâ–ˆâ–ˆâ–ˆâ–ˆ| 16/16 [01:42<00:00,  6.39s/it]
                   all       1000       1871      0.809      0.725      0.808      0.646

      Epoch    GPU_mem   box_loss   cls_loss   dfl_loss  Instances       Size
    124/200         0G     0.8009     0.6387      1.095        172        640: 100%|â–ˆâ–ˆâ–ˆâ–ˆâ–ˆâ–ˆâ–ˆâ–ˆâ–ˆâ–ˆ| 125/125 [24:55<00:00, 11.97s/it]
                 Class     Images  Instances      Box(P          R      mAP50  mAP50-95): 100%|â–ˆâ–ˆâ–ˆâ–ˆâ–ˆâ–ˆâ–ˆâ–ˆâ–ˆâ–ˆ| 16/16 [01:42<00:00,  6.41s/it]
                   all       1000       1871      0.828      0.707       0.81      0.648

      Epoch    GPU_mem   box_loss   cls_loss   dfl_loss  Instances       Size
    125/200         0G     0.8025     0.6398      1.098        176        640: 100%|â–ˆâ–ˆâ–ˆâ–ˆâ–ˆâ–ˆâ–ˆâ–ˆâ–ˆâ–ˆ| 125/125 [24:50<00:00, 11.92s/it]
                 Class     Images  Instances      Box(P          R      mAP50  mAP50-95): 100%|â–ˆâ–ˆâ–ˆâ–ˆâ–ˆâ–ˆâ–ˆâ–ˆâ–ˆâ–ˆ| 16/16 [01:42<00:00,  6.41s/it]
                   all       1000       1871      0.815      0.717      0.807      0.645

      Epoch    GPU_mem   box_loss   cls_loss   dfl_loss  Instances       Size
    126/200         0G     0.7977     0.6368      1.091        181        640: 100%|â–ˆâ–ˆâ–ˆâ–ˆâ–ˆâ–ˆâ–ˆâ–ˆâ–ˆâ–ˆ| 125/125 [24:49<00:00, 11.92s/it]
                 Class     Images  Instances      Box(P          R      mAP50  mAP50-95): 100%|â–ˆâ–ˆâ–ˆâ–ˆâ–ˆâ–ˆâ–ˆâ–ˆâ–ˆâ–ˆ| 16/16 [01:28<00:00,  5.55s/it]
                   all       1000       1871      0.809       0.73      0.807      0.648

      Epoch    GPU_mem   box_loss   cls_loss   dfl_loss  Instances       Size
    127/200         0G     0.8098     0.6376      1.096        153        640: 100%|â–ˆâ–ˆâ–ˆâ–ˆâ–ˆâ–ˆâ–ˆâ–ˆâ–ˆâ–ˆ| 125/125 [22:35<00:00, 10.85s/it]
                 Class     Images  Instances      Box(P          R      mAP50  mAP50-95): 100%|â–ˆâ–ˆâ–ˆâ–ˆâ–ˆâ–ˆâ–ˆâ–ˆâ–ˆâ–ˆ| 16/16 [01:41<00:00,  6.37s/it]
                   all       1000       1871      0.803      0.728      0.802      0.639

      Epoch    GPU_mem   box_loss   cls_loss   dfl_loss  Instances       Size
    128/200         0G      0.803     0.6404      1.097        142        640: 100%|â–ˆâ–ˆâ–ˆâ–ˆâ–ˆâ–ˆâ–ˆâ–ˆâ–ˆâ–ˆ| 125/125 [24:47<00:00, 11.90s/it]
                 Class     Images  Instances      Box(P          R      mAP50  mAP50-95): 100%|â–ˆâ–ˆâ–ˆâ–ˆâ–ˆâ–ˆâ–ˆâ–ˆâ–ˆâ–ˆ| 16/16 [01:42<00:00,  6.41s/it]
                   all       1000       1871      0.847      0.696      0.808      0.647

      Epoch    GPU_mem   box_loss   cls_loss   dfl_loss  Instances       Size
    129/200         0G     0.7952     0.6307       1.09        153        640: 100%|â–ˆâ–ˆâ–ˆâ–ˆâ–ˆâ–ˆâ–ˆâ–ˆâ–ˆâ–ˆ| 125/125 [24:49<00:00, 11.92s/it]
                 Class     Images  Instances      Box(P          R      mAP50  mAP50-95): 100%|â–ˆâ–ˆâ–ˆâ–ˆâ–ˆâ–ˆâ–ˆâ–ˆâ–ˆâ–ˆ| 16/16 [01:43<00:00,  6.46s/it]
                   all       1000       1871      0.847        0.7      0.806      0.643

      Epoch    GPU_mem   box_loss   cls_loss   dfl_loss  Instances       Size
    130/200         0G     0.7935     0.6239      1.087        157        640: 100%|â–ˆâ–ˆâ–ˆâ–ˆâ–ˆâ–ˆâ–ˆâ–ˆâ–ˆâ–ˆ| 125/125 [24:49<00:00, 11.92s/it]
                 Class     Images  Instances      Box(P          R      mAP50  mAP50-95): 100%|â–ˆâ–ˆâ–ˆâ–ˆâ–ˆâ–ˆâ–ˆâ–ˆâ–ˆâ–ˆ| 16/16 [01:43<00:00,  6.48s/it]
                   all       1000       1871      0.819      0.718      0.805      0.645

      Epoch    GPU_mem   box_loss   cls_loss   dfl_loss  Instances       Size
    131/200         0G     0.7984     0.6348      1.096        223        640: 100%|â–ˆâ–ˆâ–ˆâ–ˆâ–ˆâ–ˆâ–ˆâ–ˆâ–ˆâ–ˆ| 125/125 [24:56<00:00, 11.97s/it]
                 Class     Images  Instances      Box(P          R      mAP50  mAP50-95): 100%|â–ˆâ–ˆâ–ˆâ–ˆâ–ˆâ–ˆâ–ˆâ–ˆâ–ˆâ–ˆ| 16/16 [01:44<00:00,  6.53s/it]
                   all       1000       1871      0.811      0.726      0.804      0.646

      Epoch    GPU_mem   box_loss   cls_loss   dfl_loss  Instances       Size
    132/200         0G     0.7967     0.6283      1.092        143        640: 100%|â–ˆâ–ˆâ–ˆâ–ˆâ–ˆâ–ˆâ–ˆâ–ˆâ–ˆâ–ˆ| 125/125 [24:54<00:00, 11.96s/it]
                 Class     Images  Instances      Box(P          R      mAP50  mAP50-95): 100%|â–ˆâ–ˆâ–ˆâ–ˆâ–ˆâ–ˆâ–ˆâ–ˆâ–ˆâ–ˆ| 16/16 [01:42<00:00,  6.39s/it]
                   all       1000       1871       0.82      0.724      0.805      0.647

      Epoch    GPU_mem   box_loss   cls_loss   dfl_loss  Instances       Size
    133/200         0G     0.7891     0.6161      1.084        132        640: 100%|â–ˆâ–ˆâ–ˆâ–ˆâ–ˆâ–ˆâ–ˆâ–ˆâ–ˆâ–ˆ| 125/125 [24:52<00:00, 11.94s/it]
                 Class     Images  Instances      Box(P          R      mAP50  mAP50-95): 100%|â–ˆâ–ˆâ–ˆâ–ˆâ–ˆâ–ˆâ–ˆâ–ˆâ–ˆâ–ˆ| 16/16 [01:42<00:00,  6.42s/it]
                   all       1000       1871       0.83      0.712      0.803      0.644

      Epoch    GPU_mem   box_loss   cls_loss   dfl_loss  Instances       Size
    134/200         0G     0.7913     0.6233      1.085        153        640: 100%|â–ˆâ–ˆâ–ˆâ–ˆâ–ˆâ–ˆâ–ˆâ–ˆâ–ˆâ–ˆ| 125/125 [24:49<00:00, 11.91s/it]
                 Class     Images  Instances      Box(P          R      mAP50  mAP50-95): 100%|â–ˆâ–ˆâ–ˆâ–ˆâ–ˆâ–ˆâ–ˆâ–ˆâ–ˆâ–ˆ| 16/16 [01:42<00:00,  6.42s/it]
                   all       1000       1871      0.815      0.719      0.804      0.642

      Epoch    GPU_mem   box_loss   cls_loss   dfl_loss  Instances       Size
    135/200         0G     0.7827     0.6182      1.085        116        640: 100%|â–ˆâ–ˆâ–ˆâ–ˆâ–ˆâ–ˆâ–ˆâ–ˆâ–ˆâ–ˆ| 125/125 [24:48<00:00, 11.90s/it]
                 Class     Images  Instances      Box(P          R      mAP50  mAP50-95): 100%|â–ˆâ–ˆâ–ˆâ–ˆâ–ˆâ–ˆâ–ˆâ–ˆâ–ˆâ–ˆ| 16/16 [01:41<00:00,  6.34s/it]
                   all       1000       1871      0.831      0.705      0.804      0.643

      Epoch    GPU_mem   box_loss   cls_loss   dfl_loss  Instances       Size
    136/200         0G     0.7818     0.6044      1.081        160        640: 100%|â–ˆâ–ˆâ–ˆâ–ˆâ–ˆâ–ˆâ–ˆâ–ˆâ–ˆâ–ˆ| 125/125 [24:40<00:00, 11.84s/it]
                 Class     Images  Instances      Box(P          R      mAP50  mAP50-95): 100%|â–ˆâ–ˆâ–ˆâ–ˆâ–ˆâ–ˆâ–ˆâ–ˆâ–ˆâ–ˆ| 16/16 [01:42<00:00,  6.38s/it]
                   all       1000       1871      0.842      0.698      0.804      0.644

      Epoch    GPU_mem   box_loss   cls_loss   dfl_loss  Instances       Size
    137/200         0G     0.7881     0.6216      1.086        152        640: 100%|â–ˆâ–ˆâ–ˆâ–ˆâ–ˆâ–ˆâ–ˆâ–ˆâ–ˆâ–ˆ| 125/125 [24:51<00:00, 11.93s/it]
                 Class     Images  Instances      Box(P          R      mAP50  mAP50-95): 100%|â–ˆâ–ˆâ–ˆâ–ˆâ–ˆâ–ˆâ–ˆâ–ˆâ–ˆâ–ˆ| 16/16 [01:44<00:00,  6.56s/it]
                   all       1000       1871      0.795      0.738      0.807      0.643

      Epoch    GPU_mem   box_loss   cls_loss   dfl_loss  Instances       Size
    138/200         0G     0.7829     0.6079      1.089        153        640: 100%|â–ˆâ–ˆâ–ˆâ–ˆâ–ˆâ–ˆâ–ˆâ–ˆâ–ˆâ–ˆ| 125/125 [26:05<00:00, 12.52s/it]
                 Class     Images  Instances      Box(P          R      mAP50  mAP50-95): 100%|â–ˆâ–ˆâ–ˆâ–ˆâ–ˆâ–ˆâ–ˆâ–ˆâ–ˆâ–ˆ| 16/16 [01:42<00:00,  6.41s/it]
                   all       1000       1871        0.8      0.739      0.807      0.645

      Epoch    GPU_mem   box_loss   cls_loss   dfl_loss  Instances       Size
    139/200         0G     0.7886     0.6106      1.082        170        640: 100%|â–ˆâ–ˆâ–ˆâ–ˆâ–ˆâ–ˆâ–ˆâ–ˆâ–ˆâ–ˆ| 125/125 [25:18<00:00, 12.15s/it]
                 Class     Images  Instances      Box(P          R      mAP50  mAP50-95): 100%|â–ˆâ–ˆâ–ˆâ–ˆâ–ˆâ–ˆâ–ˆâ–ˆâ–ˆâ–ˆ| 16/16 [01:41<00:00,  6.34s/it]
                   all       1000       1871      0.825      0.723      0.809      0.645

      Epoch    GPU_mem   box_loss   cls_loss   dfl_loss  Instances       Size
    140/200         0G     0.7763     0.6014      1.076        139        640: 100%|â–ˆâ–ˆâ–ˆâ–ˆâ–ˆâ–ˆâ–ˆâ–ˆâ–ˆâ–ˆ| 125/125 [25:11<00:00, 12.09s/it]
                 Class     Images  Instances      Box(P          R      mAP50  mAP50-95): 100%|â–ˆâ–ˆâ–ˆâ–ˆâ–ˆâ–ˆâ–ˆâ–ˆâ–ˆâ–ˆ| 16/16 [01:41<00:00,  6.32s/it]
                   all       1000       1871       0.82       0.73      0.807      0.643

      Epoch    GPU_mem   box_loss   cls_loss   dfl_loss  Instances       Size
    141/200         0G     0.7816     0.6094      1.082        168        640: 100%|â–ˆâ–ˆâ–ˆâ–ˆâ–ˆâ–ˆâ–ˆâ–ˆâ–ˆâ–ˆ| 125/125 [25:02<00:00, 12.02s/it]
                 Class     Images  Instances      Box(P          R      mAP50  mAP50-95): 100%|â–ˆâ–ˆâ–ˆâ–ˆâ–ˆâ–ˆâ–ˆâ–ˆâ–ˆâ–ˆ| 16/16 [01:40<00:00,  6.30s/it]
                   all       1000       1871      0.818      0.721      0.804      0.643

      Epoch    GPU_mem   box_loss   cls_loss   dfl_loss  Instances       Size
    142/200         0G     0.7783     0.6005      1.077        149        640: 100%|â–ˆâ–ˆâ–ˆâ–ˆâ–ˆâ–ˆâ–ˆâ–ˆâ–ˆâ–ˆ| 125/125 [25:07<00:00, 12.06s/it]
                 Class     Images  Instances      Box(P          R      mAP50  mAP50-95): 100%|â–ˆâ–ˆâ–ˆâ–ˆâ–ˆâ–ˆâ–ˆâ–ˆâ–ˆâ–ˆ| 16/16 [01:52<00:00,  7.01s/it]
                   all       1000       1871      0.834      0.707      0.806      0.645

      Epoch    GPU_mem   box_loss   cls_loss   dfl_loss  Instances       Size
    143/200         0G     0.7795     0.6046      1.079        175        640: 100%|â–ˆâ–ˆâ–ˆâ–ˆâ–ˆâ–ˆâ–ˆâ–ˆâ–ˆâ–ˆ| 125/125 [25:15<00:00, 12.12s/it]
                 Class     Images  Instances      Box(P          R      mAP50  mAP50-95): 100%|â–ˆâ–ˆâ–ˆâ–ˆâ–ˆâ–ˆâ–ˆâ–ˆâ–ˆâ–ˆ| 16/16 [01:46<00:00,  6.67s/it]
                   all       1000       1871      0.822      0.722      0.807      0.647

      Epoch    GPU_mem   box_loss   cls_loss   dfl_loss  Instances       Size
    144/200         0G     0.7741     0.6007      1.075        190        640: 100%|â–ˆâ–ˆâ–ˆâ–ˆâ–ˆâ–ˆâ–ˆâ–ˆâ–ˆâ–ˆ| 125/125 [24:51<00:00, 11.93s/it]
                 Class     Images  Instances      Box(P          R      mAP50  mAP50-95): 100%|â–ˆâ–ˆâ–ˆâ–ˆâ–ˆâ–ˆâ–ˆâ–ˆâ–ˆâ–ˆ| 16/16 [01:40<00:00,  6.29s/it]
                   all       1000       1871      0.828      0.709      0.803      0.644

      Epoch    GPU_mem   box_loss   cls_loss   dfl_loss  Instances       Size
    145/200         0G     0.7757     0.5981      1.079        156        640: 100%|â–ˆâ–ˆâ–ˆâ–ˆâ–ˆâ–ˆâ–ˆâ–ˆâ–ˆâ–ˆ| 125/125 [25:08<00:00, 12.07s/it]
                 Class     Images  Instances      Box(P          R      mAP50  mAP50-95): 100%|â–ˆâ–ˆâ–ˆâ–ˆâ–ˆâ–ˆâ–ˆâ–ˆâ–ˆâ–ˆ| 16/16 [01:42<00:00,  6.41s/it]
                   all       1000       1871      0.821      0.718      0.806      0.644

      Epoch    GPU_mem   box_loss   cls_loss   dfl_loss  Instances       Size
    146/200         0G     0.7736      0.593      1.076        221        640: 100%|â–ˆâ–ˆâ–ˆâ–ˆâ–ˆâ–ˆâ–ˆâ–ˆâ–ˆâ–ˆ| 125/125 [24:53<00:00, 11.95s/it]
                 Class     Images  Instances      Box(P          R      mAP50  mAP50-95): 100%|â–ˆâ–ˆâ–ˆâ–ˆâ–ˆâ–ˆâ–ˆâ–ˆâ–ˆâ–ˆ| 16/16 [01:41<00:00,  6.33s/it]
                   all       1000       1871      0.826      0.716        0.8      0.639

      Epoch    GPU_mem   box_loss   cls_loss   dfl_loss  Instances       Size
    147/200         0G     0.7664     0.5887      1.071        152        640: 100%|â–ˆâ–ˆâ–ˆâ–ˆâ–ˆâ–ˆâ–ˆâ–ˆâ–ˆâ–ˆ| 125/125 [24:50<00:00, 11.92s/it]
                 Class     Images  Instances      Box(P          R      mAP50  mAP50-95): 100%|â–ˆâ–ˆâ–ˆâ–ˆâ–ˆâ–ˆâ–ˆâ–ˆâ–ˆâ–ˆ| 16/16 [01:40<00:00,  6.30s/it]
                   all       1000       1871      0.836      0.703      0.798      0.638

      Epoch    GPU_mem   box_loss   cls_loss   dfl_loss  Instances       Size
    148/200         0G     0.7626     0.5868      1.068        153        640: 100%|â–ˆâ–ˆâ–ˆâ–ˆâ–ˆâ–ˆâ–ˆâ–ˆâ–ˆâ–ˆ| 125/125 [24:50<00:00, 11.93s/it]
                 Class     Images  Instances      Box(P          R      mAP50  mAP50-95): 100%|â–ˆâ–ˆâ–ˆâ–ˆâ–ˆâ–ˆâ–ˆâ–ˆâ–ˆâ–ˆ| 16/16 [01:42<00:00,  6.38s/it]
                   all       1000       1871      0.832      0.704        0.8      0.639

      Epoch    GPU_mem   box_loss   cls_loss   dfl_loss  Instances       Size
    149/200         0G     0.7683     0.5848      1.068        175        640: 100%|â–ˆâ–ˆâ–ˆâ–ˆâ–ˆâ–ˆâ–ˆâ–ˆâ–ˆâ–ˆ| 125/125 [24:52<00:00, 11.94s/it]
                 Class     Images  Instances      Box(P          R      mAP50  mAP50-95): 100%|â–ˆâ–ˆâ–ˆâ–ˆâ–ˆâ–ˆâ–ˆâ–ˆâ–ˆâ–ˆ| 16/16 [01:41<00:00,  6.36s/it]
                   all       1000       1871      0.803      0.725        0.8      0.638

      Epoch    GPU_mem   box_loss   cls_loss   dfl_loss  Instances       Size
    150/200         0G     0.7656     0.5835       1.07        137        640: 100%|â–ˆâ–ˆâ–ˆâ–ˆâ–ˆâ–ˆâ–ˆâ–ˆâ–ˆâ–ˆ| 125/125 [25:01<00:00, 12.01s/it]
                 Class     Images  Instances      Box(P          R      mAP50  mAP50-95): 100%|â–ˆâ–ˆâ–ˆâ–ˆâ–ˆâ–ˆâ–ˆâ–ˆâ–ˆâ–ˆ| 16/16 [01:41<00:00,  6.36s/it]
                   all       1000       1871      0.802      0.725        0.8      0.639

      Epoch    GPU_mem   box_loss   cls_loss   dfl_loss  Instances       Size
    151/200         0G     0.7584     0.5747      1.069        183        640: 100%|â–ˆâ–ˆâ–ˆâ–ˆâ–ˆâ–ˆâ–ˆâ–ˆâ–ˆâ–ˆ| 125/125 [24:59<00:00, 12.00s/it]
                 Class     Images  Instances      Box(P          R      mAP50  mAP50-95): 100%|â–ˆâ–ˆâ–ˆâ–ˆâ–ˆâ–ˆâ–ˆâ–ˆâ–ˆâ–ˆ| 16/16 [01:41<00:00,  6.36s/it]
                   all       1000       1871      0.812      0.716        0.8      0.639

      Epoch    GPU_mem   box_loss   cls_loss   dfl_loss  Instances       Size
    152/200         0G     0.7662     0.5815      1.069        147        640: 100%|â–ˆâ–ˆâ–ˆâ–ˆâ–ˆâ–ˆâ–ˆâ–ˆâ–ˆâ–ˆ| 125/125 [25:12<00:00, 12.10s/it]
                 Class     Images  Instances      Box(P          R      mAP50  mAP50-95): 100%|â–ˆâ–ˆâ–ˆâ–ˆâ–ˆâ–ˆâ–ˆâ–ˆâ–ˆâ–ˆ| 16/16 [01:51<00:00,  6.96s/it]
                   all       1000       1871      0.816      0.718      0.799      0.639

      Epoch    GPU_mem   box_loss   cls_loss   dfl_loss  Instances       Size
    153/200         0G     0.7563     0.5812      1.068        144        640: 100%|â–ˆâ–ˆâ–ˆâ–ˆâ–ˆâ–ˆâ–ˆâ–ˆâ–ˆâ–ˆ| 125/125 [25:04<00:00, 12.04s/it]
                 Class     Images  Instances      Box(P          R      mAP50  mAP50-95): 100%|â–ˆâ–ˆâ–ˆâ–ˆâ–ˆâ–ˆâ–ˆâ–ˆâ–ˆâ–ˆ| 16/16 [01:40<00:00,  6.30s/it]
                   all       1000       1871      0.817      0.714      0.798      0.638

      Epoch    GPU_mem   box_loss   cls_loss   dfl_loss  Instances       Size
    154/200         0G     0.7601     0.5768      1.065        139        640: 100%|â–ˆâ–ˆâ–ˆâ–ˆâ–ˆâ–ˆâ–ˆâ–ˆâ–ˆâ–ˆ| 125/125 [24:54<00:00, 11.96s/it]
                 Class     Images  Instances      Box(P          R      mAP50  mAP50-95): 100%|â–ˆâ–ˆâ–ˆâ–ˆâ–ˆâ–ˆâ–ˆâ–ˆâ–ˆâ–ˆ| 16/16 [01:42<00:00,  6.40s/it]
                   all       1000       1871       0.82      0.709      0.798      0.639

      Epoch    GPU_mem   box_loss   cls_loss   dfl_loss  Instances       Size
    155/200         0G     0.7539     0.5791      1.065        166        640: 100%|â–ˆâ–ˆâ–ˆâ–ˆâ–ˆâ–ˆâ–ˆâ–ˆâ–ˆâ–ˆ| 125/125 [24:55<00:00, 11.96s/it]
                 Class     Images  Instances      Box(P          R      mAP50  mAP50-95): 100%|â–ˆâ–ˆâ–ˆâ–ˆâ–ˆâ–ˆâ–ˆâ–ˆâ–ˆâ–ˆ| 16/16 [01:42<00:00,  6.41s/it]
                   all       1000       1871       0.81      0.721      0.799       0.64

      Epoch    GPU_mem   box_loss   cls_loss   dfl_loss  Instances       Size
    156/200         0G     0.7545     0.5774      1.064        175        640: 100%|â–ˆâ–ˆâ–ˆâ–ˆâ–ˆâ–ˆâ–ˆâ–ˆâ–ˆâ–ˆ| 125/125 [25:00<00:00, 12.00s/it]
                 Class     Images  Instances      Box(P          R      mAP50  mAP50-95): 100%|â–ˆâ–ˆâ–ˆâ–ˆâ–ˆâ–ˆâ–ˆâ–ˆâ–ˆâ–ˆ| 16/16 [01:41<00:00,  6.32s/it]
                   all       1000       1871      0.843      0.695      0.798      0.638

      Epoch    GPU_mem   box_loss   cls_loss   dfl_loss  Instances       Size
    157/200         0G     0.7525     0.5746       1.06        168        640: 100%|â–ˆâ–ˆâ–ˆâ–ˆâ–ˆâ–ˆâ–ˆâ–ˆâ–ˆâ–ˆ| 125/125 [24:57<00:00, 11.98s/it]
                 Class     Images  Instances      Box(P          R      mAP50  mAP50-95): 100%|â–ˆâ–ˆâ–ˆâ–ˆâ–ˆâ–ˆâ–ˆâ–ˆâ–ˆâ–ˆ| 16/16 [01:41<00:00,  6.34s/it]
                   all       1000       1871      0.808      0.719      0.795      0.636

      Epoch    GPU_mem   box_loss   cls_loss   dfl_loss  Instances       Size
    158/200         0G     0.7533     0.5706      1.067        140        640: 100%|â–ˆâ–ˆâ–ˆâ–ˆâ–ˆâ–ˆâ–ˆâ–ˆâ–ˆâ–ˆ| 125/125 [24:55<00:00, 11.96s/it]
                 Class     Images  Instances      Box(P          R      mAP50  mAP50-95): 100%|â–ˆâ–ˆâ–ˆâ–ˆâ–ˆâ–ˆâ–ˆâ–ˆâ–ˆâ–ˆ| 16/16 [01:42<00:00,  6.42s/it]
                   all       1000       1871      0.807      0.717      0.794      0.635

      Epoch    GPU_mem   box_loss   cls_loss   dfl_loss  Instances       Size
    159/200         0G     0.7407     0.5614      1.056        181        640: 100%|â–ˆâ–ˆâ–ˆâ–ˆâ–ˆâ–ˆâ–ˆâ–ˆâ–ˆâ–ˆ| 125/125 [25:03<00:00, 12.03s/it]
                 Class     Images  Instances      Box(P          R      mAP50  mAP50-95): 100%|â–ˆâ–ˆâ–ˆâ–ˆâ–ˆâ–ˆâ–ˆâ–ˆâ–ˆâ–ˆ| 16/16 [01:40<00:00,  6.26s/it]
                   all       1000       1871      0.815      0.712      0.796      0.636

      Epoch    GPU_mem   box_loss   cls_loss   dfl_loss  Instances       Size
    160/200         0G     0.7377      0.553      1.056        144        640: 100%|â–ˆâ–ˆâ–ˆâ–ˆâ–ˆâ–ˆâ–ˆâ–ˆâ–ˆâ–ˆ| 125/125 [25:09<00:00, 12.08s/it]
                 Class     Images  Instances      Box(P          R      mAP50  mAP50-95): 100%|â–ˆâ–ˆâ–ˆâ–ˆâ–ˆâ–ˆâ–ˆâ–ˆâ–ˆâ–ˆ| 16/16 [01:42<00:00,  6.40s/it]
                   all       1000       1871      0.811      0.726      0.797      0.636

      Epoch    GPU_mem   box_loss   cls_loss   dfl_loss  Instances       Size
    161/200         0G     0.7421     0.5614      1.059        168        640: 100%|â–ˆâ–ˆâ–ˆâ–ˆâ–ˆâ–ˆâ–ˆâ–ˆâ–ˆâ–ˆ| 125/125 [22:16<00:00, 10.69s/it]
                 Class     Images  Instances      Box(P          R      mAP50  mAP50-95): 100%|â–ˆâ–ˆâ–ˆâ–ˆâ–ˆâ–ˆâ–ˆâ–ˆâ–ˆâ–ˆ| 16/16 [01:41<00:00,  6.36s/it]
                   all       1000       1871      0.807      0.725      0.795      0.635

      Epoch    GPU_mem   box_loss   cls_loss   dfl_loss  Instances       Size
    162/200         0G     0.7409     0.5579      1.058        135        640: 100%|â–ˆâ–ˆâ–ˆâ–ˆâ–ˆâ–ˆâ–ˆâ–ˆâ–ˆâ–ˆ| 125/125 [24:51<00:00, 11.93s/it]
                 Class     Images  Instances      Box(P          R      mAP50  mAP50-95): 100%|â–ˆâ–ˆâ–ˆâ–ˆâ–ˆâ–ˆâ–ˆâ–ˆâ–ˆâ–ˆ| 16/16 [01:44<00:00,  6.53s/it]
                   all       1000       1871      0.809      0.723      0.796      0.633

      Epoch    GPU_mem   box_loss   cls_loss   dfl_loss  Instances       Size
    163/200         0G     0.7464     0.5581      1.059        173        640: 100%|â–ˆâ–ˆâ–ˆâ–ˆâ–ˆâ–ˆâ–ˆâ–ˆâ–ˆâ–ˆ| 125/125 [24:54<00:00, 11.96s/it]
                 Class     Images  Instances      Box(P          R      mAP50  mAP50-95): 100%|â–ˆâ–ˆâ–ˆâ–ˆâ–ˆâ–ˆâ–ˆâ–ˆâ–ˆâ–ˆ| 16/16 [01:41<00:00,  6.37s/it]
                   all       1000       1871       0.81      0.716      0.796      0.634

      Epoch    GPU_mem   box_loss   cls_loss   dfl_loss  Instances       Size
    164/200         0G     0.7434     0.5571      1.057        155        640: 100%|â–ˆâ–ˆâ–ˆâ–ˆâ–ˆâ–ˆâ–ˆâ–ˆâ–ˆâ–ˆ| 125/125 [24:51<00:00, 11.94s/it]
                 Class     Images  Instances      Box(P          R      mAP50  mAP50-95): 100%|â–ˆâ–ˆâ–ˆâ–ˆâ–ˆâ–ˆâ–ˆâ–ˆâ–ˆâ–ˆ| 16/16 [01:41<00:00,  6.37s/it]
                   all       1000       1871      0.823      0.705      0.795      0.635

      Epoch    GPU_mem   box_loss   cls_loss   dfl_loss  Instances       Size
    165/200         0G     0.7424     0.5544      1.056        184        640: 100%|â–ˆâ–ˆâ–ˆâ–ˆâ–ˆâ–ˆâ–ˆâ–ˆâ–ˆâ–ˆ| 125/125 [24:51<00:00, 11.93s/it]
                 Class     Images  Instances      Box(P          R      mAP50  mAP50-95): 100%|â–ˆâ–ˆâ–ˆâ–ˆâ–ˆâ–ˆâ–ˆâ–ˆâ–ˆâ–ˆ| 16/16 [01:43<00:00,  6.47s/it]
                   all       1000       1871        0.8      0.725      0.795      0.636

      Epoch    GPU_mem   box_loss   cls_loss   dfl_loss  Instances       Size
    166/200         0G     0.7262     0.5452      1.052        138        640: 100%|â–ˆâ–ˆâ–ˆâ–ˆâ–ˆâ–ˆâ–ˆâ–ˆâ–ˆâ–ˆ| 125/125 [24:45<00:00, 11.88s/it]
                 Class     Images  Instances      Box(P          R      mAP50  mAP50-95): 100%|â–ˆâ–ˆâ–ˆâ–ˆâ–ˆâ–ˆâ–ˆâ–ˆâ–ˆâ–ˆ| 16/16 [01:43<00:00,  6.47s/it]
                   all       1000       1871      0.801      0.724      0.794      0.638

      Epoch    GPU_mem   box_loss   cls_loss   dfl_loss  Instances       Size
    167/200         0G      0.737      0.552      1.053        166        640: 100%|â–ˆâ–ˆâ–ˆâ–ˆâ–ˆâ–ˆâ–ˆâ–ˆâ–ˆâ–ˆ| 125/125 [24:47<00:00, 11.90s/it]
                 Class     Images  Instances      Box(P          R      mAP50  mAP50-95): 100%|â–ˆâ–ˆâ–ˆâ–ˆâ–ˆâ–ˆâ–ˆâ–ˆâ–ˆâ–ˆ| 16/16 [01:43<00:00,  6.44s/it]
                   all       1000       1871      0.806      0.718      0.795      0.638

      Epoch    GPU_mem   box_loss   cls_loss   dfl_loss  Instances       Size
    168/200         0G     0.7304     0.5427      1.049        172        640: 100%|â–ˆâ–ˆâ–ˆâ–ˆâ–ˆâ–ˆâ–ˆâ–ˆâ–ˆâ–ˆ| 125/125 [24:51<00:00, 11.94s/it]
                 Class     Images  Instances      Box(P          R      mAP50  mAP50-95): 100%|â–ˆâ–ˆâ–ˆâ–ˆâ–ˆâ–ˆâ–ˆâ–ˆâ–ˆâ–ˆ| 16/16 [01:41<00:00,  6.32s/it]
                   all       1000       1871      0.806       0.72      0.795      0.639

      Epoch    GPU_mem   box_loss   cls_loss   dfl_loss  Instances       Size
    169/200         0G     0.7367     0.5507      1.047        158        640: 100%|â–ˆâ–ˆâ–ˆâ–ˆâ–ˆâ–ˆâ–ˆâ–ˆâ–ˆâ–ˆ| 125/125 [24:56<00:00, 11.97s/it]
                 Class     Images  Instances      Box(P          R      mAP50  mAP50-95): 100%|â–ˆâ–ˆâ–ˆâ–ˆâ–ˆâ–ˆâ–ˆâ–ˆâ–ˆâ–ˆ| 16/16 [01:42<00:00,  6.39s/it]
                   all       1000       1871      0.802      0.723      0.795      0.637

      Epoch    GPU_mem   box_loss   cls_loss   dfl_loss  Instances       Size
    170/200         0G     0.7273     0.5452      1.048        165        640: 100%|â–ˆâ–ˆâ–ˆâ–ˆâ–ˆâ–ˆâ–ˆâ–ˆâ–ˆâ–ˆ| 125/125 [24:55<00:00, 11.96s/it]
                 Class     Images  Instances      Box(P          R      mAP50  mAP50-95): 100%|â–ˆâ–ˆâ–ˆâ–ˆâ–ˆâ–ˆâ–ˆâ–ˆâ–ˆâ–ˆ| 16/16 [01:43<00:00,  6.49s/it]
                   all       1000       1871      0.801      0.725      0.795      0.637

      Epoch    GPU_mem   box_loss   cls_loss   dfl_loss  Instances       Size
    171/200         0G     0.7315     0.5423      1.048        199        640: 100%|â–ˆâ–ˆâ–ˆâ–ˆâ–ˆâ–ˆâ–ˆâ–ˆâ–ˆâ–ˆ| 125/125 [25:25<00:00, 12.20s/it]
                 Class     Images  Instances      Box(P          R      mAP50  mAP50-95): 100%|â–ˆâ–ˆâ–ˆâ–ˆâ–ˆâ–ˆâ–ˆâ–ˆâ–ˆâ–ˆ| 16/16 [01:55<00:00,  7.20s/it]
                   all       1000       1871       0.81      0.715      0.795      0.637

      Epoch    GPU_mem   box_loss   cls_loss   dfl_loss  Instances       Size
    172/200         0G      0.718      0.538       1.04        150        640: 100%|â–ˆâ–ˆâ–ˆâ–ˆâ–ˆâ–ˆâ–ˆâ–ˆâ–ˆâ–ˆ| 125/125 [25:04<00:00, 12.03s/it]
                 Class     Images  Instances      Box(P          R      mAP50  mAP50-95): 100%|â–ˆâ–ˆâ–ˆâ–ˆâ–ˆâ–ˆâ–ˆâ–ˆâ–ˆâ–ˆ| 16/16 [01:44<00:00,  6.50s/it]
                   all       1000       1871       0.81      0.717      0.795      0.636

      Epoch    GPU_mem   box_loss   cls_loss   dfl_loss  Instances       Size
    173/200         0G     0.7284     0.5412      1.049        171        640: 100%|â–ˆâ–ˆâ–ˆâ–ˆâ–ˆâ–ˆâ–ˆâ–ˆâ–ˆâ–ˆ| 125/125 [24:49<00:00, 11.92s/it]
                 Class     Images  Instances      Box(P          R      mAP50  mAP50-95): 100%|â–ˆâ–ˆâ–ˆâ–ˆâ–ˆâ–ˆâ–ˆâ–ˆâ–ˆâ–ˆ| 16/16 [01:41<00:00,  6.31s/it]
                   all       1000       1871       0.84      0.695      0.794      0.634

      Epoch    GPU_mem   box_loss   cls_loss   dfl_loss  Instances       Size
    174/200         0G     0.7287     0.5375      1.049        173        640: 100%|â–ˆâ–ˆâ–ˆâ–ˆâ–ˆâ–ˆâ–ˆâ–ˆâ–ˆâ–ˆ| 125/125 [24:50<00:00, 11.92s/it]
                 Class     Images  Instances      Box(P          R      mAP50  mAP50-95): 100%|â–ˆâ–ˆâ–ˆâ–ˆâ–ˆâ–ˆâ–ˆâ–ˆâ–ˆâ–ˆ| 16/16 [01:43<00:00,  6.47s/it]
                   all       1000       1871      0.784      0.733      0.794      0.634

      Epoch    GPU_mem   box_loss   cls_loss   dfl_loss  Instances       Size
    175/200         0G     0.7257      0.535      1.048        185        640: 100%|â–ˆâ–ˆâ–ˆâ–ˆâ–ˆâ–ˆâ–ˆâ–ˆâ–ˆâ–ˆ| 125/125 [24:47<00:00, 11.90s/it]
                 Class     Images  Instances      Box(P          R      mAP50  mAP50-95): 100%|â–ˆâ–ˆâ–ˆâ–ˆâ–ˆâ–ˆâ–ˆâ–ˆâ–ˆâ–ˆ| 16/16 [01:44<00:00,  6.53s/it]
                   all       1000       1871      0.821      0.706      0.794      0.633

      Epoch    GPU_mem   box_loss   cls_loss   dfl_loss  Instances       Size
    176/200         0G     0.7187     0.5293      1.043        141        640: 100%|â–ˆâ–ˆâ–ˆâ–ˆâ–ˆâ–ˆâ–ˆâ–ˆâ–ˆâ–ˆ| 125/125 [24:46<00:00, 11.89s/it]
                 Class     Images  Instances      Box(P          R      mAP50  mAP50-95): 100%|â–ˆâ–ˆâ–ˆâ–ˆâ–ˆâ–ˆâ–ˆâ–ˆâ–ˆâ–ˆ| 16/16 [01:43<00:00,  6.45s/it]
                   all       1000       1871      0.811      0.711      0.793      0.634

      Epoch    GPU_mem   box_loss   cls_loss   dfl_loss  Instances       Size
    177/200         0G     0.7195     0.5286      1.039        137        640: 100%|â–ˆâ–ˆâ–ˆâ–ˆâ–ˆâ–ˆâ–ˆâ–ˆâ–ˆâ–ˆ| 125/125 [24:47<00:00, 11.90s/it]
                 Class     Images  Instances      Box(P          R      mAP50  mAP50-95): 100%|â–ˆâ–ˆâ–ˆâ–ˆâ–ˆâ–ˆâ–ˆâ–ˆâ–ˆâ–ˆ| 16/16 [01:42<00:00,  6.40s/it]
                   all       1000       1871      0.827      0.701      0.793      0.634

      Epoch    GPU_mem   box_loss   cls_loss   dfl_loss  Instances       Size
    178/200         0G     0.7081     0.5231      1.037        197        640: 100%|â–ˆâ–ˆâ–ˆâ–ˆâ–ˆâ–ˆâ–ˆâ–ˆâ–ˆâ–ˆ| 125/125 [24:46<00:00, 11.89s/it]
                 Class     Images  Instances      Box(P          R      mAP50  mAP50-95): 100%|â–ˆâ–ˆâ–ˆâ–ˆâ–ˆâ–ˆâ–ˆâ–ˆâ–ˆâ–ˆ| 16/16 [01:41<00:00,  6.34s/it]
                   all       1000       1871      0.827      0.708      0.792      0.634

      Epoch    GPU_mem   box_loss   cls_loss   dfl_loss  Instances       Size
    179/200         0G     0.7092     0.5236      1.038        130        640: 100%|â–ˆâ–ˆâ–ˆâ–ˆâ–ˆâ–ˆâ–ˆâ–ˆâ–ˆâ–ˆ| 125/125 [24:44<00:00, 11.88s/it]
                 Class     Images  Instances      Box(P          R      mAP50  mAP50-95): 100%|â–ˆâ–ˆâ–ˆâ–ˆâ–ˆâ–ˆâ–ˆâ–ˆâ–ˆâ–ˆ| 16/16 [01:42<00:00,  6.39s/it]
                   all       1000       1871      0.827      0.702      0.792      0.634

      Epoch    GPU_mem   box_loss   cls_loss   dfl_loss  Instances       Size
    180/200         0G     0.7079     0.5241      1.038        158        640: 100%|â–ˆâ–ˆâ–ˆâ–ˆâ–ˆâ–ˆâ–ˆâ–ˆâ–ˆâ–ˆ| 125/125 [24:45<00:00, 11.88s/it]
                 Class     Images  Instances      Box(P          R      mAP50  mAP50-95): 100%|â–ˆâ–ˆâ–ˆâ–ˆâ–ˆâ–ˆâ–ˆâ–ˆâ–ˆâ–ˆ| 16/16 [01:41<00:00,  6.36s/it]
                   all       1000       1871      0.827      0.703      0.792      0.633

      Epoch    GPU_mem   box_loss   cls_loss   dfl_loss  Instances       Size
    181/200         0G     0.7024     0.5187      1.039        165        640: 100%|â–ˆâ–ˆâ–ˆâ–ˆâ–ˆâ–ˆâ–ˆâ–ˆâ–ˆâ–ˆ| 125/125 [24:38<00:00, 11.83s/it]
                 Class     Images  Instances      Box(P          R      mAP50  mAP50-95): 100%|â–ˆâ–ˆâ–ˆâ–ˆâ–ˆâ–ˆâ–ˆâ–ˆâ–ˆâ–ˆ| 16/16 [01:41<00:00,  6.33s/it]
                   all       1000       1871      0.831      0.702      0.792      0.633

      Epoch    GPU_mem   box_loss   cls_loss   dfl_loss  Instances       Size
    182/200         0G     0.7055     0.5256      1.039        153        640: 100%|â–ˆâ–ˆâ–ˆâ–ˆâ–ˆâ–ˆâ–ˆâ–ˆâ–ˆâ–ˆ| 125/125 [24:41<00:00, 11.85s/it]
                 Class     Images  Instances      Box(P          R      mAP50  mAP50-95): 100%|â–ˆâ–ˆâ–ˆâ–ˆâ–ˆâ–ˆâ–ˆâ–ˆâ–ˆâ–ˆ| 16/16 [01:43<00:00,  6.44s/it]
                   all       1000       1871      0.829      0.706      0.793      0.634

      Epoch    GPU_mem   box_loss   cls_loss   dfl_loss  Instances       Size
    183/200         0G     0.7028     0.5218      1.035        183        640: 100%|â–ˆâ–ˆâ–ˆâ–ˆâ–ˆâ–ˆâ–ˆâ–ˆâ–ˆâ–ˆ| 125/125 [24:39<00:00, 11.83s/it]
                 Class     Images  Instances      Box(P          R      mAP50  mAP50-95): 100%|â–ˆâ–ˆâ–ˆâ–ˆâ–ˆâ–ˆâ–ˆâ–ˆâ–ˆâ–ˆ| 16/16 [01:42<00:00,  6.40s/it]
                   all       1000       1871      0.824      0.707      0.794      0.635

      Epoch    GPU_mem   box_loss   cls_loss   dfl_loss  Instances       Size
    184/200         0G     0.6927     0.5108      1.034        153        640: 100%|â–ˆâ–ˆâ–ˆâ–ˆâ–ˆâ–ˆâ–ˆâ–ˆâ–ˆâ–ˆ| 125/125 [24:43<00:00, 11.87s/it]
                 Class     Images  Instances      Box(P          R      mAP50  mAP50-95): 100%|â–ˆâ–ˆâ–ˆâ–ˆâ–ˆâ–ˆâ–ˆâ–ˆâ–ˆâ–ˆ| 16/16 [01:40<00:00,  6.31s/it]
                   all       1000       1871      0.819      0.707      0.793      0.635

      Epoch    GPU_mem   box_loss   cls_loss   dfl_loss  Instances       Size
    185/200         0G     0.7074     0.5208      1.041        158        640: 100%|â–ˆâ–ˆâ–ˆâ–ˆâ–ˆâ–ˆâ–ˆâ–ˆâ–ˆâ–ˆ| 125/125 [24:40<00:00, 11.85s/it]
                 Class     Images  Instances      Box(P          R      mAP50  mAP50-95): 100%|â–ˆâ–ˆâ–ˆâ–ˆâ–ˆâ–ˆâ–ˆâ–ˆâ–ˆâ–ˆ| 16/16 [01:42<00:00,  6.39s/it]
                   all       1000       1871      0.808      0.714      0.793      0.635

      Epoch    GPU_mem   box_loss   cls_loss   dfl_loss  Instances       Size
    186/200         0G     0.7073     0.5163      1.034        179        640: 100%|â–ˆâ–ˆâ–ˆâ–ˆâ–ˆâ–ˆâ–ˆâ–ˆâ–ˆâ–ˆ| 125/125 [24:42<00:00, 11.86s/it]
                 Class     Images  Instances      Box(P          R      mAP50  mAP50-95): 100%|â–ˆâ–ˆâ–ˆâ–ˆâ–ˆâ–ˆâ–ˆâ–ˆâ–ˆâ–ˆ| 16/16 [01:40<00:00,  6.27s/it]
                   all       1000       1871      0.807      0.717      0.793      0.635

      Epoch    GPU_mem   box_loss   cls_loss   dfl_loss  Instances       Size
    187/200         0G     0.7022     0.5141      1.033        128        640: 100%|â–ˆâ–ˆâ–ˆâ–ˆâ–ˆâ–ˆâ–ˆâ–ˆâ–ˆâ–ˆ| 125/125 [24:40<00:00, 11.85s/it]
                 Class     Images  Instances      Box(P          R      mAP50  mAP50-95): 100%|â–ˆâ–ˆâ–ˆâ–ˆâ–ˆâ–ˆâ–ˆâ–ˆâ–ˆâ–ˆ| 16/16 [01:41<00:00,  6.37s/it]
                   all       1000       1871      0.821      0.703      0.793      0.634

      Epoch    GPU_mem   box_loss   cls_loss   dfl_loss  Instances       Size
    188/200         0G      0.701     0.5139      1.035        122        640: 100%|â–ˆâ–ˆâ–ˆâ–ˆâ–ˆâ–ˆâ–ˆâ–ˆâ–ˆâ–ˆ| 125/125 [24:45<00:00, 11.89s/it]
                 Class     Images  Instances      Box(P          R      mAP50  mAP50-95): 100%|â–ˆâ–ˆâ–ˆâ–ˆâ–ˆâ–ˆâ–ˆâ–ˆâ–ˆâ–ˆ| 16/16 [01:40<00:00,  6.30s/it]
                   all       1000       1871      0.826      0.702      0.793      0.634
EarlyStopping: Training stopped early as no improvement observed in last 100 epochs. Best results observed at epoch 88, best model saved as best.pt.
To update EarlyStopping(patience=100) pass a new patience value, i.e. `patience=300` or use `patience=0` to disable EarlyStopping.

188 epochs completed in 84.359 hours.
Optimizer stripped from runs\train4\weights\last.pt, 6.3MB
Optimizer stripped from runs\train4\weights\best.pt, 6.3MB

Validating runs\train4\weights\best.pt...
Ultralytics 8.3.66 ðŸš€ Python-3.12.1 torch-2.6.0+cu126 CPU (Intel Core(TM) i9-9980HK 2.40GHz)
Model summary (fused): 168 layers, 3,005,843 parameters, 0 gradients, 8.1 GFLOPs
                 Class     Images  Instances      Box(P          R      mAP50  mAP50-95): 100%|â–ˆâ–ˆâ–ˆâ–ˆâ–ˆâ–ˆâ–ˆâ–ˆâ–ˆâ–ˆ| 16/16 [01:22<00:00,  5.14s/it]
                   all       1000       1871      0.849      0.711      0.815      0.648
Speed: 2.0ms preprocess, 71.6ms inference, 0.0ms loss, 0.5ms postprocess per image
Results saved to runs\train4